#
# A fatal error has been detected by the Java Runtime Environment:
#
#  EXCEPTION_ACCESS_VIOLATION (0xc0000005) at pc=0x00000000554f6897, pid=6760, tid=1420
#
# JRE version: Java(TM) SE Runtime Environment (8.0_73-b02) (build 1.8.0_73-b02)
# Java VM: Java HotSpot(TM) 64-Bit Server VM (25.73-b02 mixed mode windows-amd64 compressed oops)
# Problematic frame:
# V  [jvm.dll+0x496897]
#
# Failed to write core dump. Minidumps are not enabled by default on client versions of Windows
#
# If you would like to submit a bug report, please visit:
#   http://bugreport.java.com/bugreport/crash.jsp
#

---------------  T H R E A D  ---------------

Current thread (0x0000000016371000):  JavaThread "C2 CompilerThread0" daemon [_thread_in_native, id=1420, stack(0x0000000017950000,0x0000000017a50000)]

siginfo: ExceptionCode=0xc0000005, reading address 0xffffffffffffffff

Registers:
RAX=0x008d00001b527ad0, RBX=0x00000000000001cf, RCX=0x0000000000000001, RDX=0x000000001fe43ca0
RSP=0x0000000017a4bfc0, RBP=0x000000000000cb00, RSI=0x00000000000001d0, RDI=0x000000001fd6ec60
R8 =0x0000000000000030, R9 =0x000000000000ca90, R10=0x0000000017a4c330, R11=0x0000000017a4c020
R12=0x000000001fe43ca0, R13=0x0000000017a4c620, R14=0x0000000055060000, R15=0x0000000055870d38
RIP=0x00000000554f6897, EFLAGS=0x0000000000010203

Top of Stack: (sp=0x0000000017a4bfc0)
0x0000000017a4bfc0:   0000000000000bbe 0000000000000003
0x0000000017a4bfd0:   000000000000cb00 00000000000001d0
0x0000000017a4bfe0:   000001d400000002 0000000000000007
0x0000000017a4bff0:   000000001fba3f20 0000000000000002
0x0000000017a4c000:   000000001fba4330 0000000000000018
0x0000000017a4c010:   0000000017a4c1a0 0000000055531014
0x0000000017a4c020:   0000000000000002 0000000019748490
0x0000000017a4c030:   000000001944c3f0 0000000017a4c620
0x0000000017a4c040:   0000000017a4c620 00000000554f7d78
0x0000000017a4c050:   000000000000cb00 000000001fe507d8
0x0000000017a4c060:   0000000017a4c150 000000001fe50ae8
0x0000000017a4c070:   0000000d00000000 000007fe00000022
0x0000000017a4c080:   0000000019748490 000001d000000002
0x0000000017a4c090:   000000e700000021 000000000000000c
0x0000000017a4c0a0:   0000000000000000 0000000000000000
0x0000000017a4c0b0:   0000000000000000 0000000000000000 

Instructions: (pc=0x00000000554f6897)
0x00000000554f6877:   8b de 48 8d 3c 80 48 c1 e7 05 49 03 7a 10 85 db
0x00000000554f6887:   0f 84 f3 fe ff ff 48 8b 47 08 8b cb 48 c1 e9 08
0x00000000554f6897:   4c 8b 0c c8 4d 3b cf 75 0d 8b d3 48 8b cf e8 26
0x00000000554f68a7:   44 00 00 4c 8b c8 8b d3 83 e3 1f 41 b8 01 00 00 


Register to memory mapping:

RAX=0x008d00001b527ad0 is an unknown value
RBX=0x00000000000001cf is an unknown value
RCX=0x0000000000000001 is an unknown value
RDX=0x000000001fe43ca0 is an unknown value
RSP=0x0000000017a4bfc0 is pointing into the stack for thread: 0x0000000016371000
RBP=0x000000000000cb00 is an unknown value
RSI=0x00000000000001d0 is an unknown value
RDI=0x000000001fd6ec60 is an unknown value
R8 =0x0000000000000030 is an unknown value
R9 =0x000000000000ca90 is an unknown value
R10=0x0000000017a4c330 is pointing into the stack for thread: 0x0000000016371000
R11=0x0000000017a4c020 is pointing into the stack for thread: 0x0000000016371000
R12=0x000000001fe43ca0 is an unknown value
R13=0x0000000017a4c620 is pointing into the stack for thread: 0x0000000016371000
R14=0x0000000055060000 is an unknown value
R15=0x0000000055870d38 is an unknown value


Stack: [0x0000000017950000,0x0000000017a50000],  sp=0x0000000017a4bfc0,  free space=1007k
Native frames: (J=compiled Java code, j=interpreted, Vv=VM code, C=native code)
V  [jvm.dll+0x496897]
V  [jvm.dll+0x497d78]
V  [jvm.dll+0x462c2d]
V  [jvm.dll+0x46dbbb]
V  [jvm.dll+0x4701d2]
V  [jvm.dll+0x453492]
V  [jvm.dll+0xa4932]
V  [jvm.dll+0xa526f]
V  [jvm.dll+0x243234]
V  [jvm.dll+0x29a10a]
C  [msvcr100.dll+0x21d9f]
C  [msvcr100.dll+0x21e3b]
C  [kernel32.dll+0x159cd]
C  [ntdll.dll+0x2a2e1]


Current CompileTask:
C2:   7874 1848 %     4       sun.misc.URLClassPath::getResource @ 46 (83 bytes)


---------------  P R O C E S S  ---------------

Java Threads: ( => current thread )
  0x00000000188fb800 JavaThread "File lock request listener" [_thread_in_native, id=2228, stack(0x000000001c1a0000,0x000000001c2a0000)]
  0x0000000018931000 JavaThread "Stdin handler" [_thread_blocked, id=6404, stack(0x000000001a040000,0x000000001a140000)]
  0x000000001892e800 JavaThread "Asynchronous log dispatcher for org.gradle.launcher.daemon.server.DefaultDaemonConnection@4972a2c" [_thread_blocked, id=8596, stack(0x000000001aa10000,0x000000001ab10000)]
  0x0000000018926000 JavaThread "Daemon worker" [_thread_in_vm, id=4468, stack(0x00000000183c0000,0x00000000184c0000)]
  0x000000001898a000 JavaThread "Cancel handler" [_thread_blocked, id=2808, stack(0x000000001a8a0000,0x000000001a9a0000)]
  0x0000000018c20000 JavaThread "Handler for socket connection from /127.0.0.1:58013 to /127.0.0.1:58014" [_thread_in_native, id=348, stack(0x000000001a700000,0x000000001a800000)]
  0x0000000018c0f800 JavaThread "Daemon" [_thread_blocked, id=5780, stack(0x000000001a540000,0x000000001a640000)]
  0x0000000017cd0800 JavaThread "Incoming local TCP Connector on port 58013" [_thread_in_native, id=4424, stack(0x000000001a150000,0x000000001a250000)]
  0x000000001918a800 JavaThread "pool-1-thread-1" [_thread_blocked, id=4820, stack(0x0000000019eb0000,0x0000000019fb0000)]
  0x0000000017c29000 JavaThread "Service Thread" daemon [_thread_blocked, id=6064, stack(0x00000000182b0000,0x00000000183b0000)]
  0x0000000017c0d000 JavaThread "C1 CompilerThread2" daemon [_thread_blocked, id=9284, stack(0x0000000018080000,0x0000000018180000)]
  0x0000000016377000 JavaThread "C2 CompilerThread1" daemon [_thread_in_native, id=9772, stack(0x0000000017ac0000,0x0000000017bc0000)]
=>0x0000000016371000 JavaThread "C2 CompilerThread0" daemon [_thread_in_native, id=1420, stack(0x0000000017950000,0x0000000017a50000)]
  0x000000001637f000 JavaThread "Attach Listener" daemon [_thread_blocked, id=7184, stack(0x00000000177d0000,0x00000000178d0000)]
  0x000000001637d800 JavaThread "Signal Dispatcher" daemon [_thread_blocked, id=3324, stack(0x00000000176c0000,0x00000000177c0000)]
  0x0000000016317000 JavaThread "Finalizer" daemon [_thread_blocked, id=7908, stack(0x00000000174d0000,0x00000000175d0000)]
  0x0000000016310000 JavaThread "Reference Handler" daemon [_thread_blocked, id=8916, stack(0x00000000173b0000,0x00000000174b0000)]
  0x00000000002df000 JavaThread "main" [_thread_blocked, id=3384, stack(0x0000000002490000,0x0000000002590000)]

Other Threads:
  0x000000001630a800 VMThread [stack: 0x00000000171f0000,0x00000000172f0000] [id=9356]
  0x0000000017c32000 WatcherThread [stack: 0x00000000184e0000,0x00000000185e0000] [id=9600]

VM state:not at safepoint (normal execution)

VM Mutex/Monitor currently owned by a thread: None

Heap:
 PSYoungGen      total 86528K, used 12093K [0x00000000e0000000, 0x00000000ea900000, 0x0000000100000000)
  eden space 79872K, 15% used [0x00000000e0000000,0x00000000e0bcf680,0x00000000e4e00000)
  from space 6656K, 0% used [0x00000000e4e00000,0x00000000e4e00000,0x00000000e5480000)
  to   space 6656K, 0% used [0x00000000ea280000,0x00000000ea280000,0x00000000ea900000)
 ParOldGen       total 60416K, used 10723K [0x00000000a0000000, 0x00000000a3b00000, 0x00000000e0000000)
  object space 60416K, 17% used [0x00000000a0000000,0x00000000a0a78c90,0x00000000a3b00000)
 Metaspace       used 22010K, capacity 22492K, committed 22656K, reserved 1069056K
  class space    used 3001K, capacity 3172K, committed 3200K, reserved 1048576K

Card table byte_map: [0x0000000011c20000,0x0000000011f30000] byte_map_base: 0x0000000011720000

Marking Bits: (ParMarkBitMap*) 0x0000000055870600
 Begin Bits: [0x0000000012680000, 0x0000000013e80000)
 End Bits:   [0x0000000013e80000, 0x0000000015680000)

Polling page: 0x0000000000240000

CodeCache: size=245760Kb used=6884Kb max_used=7024Kb free=238875Kb
 bounds [0x0000000002860000, 0x0000000002f40000, 0x0000000011860000]
 total_blobs=2463 nmethods=1834 adapters=541
 compilation: enabled

Compilation events (10 events):
Event: 7.815 Thread 0x0000000017c0d000 1871       2       org.objectweb.asm.ClassWriter::a (70 bytes)
Event: 7.815 Thread 0x0000000017c0d000 nmethod 1871 0x0000000002970cd0 code [0x0000000002970e80, 0x0000000002971178]
Event: 7.832 Thread 0x0000000017c0d000 1872       1       java.util.logging.Logger::getName (5 bytes)
Event: 7.833 Thread 0x0000000017c0d000 nmethod 1872 0x0000000002969110 code [0x0000000002969260, 0x0000000002969370]
Event: 7.837 Thread 0x0000000017c0d000 1873       2       com.google.common.collect.ImmutableMapEntry$TerminalEntry::<init> (7 bytes)
Event: 7.838 Thread 0x0000000017c0d000 nmethod 1873 0x0000000002988050 code [0x00000000029881c0, 0x0000000002988368]
Event: 7.838 Thread 0x0000000017c0d000 1874       2       com.google.common.collect.ImmutableMapEntry::<init> (12 bytes)
Event: 7.838 Thread 0x0000000017c0d000 nmethod 1874 0x0000000002970910 code [0x0000000002970a80, 0x0000000002970c28]
Event: 7.855 Thread 0x0000000017c0d000 1875       2       com.google.common.collect.ImmutableMap$Builder::ensureCapacity (33 bytes)
Event: 7.856 Thread 0x0000000017c0d000 nmethod 1875 0x0000000002970090 code [0x0000000002970220, 0x0000000002970658]

GC Heap History (8 events):
Event: 1.692 GC heap before
{Heap before GC invocations=1 (full 0):
 PSYoungGen      total 46592K, used 39936K [0x00000000e0000000, 0x00000000e3400000, 0x0000000100000000)
  eden space 39936K, 100% used [0x00000000e0000000,0x00000000e2700000,0x00000000e2700000)
  from space 6656K, 0% used [0x00000000e2d80000,0x00000000e2d80000,0x00000000e3400000)
  to   space 6656K, 0% used [0x00000000e2700000,0x00000000e2700000,0x00000000e2d80000)
 ParOldGen       total 106496K, used 0K [0x00000000a0000000, 0x00000000a6800000, 0x00000000e0000000)
  object space 106496K, 0% used [0x00000000a0000000,0x00000000a0000000,0x00000000a6800000)
 Metaspace       used 7410K, capacity 7632K, committed 7808K, reserved 1056768K
  class space    used 982K, capacity 1056K, committed 1152K, reserved 1048576K
Event: 1.784 GC heap after
Heap after GC invocations=1 (full 0):
 PSYoungGen      total 46592K, used 5111K [0x00000000e0000000, 0x00000000e5b00000, 0x0000000100000000)
  eden space 39936K, 0% used [0x00000000e0000000,0x00000000e0000000,0x00000000e2700000)
  from space 6656K, 76% used [0x00000000e2700000,0x00000000e2bfdd38,0x00000000e2d80000)
  to   space 6656K, 0% used [0x00000000e5480000,0x00000000e5480000,0x00000000e5b00000)
 ParOldGen       total 106496K, used 8K [0x00000000a0000000, 0x00000000a6800000, 0x00000000e0000000)
  object space 106496K, 0% used [0x00000000a0000000,0x00000000a0002000,0x00000000a6800000)
 Metaspace       used 7410K, capacity 7632K, committed 7808K, reserved 1056768K
  class space    used 982K, capacity 1056K, committed 1152K, reserved 1048576K
}
Event: 6.503 GC heap before
{Heap before GC invocations=2 (full 0):
 PSYoungGen      total 46592K, used 45047K [0x00000000e0000000, 0x00000000e5b00000, 0x0000000100000000)
  eden space 39936K, 100% used [0x00000000e0000000,0x00000000e2700000,0x00000000e2700000)
  from space 6656K, 76% used [0x00000000e2700000,0x00000000e2bfdd38,0x00000000e2d80000)
  to   space 6656K, 0% used [0x00000000e5480000,0x00000000e5480000,0x00000000e5b00000)
 ParOldGen       total 106496K, used 8K [0x00000000a0000000, 0x00000000a6800000, 0x00000000e0000000)
  object space 106496K, 0% used [0x00000000a0000000,0x00000000a0002000,0x00000000a6800000)
 Metaspace       used 16288K, capacity 16684K, committed 16896K, reserved 1064960K
  class space    used 2172K, capacity 2298K, committed 2304K, reserved 1048576K
Event: 6.515 GC heap after
Heap after GC invocations=2 (full 0):
 PSYoungGen      total 86528K, used 6650K [0x00000000e0000000, 0x00000000e5b00000, 0x0000000100000000)
  eden space 79872K, 0% used [0x00000000e0000000,0x00000000e0000000,0x00000000e4e00000)
  from space 6656K, 99% used [0x00000000e5480000,0x00000000e5afeb28,0x00000000e5b00000)
  to   space 6656K, 0% used [0x00000000e4e00000,0x00000000e4e00000,0x00000000e5480000)
 ParOldGen       total 106496K, used 1938K [0x00000000a0000000, 0x00000000a6800000, 0x00000000e0000000)
  object space 106496K, 1% used [0x00000000a0000000,0x00000000a01e4860,0x00000000a6800000)
 Metaspace       used 16288K, capacity 16684K, committed 16896K, reserved 1064960K
  class space    used 2172K, capacity 2298K, committed 2304K, reserved 1048576K
}
Event: 7.454 GC heap before
{Heap before GC invocations=3 (full 0):
 PSYoungGen      total 86528K, used 48703K [0x00000000e0000000, 0x00000000e5b00000, 0x0000000100000000)
  eden space 79872K, 52% used [0x00000000e0000000,0x00000000e29112e8,0x00000000e4e00000)
  from space 6656K, 99% used [0x00000000e5480000,0x00000000e5afeb28,0x00000000e5b00000)
  to   space 6656K, 0% used [0x00000000e4e00000,0x00000000e4e00000,0x00000000e5480000)
 ParOldGen       total 106496K, used 1938K [0x00000000a0000000, 0x00000000a6800000, 0x00000000e0000000)
  object space 106496K, 1% used [0x00000000a0000000,0x00000000a01e4860,0x00000000a6800000)
 Metaspace       used 20815K, capacity 21212K, committed 21296K, reserved 1067008K
  class space    used 2790K, capacity 2916K, committed 2944K, reserved 1048576K
Event: 7.635 GC heap after
Heap after GC invocations=3 (full 0):
 PSYoungGen      total 86528K, used 6644K [0x00000000e0000000, 0x00000000ea900000, 0x0000000100000000)
  eden space 79872K, 0% used [0x00000000e0000000,0x00000000e0000000,0x00000000e4e00000)
  from space 6656K, 99% used [0x00000000e4e00000,0x00000000e547d0b0,0x00000000e5480000)
  to   space 6656K, 0% used [0x00000000ea280000,0x00000000ea280000,0x00000000ea900000)
 ParOldGen       total 106496K, used 6262K [0x00000000a0000000, 0x00000000a6800000, 0x00000000e0000000)
  object space 106496K, 5% used [0x00000000a0000000,0x00000000a061d828,0x00000000a6800000)
 Metaspace       used 20815K, capacity 21212K, committed 21296K, reserved 1067008K
  class space    used 2790K, capacity 2916K, committed 2944K, reserved 1048576K
}
Event: 7.635 GC heap before
{Heap before GC invocations=4 (full 1):
 PSYoungGen      total 86528K, used 6644K [0x00000000e0000000, 0x00000000ea900000, 0x0000000100000000)
  eden space 79872K, 0% used [0x00000000e0000000,0x00000000e0000000,0x00000000e4e00000)
  from space 6656K, 99% used [0x00000000e4e00000,0x00000000e547d0b0,0x00000000e5480000)
  to   space 6656K, 0% used [0x00000000ea280000,0x00000000ea280000,0x00000000ea900000)
 ParOldGen       total 106496K, used 6262K [0x00000000a0000000, 0x00000000a6800000, 0x00000000e0000000)
  object space 106496K, 5% used [0x00000000a0000000,0x00000000a061d828,0x00000000a6800000)
 Metaspace       used 20815K, capacity 21212K, committed 21296K, reserved 1067008K
  class space    used 2790K, capacity 2916K, committed 2944K, reserved 1048576K
Event: 7.690 GC heap after
Heap after GC invocations=4 (full 1):
 PSYoungGen      total 86528K, used 0K [0x00000000e0000000, 0x00000000ea900000, 0x0000000100000000)
  eden space 79872K, 0% used [0x00000000e0000000,0x00000000e0000000,0x00000000e4e00000)
  from space 6656K, 0% used [0x00000000e4e00000,0x00000000e4e00000,0x00000000e5480000)
  to   space 6656K, 0% used [0x00000000ea280000,0x00000000ea280000,0x00000000ea900000)
 ParOldGen       total 60416K, used 10723K [0x00000000a0000000, 0x00000000a3b00000, 0x00000000e0000000)
  object space 60416K, 17% used [0x00000000a0000000,0x00000000a0a78c90,0x00000000a3b00000)
 Metaspace       used 20815K, capacity 21212K, committed 21296K, reserved 1067008K
  class space    used 2790K, capacity 2916K, committed 2944K, reserved 1048576K
}

Deoptimization events (10 events):
Event: 7.026 Thread 0x0000000018926000 Uncommon trap: reason=class_check action=maybe_recompile pc=0x0000000002b214e0 method=sun.misc.URLClassPath.getResource(Ljava/lang/String;Z)Lsun/misc/Resource; @ 62
Event: 7.050 Thread 0x0000000018926000 Uncommon trap: reason=class_check action=maybe_recompile pc=0x0000000002a2168c method=sun.misc.URLClassPath.getLoader(I)Lsun/misc/URLClassPath$Loader; @ 193
Event: 7.061 Thread 0x0000000018926000 Uncommon trap: reason=class_check action=maybe_recompile pc=0x0000000002a2168c method=sun.misc.URLClassPath.getLoader(I)Lsun/misc/URLClassPath$Loader; @ 193
Event: 7.176 Thread 0x0000000018926000 Uncommon trap: reason=class_check action=maybe_recompile pc=0x0000000002a2168c method=sun.misc.URLClassPath.getLoader(I)Lsun/misc/URLClassPath$Loader; @ 193
Event: 7.414 Thread 0x0000000018926000 Uncommon trap: reason=unstable_if action=reinterpret pc=0x0000000002ca33e0 method=java.util.HashMap.hash(Ljava/lang/Object;)I @ 1
Event: 7.766 Thread 0x0000000018926000 Uncommon trap: reason=unstable_if action=reinterpret pc=0x0000000002c9447c method=java.util.HashMap.getNode(ILjava/lang/Object;)Ljava/util/HashMap$Node; @ 53
Event: 7.766 Thread 0x0000000018926000 Uncommon trap: reason=unstable_if action=reinterpret pc=0x0000000002c46cb0 method=java.util.HashMap.hash(Ljava/lang/Object;)I @ 1
Event: 7.766 Thread 0x0000000018926000 Uncommon trap: reason=unstable_if action=reinterpret pc=0x0000000002c7fdd4 method=java.util.HashMap.putVal(ILjava/lang/Object;Ljava/lang/Object;ZZ)Ljava/lang/Object; @ 85
Event: 7.793 Thread 0x0000000018926000 Uncommon trap: reason=class_check action=maybe_recompile pc=0x0000000002cefe80 method=java.lang.reflect.Method.equals(Ljava/lang/Object;)Z @ 5
Event: 7.796 Thread 0x0000000018926000 Uncommon trap: reason=class_check action=maybe_recompile pc=0x0000000002cefe80 method=java.lang.reflect.Method.equals(Ljava/lang/Object;)Z @ 5

Internal exceptions (10 events):
Event: 7.340 Thread 0x0000000018926000 Exception <a 'java/lang/ClassNotFoundException': org/gradle/initialization/SettingsScriptCustomizer> (0x00000000e21f9530) thrown at [D:\re\puppet\workspace\8-2-build-windows-amd64-cygwin\jdk8u73\6086\hotspot\src\share\vm\classfile\systemDictionary.cpp, linbNüF]@
Event: 7.341 Thread 0x0000000018926000 Exception <a 'java/lang/ClassNotFoundException': settings_egnw04y11arx8ivbuspggn7e7Customizer> (0x00000000e220a410) thrown at [D:\re\puppet\workspace\8-2-build-windows-amd64-cygwin\jdk8u73\6086\hotspot\src\share\vm\classfile\systemDictionary.cpp, line 210]íö∫)b@
Event: 7.346 Thread 0x0000000018926000 Exception <a 'java/lang/ClassNotFoundException': org/gradle/initialization/DefaultSettings_DecoratedBeanInfo> (0x00000000e2273f28) thrown at [D:\re\puppet\workspace\8-2-build-windows-amd64-cygwin\jdk8u73\6086\hotspot\src\share\vm\classfile\systemDictionary{∫!U∫b@
Event: 7.346 Thread 0x0000000018926000 Exception <a 'java/lang/ClassNotFoundException': org/gradle/initialization/DefaultSettingsBeanInfo> (0x00000000e2290288) thrown at [D:\re\puppet\workspace\8-2-build-windows-amd64-cygwin\jdk8u73\6086\hotspot\src\share\vm\classfile\systemDictionary.cpp, lineπãÌ>c@
Event: 7.347 Thread 0x0000000018926000 Exception <a 'java/lang/ClassNotFoundException': org/gradle/initialization/BaseSettingsBeanInfo> (0x00000000e22ab680) thrown at [D:\re\puppet\workspace\8-2-build-windows-amd64-cygwin\jdk8u73\6086\hotspot\src\share\vm\classfile\systemDictionary.cpp, line 214‚"òÀc@
Event: 7.347 Thread 0x0000000018926000 Exception <a 'java/lang/ClassNotFoundException': org/gradle/initialization/BaseSettingsCustomizer> (0x00000000e22c78c8) thrown at [D:\re\puppet\workspace\8-2-build-windows-amd64-cygwin\jdk8u73\6086\hotspot\src\share\vm\classfile\systemDictionary.cpp, line 
Event: 7.350 Thread 0x0000000018926000 Exception <a 'java/lang/ClassNotFoundException': org/gradle/initialization/DefaultSettingsCustomizer> (0x00000000e230a450) thrown at [D:\re\puppet\workspace\8-2-build-windows-amd64-cygwin\jdk8u73\6086\hotspot\src\share\vm\classfile\systemDictionary.cpp, li¸DÒﬁf@
Event: 7.351 Thread 0x0000000018926000 Exception <a 'java/lang/ClassNotFoundException': org/gradle/initialization/DefaultSettings_DecoratedCustomizer> (0x00000000e2330b10) thrown at [D:\re\puppet\workspace\8-2-build-windows-amd64-cygwin\jdk8u73\6086\hotspot\src\share\vm\classfile\systemDictiona/1‚çúß@
Event: 7.414 Thread 0x0000000018926000 Implicit null exception at 0x0000000002ca31d5 to 0x0000000002ca33d1
Event: 7.766 Thread 0x0000000018926000 Implicit null exception at 0x0000000002c46c18 to 0x0000000002c46ca6

Events (10 events):
Event: 7.853 loading class com/google/common/collect/Maps$EntrySet
Event: 7.853 loading class com/google/common/collect/Maps$EntrySet done
Event: 7.854 loading class com/google/common/collect/AbstractMapBasedMultimap$AsMap$AsMapIterator
Event: 7.854 loading class com/google/common/collect/AbstractMapBasedMultimap$AsMap$AsMapIterator done
Event: 7.855 loading class com/google/common/collect/ImmutableSortedMap
Event: 7.855 loading class com/google/common/collect/ImmutableSortedMap done
Event: 7.856 loading class com/google/common/collect/ImmutableSortedMapFauxverideShim
Event: 7.856 loading class com/google/common/collect/ImmutableSortedMapFauxverideShim done
Event: 7.857 loading class com/google/common/collect/RegularImmutableSortedMap
Event: 7.857 loading class com/google/common/collect/RegularImmutableSortedMap done


Dynamic libraries:
0x000000013fa70000 - 0x000000013faa7000 	C:\Program Files\Java\jdk1.8.0_73\bin\java.exe
0x0000000077290000 - 0x000000007743a000 	C:\Windows\SYSTEM32\ntdll.dll
0x0000000077170000 - 0x000000007728f000 	C:\Windows\system32\kernel32.dll
0x000007fefd2d0000 - 0x000007fefd33a000 	C:\Windows\system32\KERNELBASE.dll
0x000007fefd560000 - 0x000007fefd63b000 	C:\Windows\system32\ADVAPI32.dll
0x000007feff480000 - 0x000007feff51f000 	C:\Windows\system32\msvcrt.dll
0x000007fefe6a0000 - 0x000007fefe6bf000 	C:\Windows\SYSTEM32\sechost.dll
0x000007fefec30000 - 0x000007fefed5d000 	C:\Windows\system32\RPCRT4.dll
0x0000000077070000 - 0x000000007716a000 	C:\Windows\system32\USER32.dll
0x000007fefee80000 - 0x000007fefeee7000 	C:\Windows\system32\GDI32.dll
0x000007feff470000 - 0x000007feff47e000 	C:\Windows\system32\LPK.dll
0x000007fefe9a0000 - 0x000007fefea6a000 	C:\Windows\system32\USP10.dll
0x000007fefb130000 - 0x000007fefb324000 	C:\Windows\WinSxS\amd64_microsoft.windows.common-controls_6595b64144ccf1df_6.0.7601.18837_none_fa3b1e3d17594757\COMCTL32.dll
0x000007fefed60000 - 0x000007fefedd1000 	C:\Windows\system32\SHLWAPI.dll
0x000007fefce00000 - 0x000007fefce57000 	C:\Windows\system32\apphelp.dll
0x000007fef3e50000 - 0x000007fef3ea1000 	C:\Windows\AppPatch\AppPatch64\AcGenral.DLL
0x000007fefcdd0000 - 0x000007fefcdf5000 	C:\Windows\system32\SspiCli.dll
0x000007feff230000 - 0x000007feff433000 	C:\Windows\system32\ole32.dll
0x000007fefd640000 - 0x000007fefe3ca000 	C:\Windows\system32\SHELL32.dll
0x00000000739c0000 - 0x00000000739c3000 	C:\Windows\system32\sfc.dll
0x000007fef6a50000 - 0x000007fef6a60000 	C:\Windows\system32\sfc_os.DLL
0x000007fefd350000 - 0x000007fefd36e000 	C:\Windows\system32\USERENV.dll
0x000007fefcfd0000 - 0x000007fefcfdf000 	C:\Windows\system32\profapi.dll
0x000007fefac70000 - 0x000007fefac88000 	C:\Windows\system32\dwmapi.dll
0x000007fef4db0000 - 0x000007fef4dc8000 	C:\Windows\system32\MPR.dll
0x000007fefec00000 - 0x000007fefec2e000 	C:\Windows\system32\IMM32.DLL
0x000007fefe7f0000 - 0x000007fefe8f9000 	C:\Windows\system32\MSCTF.dll
0x000000006e780000 - 0x000000006e852000 	C:\Program Files\Java\jdk1.8.0_73\jre\bin\msvcr100.dll
0x0000000055060000 - 0x00000000558f0000 	C:\Program Files\Java\jdk1.8.0_73\jre\bin\server\jvm.dll
0x000007fefa3e0000 - 0x000007fefa3e9000 	C:\Windows\system32\WSOCK32.dll
0x000007fefe6c0000 - 0x000007fefe70d000 	C:\Windows\system32\WS2_32.dll
0x000007feff460000 - 0x000007feff468000 	C:\Windows\system32\NSI.dll
0x000007fefa9d0000 - 0x000007fefaa0b000 	C:\Windows\system32\WINMM.dll
0x000007fefc060000 - 0x000007fefc06c000 	C:\Windows\system32\VERSION.dll
0x0000000077460000 - 0x0000000077467000 	C:\Windows\system32\PSAPI.DLL
0x0000000073090000 - 0x000000007309f000 	C:\Program Files\Java\jdk1.8.0_73\jre\bin\verify.dll
0x0000000073060000 - 0x0000000073089000 	C:\Program Files\Java\jdk1.8.0_73\jre\bin\java.dll
0x0000000073040000 - 0x0000000073056000 	C:\Program Files\Java\jdk1.8.0_73\jre\bin\zip.dll
0x0000000073000000 - 0x000000007301a000 	C:\Program Files\Java\jdk1.8.0_73\jre\bin\net.dll
0x000007fefc7a0000 - 0x000007fefc7f5000 	C:\Windows\system32\mswsock.dll
0x000007fefc790000 - 0x000007fefc797000 	C:\Windows\System32\wship6.dll
0x0000000073020000 - 0x0000000073031000 	C:\Program Files\Java\jdk1.8.0_73\jre\bin\nio.dll
0x000007fef5860000 - 0x000007fef5872000 	C:\Users\Matt Bird\.gradle\native\19\windows-amd64\native-platform.dll
0x000007fefc800000 - 0x000007fefc818000 	C:\Windows\system32\CRYPTSP.dll
0x000007fefc500000 - 0x000007fefc547000 	C:\Windows\system32\rsaenh.dll
0x000007fefce60000 - 0x000007fefce6f000 	C:\Windows\system32\CRYPTBASE.dll
0x000007fefa390000 - 0x000007fefa3b7000 	C:\Windows\system32\IPHLPAPI.DLL
0x000007fefa380000 - 0x000007fefa38b000 	C:\Windows\system32\WINNSI.DLL
0x000007fef9580000 - 0x000007fef9598000 	C:\Windows\system32\dhcpcsvc.DLL
0x000007fef9560000 - 0x000007fef9571000 	C:\Windows\system32\dhcpcsvc6.DLL
0x0000000072ff0000 - 0x0000000072ffd000 	C:\Program Files\Java\jdk1.8.0_73\jre\bin\management.dll
0x000007fefa400000 - 0x000007fefa525000 	C:\Windows\system32\dbghelp.dll

VM Arguments:
jvm_args: -Xmx1536m -Dfile.encoding=windows-1252 -Duser.country=NZ -Duser.language=en -Duser.variant 
java_command: org.gradle.launcher.daemon.bootstrap.GradleDaemon 2.14.1
java_class_path (initial): C:\Program Files\Android\Android Studio\gradle\gradle-2.14.1\lib\gradle-launcher-2.14.1.jar
Launcher Type: SUN_STANDARD

Environment Variables:
JAVA_HOME=C:\Program Files\Java\jdk1.8.0_91
PATH=C:\ProgramData\Oracle\Java\javapath;C:\Program Files\Common Files\Microsoft Shared\Windows Live;C:\Program Files (x86)\Common Files\Microsoft Shared\Windows Live;C:\python27_x64\;C:\python27_x64\Scripts;C:\Windows\system32;C:\Windows;C:\Windows\System32\Wbem;C:\Windows\System32\WindowsPowerShell\v1.0\;C:\Program Files\Intel\WiFi\bin\;C:\Program Files\Common Files\Intel\WirelessCommon\;C:\Program Files (x86)\Intel\OpenCL SDK\3.0\bin\x86;C:\Program Files (x86)\Intel\OpenCL SDK\3.0\bin\x64;C:\Program Files (x86)\Google\Cloud SDK\google-cloud-sdk\bin;C:\Program Files (x86)\Autodesk\Backburner\;C:\Program Files (x86)\Windows Live\Shared;C:\Program Files (x86)\Windows Kits\8.1\Windows Performance Toolkit\;C:\Program Files\nodejs\;C:\Matt\Programs\Code\AndroidSDK\platform-tools\;C:\Program Files (x86)\Skype\Phone\;C:\Program Files\Intel\WiFi\bin\;C:\Program Files\Common Files\Intel\WirelessCommon\;C:\Users\Matt Bird\AppData\Roaming\npm
USERNAME=Matt Bird
OS=Windows_NT
PROCESSOR_IDENTIFIER=Intel64 Family 6 Model 58 Stepping 9, GenuineIntel



---------------  S Y S T E M  ---------------

OS: Windows 7 , 64 bit Build 7601 (6.1.7601.23539)

CPU:total 4 (2 cores per cpu, 2 threads per core) family 6 model 58 stepping 9, cmov, cx8, fxsr, mmx, sse, sse2, sse3, ssse3, sse4.1, sse4.2, popcnt, avx, aes, clmul, erms, ht, tsc, tscinvbit, tscinv

Memory: 4k page, physical 10203112k(3049088k free), swap 11029000k(2472264k free)

vm_info: Java HotSpot(TM) 64-Bit Server VM (25.73-b02) for windows-amd64 JRE (1.8.0_73-b02), built on Jan 29 2016 17:38:49 by "java_re" with MS VC++ 10.0 (VS2010)

time: Sat Feb 18 02:05:21 2017
elapsed time: 7 seconds (0d 0h 0m 7s)

