#
# A fatal error has been detected by the Java Runtime Environment:
#
#  EXCEPTION_ACCESS_VIOLATION (0xc0000005) at pc=0x0000000054a35edd, pid=8704, tid=7636
#
# JRE version: Java(TM) SE Runtime Environment (8.0_73-b02) (build 1.8.0_73-b02)
# Java VM: Java HotSpot(TM) 64-Bit Server VM (25.73-b02 mixed mode windows-amd64 compressed oops)
# Problematic frame:
# V  [jvm.dll+0x4b5edd]
#
# Failed to write core dump. Minidumps are not enabled by default on client versions of Windows
#
# If you would like to submit a bug report, please visit:
#   http://bugreport.java.com/bugreport/crash.jsp
#

---------------  T H R E A D  ---------------

Current thread (0x000000001672d800):  JavaThread "C2 CompilerThread1" daemon [_thread_in_native, id=7636, stack(0x00000000180e0000,0x00000000181e0000)]

siginfo: ExceptionCode=0xc0000005, reading address 0xffffffffffffffff

Registers:
RAX=0x000000001b990580, RBX=0x0022000000000000, RCX=0x00000000181dbc50, RDX=0x0000000000001000
RSP=0x00000000181db740, RBP=0x000000001a0b5bc0, RSI=0x0000000000000778, RDI=0x00000000181dbc70
R8 =0x000000001a0b5bc1, R9 =0x0000000000000000, R10=0x28781e7dfe007feb, R11=0x0000000000004000
R12=0x00000000181db868, R13=0x00000000181db8d8, R14=0x000000001ce021c8, R15=0x0000000000000002
RIP=0x0000000054a35edd, EFLAGS=0x0000000000010206

Top of Stack: (sp=0x00000000181db740)
0x00000000181db740:   00000000181db888 0000000054ab2195
0x00000000181db750:   00000000181dbc50 00000000181db868
0x00000000181db760:   00000000181db888 0000000054a3a000
0x00000000181db770:   000000000000000b 00000000181dbc50
0x00000000181db780:   0000000000000044 0000000054a6ce1a
0x00000000181db790:   0000000000000004 00000000181db8d8
0x00000000181db7a0:   000000001ce021c8 00000000181dbc70
0x00000000181db7b0:   00000000181dbc50 0000000054a3b178
0x00000000181db7c0:   000000001b5077f0 0000000000000010
0x00000000181db7d0:   00000000181db888 00000000181db868
0x00000000181db7e0:   000000001c052e80 000000001671b7e0
0x00000000181db7f0:   0000000000000000 0000000000000002
0x00000000181db800:   00000000183b1640 000000001c09ade0
0x00000000181db810:   000000001671b7e0 00000000181dbc50
0x00000000181db820:   00000000181db930 0000000054a3d297
0x00000000181db830:   00000000181dbc50 00000000181db888 

Instructions: (pc=0x0000000054a35edd)
0x0000000054a35ebd:   ec 20 8b 72 28 8b 51 28 48 8d 79 20 3b f2 73 0a
0x0000000054a35ecd:   48 8b 47 10 48 8b 1c f0 eb 02 33 db 48 83 e3 fe
0x0000000054a35edd:   48 8b 43 08 48 83 38 00 75 34 8b 43 28 3b c2 73
0x0000000054a35eed:   0c 8b c8 48 8b 47 10 48 8b 1c c8 eb 02 33 db 48 


Register to memory mapping:

RAX=0x000000001b990580 is an unknown value
RBX=0x0022000000000000 is an unknown value
RCX=0x00000000181dbc50 is pointing into the stack for thread: 0x000000001672d800
RDX=0x0000000000001000 is an unknown value
RSP=0x00000000181db740 is pointing into the stack for thread: 0x000000001672d800
RBP=0x000000001a0b5bc0 is an unknown value
RSI=0x0000000000000778 is an unknown value
RDI=0x00000000181dbc70 is pointing into the stack for thread: 0x000000001672d800
R8 =0x000000001a0b5bc1 is an unknown value
R9 =0x0000000000000000 is an unknown value
R10=0x28781e7dfe007feb is an unknown value
R11=0x0000000000004000 is an unknown value
R12=0x00000000181db868 is pointing into the stack for thread: 0x000000001672d800
R13=0x00000000181db8d8 is pointing into the stack for thread: 0x000000001672d800
R14=0x000000001ce021c8 is an unknown value
R15=0x0000000000000002 is an unknown value


Stack: [0x00000000180e0000,0x00000000181e0000],  sp=0x00000000181db740,  free space=1005k
Native frames: (J=compiled Java code, j=interpreted, Vv=VM code, C=native code)
V  [jvm.dll+0x4b5edd]
V  [jvm.dll+0x4ba000]
V  [jvm.dll+0x4bb178]
V  [jvm.dll+0x4bd297]
V  [jvm.dll+0x46f401]
V  [jvm.dll+0x47013e]
V  [jvm.dll+0x453492]
V  [jvm.dll+0xa4932]
V  [jvm.dll+0xa526f]
V  [jvm.dll+0x243234]
V  [jvm.dll+0x29a10a]
C  [msvcr100.dll+0x21d9f]
C  [msvcr100.dll+0x21e3b]
C  [kernel32.dll+0x159cd]
C  [ntdll.dll+0x2a2e1]


Current CompileTask:
C2:  10695 4389       4       jdk.internal.org.objectweb.asm.Item::set (143 bytes)


---------------  P R O C E S S  ---------------

Java Threads: ( => current thread )
  0x0000000018de5000 JavaThread "File lock request listener" [_thread_in_native, id=4768, stack(0x000000001c5e0000,0x000000001c6e0000)]
  0x0000000019637800 JavaThread "Stdin handler" [_thread_blocked, id=1984, stack(0x000000001a880000,0x000000001a980000)]
  0x0000000019612800 JavaThread "Asynchronous log dispatcher for org.gradle.launcher.daemon.server.DefaultDaemonConnection@4fffa7de" [_thread_blocked, id=3700, stack(0x000000001add0000,0x000000001aed0000)]
  0x0000000019602000 JavaThread "Daemon worker" [_thread_in_native, id=1320, stack(0x000000001ac10000,0x000000001ad10000)]
  0x000000001963c000 JavaThread "Cancel handler" [_thread_blocked, id=5344, stack(0x000000001ab00000,0x000000001ac00000)]
  0x00000000195f1000 JavaThread "Handler for socket connection from /127.0.0.1:64620 to /127.0.0.1:64621" [_thread_in_native, id=6568, stack(0x000000001a9a0000,0x000000001aaa0000)]
  0x00000000195e7800 JavaThread "Daemon" [_thread_blocked, id=2364, stack(0x000000001a780000,0x000000001a880000)]
  0x00000000195c6000 JavaThread "Incoming local TCP Connector on port 64620" [_thread_in_native, id=4644, stack(0x0000000017fe0000,0x00000000180e0000)]
  0x0000000019595800 JavaThread "pool-1-thread-1" [_thread_blocked, id=8976, stack(0x000000001a400000,0x000000001a500000)]
  0x0000000018386800 JavaThread "Service Thread" daemon [_thread_blocked, id=9032, stack(0x00000000187f0000,0x00000000188f0000)]
  0x000000001672e800 JavaThread "C1 CompilerThread2" daemon [_thread_blocked, id=7996, stack(0x0000000018280000,0x0000000018380000)]
=>0x000000001672d800 JavaThread "C2 CompilerThread1" daemon [_thread_in_native, id=7636, stack(0x00000000180e0000,0x00000000181e0000)]
  0x0000000016726000 JavaThread "C2 CompilerThread0" daemon [_thread_in_native, id=7444, stack(0x0000000017d30000,0x0000000017e30000)]
  0x0000000016722800 JavaThread "Attach Listener" daemon [_thread_blocked, id=876, stack(0x0000000017e30000,0x0000000017f30000)]
  0x0000000016722000 JavaThread "Signal Dispatcher" daemon [_thread_blocked, id=8808, stack(0x0000000017b70000,0x0000000017c70000)]
  0x00000000166c1000 JavaThread "Finalizer" daemon [_thread_blocked, id=6020, stack(0x0000000017990000,0x0000000017a90000)]
  0x00000000166c0000 JavaThread "Reference Handler" daemon [_thread_blocked, id=2896, stack(0x00000000177b0000,0x00000000178b0000)]
  0x00000000003ef000 JavaThread "main" [_thread_blocked, id=3584, stack(0x00000000024f0000,0x00000000025f0000)]

Other Threads:
  0x00000000166ba800 VMThread [stack: 0x00000000175d0000,0x00000000176d0000] [id=7724]
  0x00000000183f4000 WatcherThread [stack: 0x0000000018900000,0x0000000018a00000] [id=5604]

VM state:not at safepoint (normal execution)

VM Mutex/Monitor currently owned by a thread: None

Heap:
 PSYoungGen      total 166400K, used 89151K [0x00000000e0000000, 0x00000000ebf00000, 0x0000000100000000)
  eden space 159744K, 55% used [0x00000000e0000000,0x00000000e570fcb0,0x00000000e9c00000)
  from space 6656K, 0% used [0x00000000e9c00000,0x00000000e9c00000,0x00000000ea280000)
  to   space 14848K, 0% used [0x00000000eb080000,0x00000000eb080000,0x00000000ebf00000)
 ParOldGen       total 121856K, used 20341K [0x00000000a0000000, 0x00000000a7700000, 0x00000000e0000000)
  object space 121856K, 16% used [0x00000000a0000000,0x00000000a13dd4a8,0x00000000a7700000)
 Metaspace       used 42173K, capacity 43060K, committed 43392K, reserved 1087488K
  class space    used 5770K, capacity 5996K, committed 6016K, reserved 1048576K

Card table byte_map: [0x0000000011c80000,0x0000000011f90000] byte_map_base: 0x0000000011780000

Marking Bits: (ParMarkBitMap*) 0x0000000054d90600
 Begin Bits: [0x0000000012a30000, 0x0000000014230000)
 End Bits:   [0x0000000014230000, 0x0000000015a30000)

Polling page: 0x0000000000340000

CodeCache: size=245760Kb used=14366Kb max_used=14366Kb free=231393Kb
 bounds [0x00000000028c0000, 0x00000000036e0000, 0x00000000118c0000]
 total_blobs=4879 nmethods=4179 adapters=611
 compilation: enabled

Compilation events (10 events):
Event: 10.668 Thread 0x000000001672e800 4391       3       java.lang.invoke.MethodHandles$Lookup::lookupClassOrNull (17 bytes)
Event: 10.669 Thread 0x000000001672e800 nmethod 4391 0x00000000036cdf90 code [0x00000000036ce0e0, 0x00000000036ce290]
Event: 10.669 Thread 0x000000001672e800 4392       3       jdk.internal.org.objectweb.asm.ByteVector::put11 (52 bytes)
Event: 10.669 Thread 0x000000001672e800 nmethod 4392 0x00000000036cda50 code [0x00000000036cdbc0, 0x00000000036cde28]
Event: 10.669 Thread 0x000000001672e800 4393       3       java.lang.invoke.TypeConvertingMethodAdapter::descriptorToName (36 bytes)
Event: 10.670 Thread 0x000000001672e800 nmethod 4393 0x00000000036ccd90 code [0x00000000036ccf60, 0x00000000036cd708]
Event: 10.670 Thread 0x000000001672e800 4394       3       java.lang.invoke.DirectMethodHandle::internalMemberName (8 bytes)
Event: 10.670 Thread 0x000000001672e800 nmethod 4394 0x00000000036cc950 code [0x00000000036ccac0, 0x00000000036cccf0]
Event: 10.671 Thread 0x000000001672e800 4395       1       java.lang.invoke.MethodHandles$Lookup::lookupClass (5 bytes)
Event: 10.671 Thread 0x000000001672e800 nmethod 4395 0x00000000036cc690 code [0x00000000036cc7e0, 0x00000000036cc8f0]

GC Heap History (10 events):
Event: 6.247 GC heap before
{Heap before GC invocations=3 (full 0):
 PSYoungGen      total 86528K, used 48354K [0x00000000e0000000, 0x00000000e5b00000, 0x0000000100000000)
  eden space 79872K, 52% used [0x00000000e0000000,0x00000000e28bd590,0x00000000e4e00000)
  from space 6656K, 99% used [0x00000000e5480000,0x00000000e5afb570,0x00000000e5b00000)
  to   space 6656K, 0% used [0x00000000e4e00000,0x00000000e4e00000,0x00000000e5480000)
 ParOldGen       total 106496K, used 1884K [0x00000000a0000000, 0x00000000a6800000, 0x00000000e0000000)
  object space 106496K, 1% used [0x00000000a0000000,0x00000000a01d7180,0x00000000a6800000)
 Metaspace       used 20812K, capacity 21226K, committed 21296K, reserved 1067008K
  class space    used 2773K, capacity 2889K, committed 2944K, reserved 1048576K
Event: 6.316 GC heap after
Heap after GC invocations=3 (full 0):
 PSYoungGen      total 86528K, used 6640K [0x00000000e0000000, 0x00000000ea900000, 0x0000000100000000)
  eden space 79872K, 0% used [0x00000000e0000000,0x00000000e0000000,0x00000000e4e00000)
  from space 6656K, 99% used [0x00000000e4e00000,0x00000000e547c010,0x00000000e5480000)
  to   space 6656K, 0% used [0x00000000ea280000,0x00000000ea280000,0x00000000ea900000)
 ParOldGen       total 106496K, used 6052K [0x00000000a0000000, 0x00000000a6800000, 0x00000000e0000000)
  object space 106496K, 5% used [0x00000000a0000000,0x00000000a05e92a0,0x00000000a6800000)
 Metaspace       used 20812K, capacity 21226K, committed 21296K, reserved 1067008K
  class space    used 2773K, capacity 2889K, committed 2944K, reserved 1048576K
}
Event: 6.316 GC heap before
{Heap before GC invocations=4 (full 1):
 PSYoungGen      total 86528K, used 6640K [0x00000000e0000000, 0x00000000ea900000, 0x0000000100000000)
  eden space 79872K, 0% used [0x00000000e0000000,0x00000000e0000000,0x00000000e4e00000)
  from space 6656K, 99% used [0x00000000e4e00000,0x00000000e547c010,0x00000000e5480000)
  to   space 6656K, 0% used [0x00000000ea280000,0x00000000ea280000,0x00000000ea900000)
 ParOldGen       total 106496K, used 6052K [0x00000000a0000000, 0x00000000a6800000, 0x00000000e0000000)
  object space 106496K, 5% used [0x00000000a0000000,0x00000000a05e92a0,0x00000000a6800000)
 Metaspace       used 20812K, capacity 21226K, committed 21296K, reserved 1067008K
  class space    used 2773K, capacity 2889K, committed 2944K, reserved 1048576K
Event: 6.539 GC heap after
Heap after GC invocations=4 (full 1):
 PSYoungGen      total 86528K, used 0K [0x00000000e0000000, 0x00000000ea900000, 0x0000000100000000)
  eden space 79872K, 0% used [0x00000000e0000000,0x00000000e0000000,0x00000000e4e00000)
  from space 6656K, 0% used [0x00000000e4e00000,0x00000000e4e00000,0x00000000e5480000)
  to   space 6656K, 0% used [0x00000000ea280000,0x00000000ea280000,0x00000000ea900000)
 ParOldGen       total 75776K, used 10560K [0x00000000a0000000, 0x00000000a4a00000, 0x00000000e0000000)
  object space 75776K, 13% used [0x00000000a0000000,0x00000000a0a500e0,0x00000000a4a00000)
 Metaspace       used 20812K, capacity 21226K, committed 21296K, reserved 1067008K
  class space    used 2773K, capacity 2889K, committed 2944K, reserved 1048576K
}
Event: 7.695 GC heap before
{Heap before GC invocations=5 (full 1):
 PSYoungGen      total 86528K, used 79872K [0x00000000e0000000, 0x00000000ea900000, 0x0000000100000000)
  eden space 79872K, 100% used [0x00000000e0000000,0x00000000e4e00000,0x00000000e4e00000)
  from space 6656K, 0% used [0x00000000e4e00000,0x00000000e4e00000,0x00000000e5480000)
  to   space 6656K, 0% used [0x00000000ea280000,0x00000000ea280000,0x00000000ea900000)
 ParOldGen       total 75776K, used 10560K [0x00000000a0000000, 0x00000000a4a00000, 0x00000000e0000000)
  object space 75776K, 13% used [0x00000000a0000000,0x00000000a0a500e0,0x00000000a4a00000)
 Metaspace       used 27277K, capacity 27938K, committed 28160K, reserved 1073152K
  class space    used 3833K, capacity 4033K, committed 4096K, reserved 1048576K
Event: 7.705 GC heap after
Heap after GC invocations=5 (full 1):
 PSYoungGen      total 122368K, used 6651K [0x00000000e0000000, 0x00000000ea900000, 0x0000000100000000)
  eden space 115712K, 0% used [0x00000000e0000000,0x00000000e0000000,0x00000000e7100000)
  from space 6656K, 99% used [0x00000000ea280000,0x00000000ea8fec00,0x00000000ea900000)
  to   space 6656K, 0% used [0x00000000e9c00000,0x00000000e9c00000,0x00000000ea280000)
 ParOldGen       total 75776K, used 12784K [0x00000000a0000000, 0x00000000a4a00000, 0x00000000e0000000)
  object space 75776K, 16% used [0x00000000a0000000,0x00000000a0c7c308,0x00000000a4a00000)
 Metaspace       used 27277K, capacity 27938K, committed 28160K, reserved 1073152K
  class space    used 3833K, capacity 4033K, committed 4096K, reserved 1048576K
}
Event: 9.447 GC heap before
{Heap before GC invocations=6 (full 1):
 PSYoungGen      total 122368K, used 122363K [0x00000000e0000000, 0x00000000ea900000, 0x0000000100000000)
  eden space 115712K, 100% used [0x00000000e0000000,0x00000000e7100000,0x00000000e7100000)
  from space 6656K, 99% used [0x00000000ea280000,0x00000000ea8fec00,0x00000000ea900000)
  to   space 6656K, 0% used [0x00000000e9c00000,0x00000000e9c00000,0x00000000ea280000)
 ParOldGen       total 75776K, used 12784K [0x00000000a0000000, 0x00000000a4a00000, 0x00000000e0000000)
  object space 75776K, 16% used [0x00000000a0000000,0x00000000a0c7c308,0x00000000a4a00000)
 Metaspace       used 34453K, capacity 35150K, committed 35456K, reserved 1079296K
  class space    used 4735K, capacity 4940K, committed 4992K, reserved 1048576K
Event: 9.483 GC heap after
Heap after GC invocations=6 (full 1):
 PSYoungGen      total 166400K, used 6651K [0x00000000e0000000, 0x00000000ebf00000, 0x0000000100000000)
  eden space 159744K, 0% used [0x00000000e0000000,0x00000000e0000000,0x00000000e9c00000)
  from space 6656K, 99% used [0x00000000e9c00000,0x00000000ea27eff8,0x00000000ea280000)
  to   space 14848K, 0% used [0x00000000eb080000,0x00000000eb080000,0x00000000ebf00000)
 ParOldGen       total 75776K, used 19249K [0x00000000a0000000, 0x00000000a4a00000, 0x00000000e0000000)
  object space 75776K, 25% used [0x00000000a0000000,0x00000000a12cc468,0x00000000a4a00000)
 Metaspace       used 34453K, capacity 35150K, committed 35456K, reserved 1079296K
  class space    used 4735K, capacity 4940K, committed 4992K, reserved 1048576K
}
Event: 9.483 GC heap before
{Heap before GC invocations=7 (full 2):
 PSYoungGen      total 166400K, used 6651K [0x00000000e0000000, 0x00000000ebf00000, 0x0000000100000000)
  eden space 159744K, 0% used [0x00000000e0000000,0x00000000e0000000,0x00000000e9c00000)
  from space 6656K, 99% used [0x00000000e9c00000,0x00000000ea27eff8,0x00000000ea280000)
  to   space 14848K, 0% used [0x00000000eb080000,0x00000000eb080000,0x00000000ebf00000)
 ParOldGen       total 75776K, used 19249K [0x00000000a0000000, 0x00000000a4a00000, 0x00000000e0000000)
  object space 75776K, 25% used [0x00000000a0000000,0x00000000a12cc468,0x00000000a4a00000)
 Metaspace       used 34453K, capacity 35150K, committed 35456K, reserved 1079296K
  class space    used 4735K, capacity 4940K, committed 4992K, reserved 1048576K
Event: 9.585 GC heap after
Heap after GC invocations=7 (full 2):
 PSYoungGen      total 166400K, used 0K [0x00000000e0000000, 0x00000000ebf00000, 0x0000000100000000)
  eden space 159744K, 0% used [0x00000000e0000000,0x00000000e0000000,0x00000000e9c00000)
  from space 6656K, 0% used [0x00000000e9c00000,0x00000000e9c00000,0x00000000ea280000)
  to   space 14848K, 0% used [0x00000000eb080000,0x00000000eb080000,0x00000000ebf00000)
 ParOldGen       total 121856K, used 20341K [0x00000000a0000000, 0x00000000a7700000, 0x00000000e0000000)
  object space 121856K, 16% used [0x00000000a0000000,0x00000000a13dd4a8,0x00000000a7700000)
 Metaspace       used 34453K, capacity 35150K, committed 35456K, reserved 1079296K
  class space    used 4735K, capacity 4940K, committed 4992K, reserved 1048576K
}

Deoptimization events (10 events):
Event: 9.612 Thread 0x0000000019602000 Uncommon trap: reason=unstable_if action=reinterpret pc=0x0000000002fe6abc method=java.lang.CharacterDataLatin1.isWhitespace(I)Z @ 14
Event: 9.631 Thread 0x0000000019602000 Uncommon trap: reason=unstable_if action=reinterpret pc=0x000000000309c8ac method=java.security.CodeSource.getCertificates()[Ljava/security/cert/Certificate; @ 22
Event: 9.645 Thread 0x0000000019602000 Uncommon trap: reason=unstable_if action=reinterpret pc=0x0000000003283ffc method=java.util.LinkedHashMap.get(Ljava/lang/Object;)Ljava/lang/Object; @ 20
Event: 9.747 Thread 0x0000000019602000 Uncommon trap: reason=unstable_if action=reinterpret pc=0x000000000332bf54 method=org.codehaus.groovy.reflection.CachedMethod.compareToMethod(Ljava/lang/reflect/Method;)I @ 111
Event: 10.124 Thread 0x0000000019602000 Uncommon trap: reason=unstable_if action=reinterpret pc=0x0000000002e35104 method=sun.misc.MetaIndex.mayContain(Ljava/lang/String;)Z @ 38
Event: 10.125 Thread 0x0000000019602000 Uncommon trap: reason=class_check action=maybe_recompile pc=0x0000000002d1ace8 method=java.io.DataInputStream.readUnsignedShort()I @ 4
Event: 10.125 Thread 0x0000000019602000 Uncommon trap: reason=class_check action=maybe_recompile pc=0x0000000002d1ace8 method=java.io.DataInputStream.readUnsignedShort()I @ 4
Event: 10.125 Thread 0x0000000019602000 Uncommon trap: reason=class_check action=maybe_recompile pc=0x0000000002d1ace8 method=java.io.DataInputStream.readUnsignedShort()I @ 4
Event: 10.125 Thread 0x0000000019602000 Uncommon trap: reason=class_check action=maybe_recompile pc=0x0000000002d1ace8 method=java.io.DataInputStream.readUnsignedShort()I @ 4
Event: 10.370 Thread 0x0000000019602000 Uncommon trap: reason=unstable_if action=reinterpret pc=0x000000000359a16c method=com.sun.org.apache.xerces.internal.impl.XMLEntityScanner.scanContent(Lcom/sun/org/apache/xerces/internal/xni/XMLString;)I @ 481

Internal exceptions (10 events):
Event: 10.506 Thread 0x0000000019602000 Exception <a 'sun/nio/fs/WindowsException'> (0x00000000e40ba348) thrown at [D:\re\puppet\workspace\8-2-build-windows-amd64-cygwin\jdk8u73\6086\hotspot\src\share\vm\prims\jni.cpp, line 709]
Event: 10.507 Thread 0x0000000019602000 Exception <a 'sun/nio/fs/WindowsException'> (0x00000000e40bac78) thrown at [D:\re\puppet\workspace\8-2-build-windows-amd64-cygwin\jdk8u73\6086\hotspot\src\share\vm\prims\jni.cpp, line 709]
Event: 10.507 Thread 0x0000000019602000 Exception <a 'sun/nio/fs/WindowsException'> (0x00000000e40bcf80) thrown at [D:\re\puppet\workspace\8-2-build-windows-amd64-cygwin\jdk8u73\6086\hotspot\src\share\vm\prims\jni.cpp, line 709]
Event: 10.507 Thread 0x0000000019602000 Exception <a 'sun/nio/fs/WindowsException'> (0x00000000e40bd8f0) thrown at [D:\re\puppet\workspace\8-2-build-windows-amd64-cygwin\jdk8u73\6086\hotspot\src\share\vm\prims\jni.cpp, line 709]
Event: 10.507 Thread 0x0000000019602000 Exception <a 'sun/nio/fs/WindowsException'> (0x00000000e40beed8) thrown at [D:\re\puppet\workspace\8-2-build-windows-amd64-cygwin\jdk8u73\6086\hotspot\src\share\vm\prims\jni.cpp, line 709]
Event: 10.507 Thread 0x0000000019602000 Exception <a 'sun/nio/fs/WindowsException'> (0x00000000e40bf880) thrown at [D:\re\puppet\workspace\8-2-build-windows-amd64-cygwin\jdk8u73\6086\hotspot\src\share\vm\prims\jni.cpp, line 709]
Event: 10.612 Thread 0x0000000019602000 Exception <a 'java/lang/NoSuchMethodError': java.lang.Object.lambda$comparing$77a9974f$1(Ljava/util/function/Function;Ljava/lang/Object;Ljava/lang/Object;)I> (0x00000000e507fb08) thrown at [D:\re\puppet\workspace\8-2-build-windows-amd64-cygwin\jdk8u73\6086Íà
]Ž:%@
Event: 10.614 Thread 0x0000000019602000 Exception <a 'java/lang/NoSuchMethodError': java.lang.Object.lambda$thenComparing$36697e65$1(Ljava/util/Comparator;Ljava/lang/Object;Ljava/lang/Object;)I> (0x00000000e5095cf0) thrown at [D:\re\puppet\workspace\8-2-build-windows-amd64-cygwin\jdk8u73\6086\ho1È»å¿C%@
Event: 10.632 Thread 0x0000000019602000 Exception <a 'java/lang/NoSuchMethodError': java.lang.Object.lambda$maxBy$24(Ljava/util/Comparator;Ljava/lang/Object;Ljava/lang/Object;)Ljava/lang/Object;> (0x00000000e51eb898) thrown at [D:\re\puppet\workspace\8-2-build-windows-amd64-cygwin\jdk8u73\6086\h‡P%*K%@
Event: 10.647 Thread 0x0000000019602000 Exception <a 'sun/nio/fs/WindowsException'> (0x00000000e52885b0) thrown at [D:\re\puppet\workspace\8-2-build-windows-amd64-cygwin\jdk8u73\6086\hotspot\src\share\vm\prims\jni.cpp, line 709]

Events (10 events):
Event: 10.671 loading class com/android/build/gradle/internal/dsl/CoreExternalNativeBuildOptions
Event: 10.671 loading class com/android/build/gradle/internal/dsl/CoreExternalNativeBuildOptions done
Event: 10.671 loading class com/android/build/gradle/internal/core/MergedExternalNativeBuildOptions
Event: 10.671 loading class com/android/build/gradle/internal/core/MergedExternalNativeBuildOptions done
Event: 10.672 loading class com/android/build/gradle/internal/scope/VariantScope
Event: 10.672 loading class com/android/build/gradle/internal/scope/VariantScope done
Event: 10.673 loading class android/databinding/tool/LayoutXmlProcessor$OriginalFileLookup
Event: 10.673 loading class android/databinding/tool/LayoutXmlProcessor$OriginalFileLookup done
Event: 10.673 loading class com/android/build/gradle/internal/variant/SplitHandlingPolicy
Event: 10.673 loading class com/android/build/gradle/internal/variant/SplitHandlingPolicy done


Dynamic libraries:
0x000000013f3e0000 - 0x000000013f417000 	C:\Program Files\Java\jdk1.8.0_73\bin\java.exe
0x0000000077680000 - 0x000000007782a000 	C:\Windows\SYSTEM32\ntdll.dll
0x0000000077560000 - 0x000000007767f000 	C:\Windows\system32\kernel32.dll
0x000007fefd700000 - 0x000007fefd76a000 	C:\Windows\system32\KERNELBASE.dll
0x000007feff0e0000 - 0x000007feff1bb000 	C:\Windows\system32\ADVAPI32.dll
0x000007fefdbd0000 - 0x000007fefdc6f000 	C:\Windows\system32\msvcrt.dll
0x000007fefefc0000 - 0x000007fefefdf000 	C:\Windows\SYSTEM32\sechost.dll
0x000007feff2d0000 - 0x000007feff3fd000 	C:\Windows\system32\RPCRT4.dll
0x0000000077460000 - 0x000000007755a000 	C:\Windows\system32\USER32.dll
0x000007fefed10000 - 0x000007fefed77000 	C:\Windows\system32\GDI32.dll
0x000007feff980000 - 0x000007feff98e000 	C:\Windows\system32\LPK.dll
0x000007fefedd0000 - 0x000007fefee9a000 	C:\Windows\system32\USP10.dll
0x000007fefb520000 - 0x000007fefb714000 	C:\Windows\WinSxS\amd64_microsoft.windows.common-controls_6595b64144ccf1df_6.0.7601.18837_none_fa3b1e3d17594757\COMCTL32.dll
0x000007fefef40000 - 0x000007fefefb1000 	C:\Windows\system32\SHLWAPI.dll
0x000007fefd1f0000 - 0x000007fefd247000 	C:\Windows\system32\apphelp.dll
0x000007fef29e0000 - 0x000007fef2a31000 	C:\Windows\AppPatch\AppPatch64\AcGenral.DLL
0x000007fefd1c0000 - 0x000007fefd1e5000 	C:\Windows\system32\SspiCli.dll
0x000007feff400000 - 0x000007feff603000 	C:\Windows\system32\ole32.dll
0x000007fefdc70000 - 0x000007fefe9fa000 	C:\Windows\system32\SHELL32.dll
0x0000000073db0000 - 0x0000000073db3000 	C:\Windows\system32\sfc.dll
0x000007fef6be0000 - 0x000007fef6bf0000 	C:\Windows\system32\sfc_os.DLL
0x000007fefd5d0000 - 0x000007fefd5ee000 	C:\Windows\system32\USERENV.dll
0x000007fefd3c0000 - 0x000007fefd3cf000 	C:\Windows\system32\profapi.dll
0x000007fefaed0000 - 0x000007fefaee8000 	C:\Windows\system32\dwmapi.dll
0x000007fef5c50000 - 0x000007fef5c68000 	C:\Windows\system32\MPR.dll
0x000007fefea00000 - 0x000007fefea2e000 	C:\Windows\system32\IMM32.DLL
0x000007feff1c0000 - 0x000007feff2c9000 	C:\Windows\system32\MSCTF.dll
0x0000000070da0000 - 0x0000000070e72000 	C:\Program Files\Java\jdk1.8.0_73\jre\bin\msvcr100.dll
0x0000000054580000 - 0x0000000054e10000 	C:\Program Files\Java\jdk1.8.0_73\jre\bin\server\jvm.dll
0x000007fefa920000 - 0x000007fefa929000 	C:\Windows\system32\WSOCK32.dll
0x000007fefed80000 - 0x000007fefedcd000 	C:\Windows\system32\WS2_32.dll
0x000007fefdbc0000 - 0x000007fefdbc8000 	C:\Windows\system32\NSI.dll
0x000007fefade0000 - 0x000007fefae1b000 	C:\Windows\system32\WINMM.dll
0x000007fefc450000 - 0x000007fefc45c000 	C:\Windows\system32\VERSION.dll
0x0000000077840000 - 0x0000000077847000 	C:\Windows\system32\PSAPI.DLL
0x0000000072410000 - 0x000000007241f000 	C:\Program Files\Java\jdk1.8.0_73\jre\bin\verify.dll
0x0000000071ff0000 - 0x0000000072019000 	C:\Program Files\Java\jdk1.8.0_73\jre\bin\java.dll
0x0000000071fd0000 - 0x0000000071fe6000 	C:\Program Files\Java\jdk1.8.0_73\jre\bin\zip.dll
0x0000000071fb0000 - 0x0000000071fca000 	C:\Program Files\Java\jdk1.8.0_73\jre\bin\net.dll
0x000007fefcb90000 - 0x000007fefcbe5000 	C:\Windows\system32\mswsock.dll
0x000007fefcb80000 - 0x000007fefcb87000 	C:\Windows\System32\wship6.dll
0x0000000071f90000 - 0x0000000071fa1000 	C:\Program Files\Java\jdk1.8.0_73\jre\bin\nio.dll
0x000007fef9fe0000 - 0x000007fef9ff2000 	C:\Users\Matt Bird\.gradle\native\19\windows-amd64\native-platform.dll
0x000007fefcbf0000 - 0x000007fefcc08000 	C:\Windows\system32\CRYPTSP.dll
0x000007fefc8f0000 - 0x000007fefc937000 	C:\Windows\system32\rsaenh.dll
0x000007fefd250000 - 0x000007fefd25f000 	C:\Windows\system32\CRYPTBASE.dll
0x000007fefa8e0000 - 0x000007fefa907000 	C:\Windows\system32\IPHLPAPI.DLL
0x000007fefa8d0000 - 0x000007fefa8db000 	C:\Windows\system32\WINNSI.DLL
0x000007fef9970000 - 0x000007fef9988000 	C:\Windows\system32\dhcpcsvc.DLL
0x000007fef9950000 - 0x000007fef9961000 	C:\Windows\system32\dhcpcsvc6.DLL
0x00000000733e0000 - 0x00000000733ed000 	C:\Program Files\Java\jdk1.8.0_73\jre\bin\management.dll
0x000007fefa930000 - 0x000007fefaa55000 	C:\Windows\system32\dbghelp.dll

VM Arguments:
jvm_args: -Xmx1536m -Dfile.encoding=windows-1252 -Duser.country=NZ -Duser.language=en -Duser.variant 
java_command: org.gradle.launcher.daemon.bootstrap.GradleDaemon 2.14.1
java_class_path (initial): C:\Program Files\Android\Android Studio\gradle\gradle-2.14.1\lib\gradle-launcher-2.14.1.jar
Launcher Type: SUN_STANDARD

Environment Variables:
JAVA_HOME=C:\Program Files\Java\jdk1.8.0_91
PATH=C:\ProgramData\Oracle\Java\javapath;C:\Program Files\Common Files\Microsoft Shared\Windows Live;C:\Program Files (x86)\Common Files\Microsoft Shared\Windows Live;C:\python27_x64\;C:\python27_x64\Scripts;C:\Windows\system32;C:\Windows;C:\Windows\System32\Wbem;C:\Windows\System32\WindowsPowerShell\v1.0\;C:\Program Files\Intel\WiFi\bin\;C:\Program Files\Common Files\Intel\WirelessCommon\;C:\Program Files (x86)\Intel\OpenCL SDK\3.0\bin\x86;C:\Program Files (x86)\Intel\OpenCL SDK\3.0\bin\x64;C:\Program Files (x86)\Google\Cloud SDK\google-cloud-sdk\bin;C:\Program Files (x86)\Autodesk\Backburner\;C:\Program Files (x86)\Windows Live\Shared;C:\Program Files (x86)\Windows Kits\8.1\Windows Performance Toolkit\;C:\Program Files\nodejs\;C:\Matt\Programs\Code\AndroidSDK\platform-tools\;C:\Program Files (x86)\Skype\Phone\;C:\Program Files\Intel\WiFi\bin\;C:\Program Files\Common Files\Intel\WirelessCommon\;C:\Users\Matt Bird\AppData\Roaming\npm
USERNAME=Matt Bird
OS=Windows_NT
PROCESSOR_IDENTIFIER=Intel64 Family 6 Model 58 Stepping 9, GenuineIntel



---------------  S Y S T E M  ---------------

OS: Windows 7 , 64 bit Build 7601 (6.1.7601.23539)

CPU:total 4 (2 cores per cpu, 2 threads per core) family 6 model 58 stepping 9, cmov, cx8, fxsr, mmx, sse, sse2, sse3, ssse3, sse4.1, sse4.2, popcnt, avx, aes, clmul, erms, ht, tsc, tscinvbit, tscinv

Memory: 4k page, physical 10203112k(4313600k free), swap 11078268k(4840044k free)

vm_info: Java HotSpot(TM) 64-Bit Server VM (25.73-b02) for windows-amd64 JRE (1.8.0_73-b02), built on Jan 29 2016 17:38:49 by "java_re" with MS VC++ 10.0 (VS2010)

time: Thu Feb 23 17:52:22 2017
elapsed time: 10 seconds (0d 0h 0m 10s)

