#
# A fatal error has been detected by the Java Runtime Environment:
#
#  EXCEPTION_ACCESS_VIOLATION (0xc0000005) at pc=0x000000006858ca91, pid=4884, tid=1196
#
# JRE version: Java(TM) SE Runtime Environment (8.0_73-b02) (build 1.8.0_73-b02)
# Java VM: Java HotSpot(TM) 64-Bit Server VM (25.73-b02 mixed mode windows-amd64 compressed oops)
# Problematic frame:
# V  [jvm.dll+0x4bca91]
#
# Failed to write core dump. Minidumps are not enabled by default on client versions of Windows
#
# If you would like to submit a bug report, please visit:
#   http://bugreport.java.com/bugreport/crash.jsp
#

---------------  T H R E A D  ---------------

Current thread (0x0000000056451800):  JavaThread "C2 CompilerThread0" daemon [_thread_in_native, id=1196, stack(0x0000000057c80000,0x0000000057d80000)]

siginfo: ExceptionCode=0xc0000005, reading address 0xffffffffffffffff

Registers:
RAX=0x00000000000000d2, RBX=0x0053000058926600, RCX=0x0000000060c5b800, RDX=0x0000000057d7bdb0
RSP=0x0000000057d7bdb0, RBP=0x0000000000000001, RSI=0x000000005baaf080, RDI=0x0000000057d7c250
R8 =0x0000000000001c78, R9 =0x000000005cd33c50, R10=0x980f842ce0000fab, R11=0x0000000057d7bda8
R12=0x000000005644bad0, R13=0x000000005bca78c0, R14=0x0000000000000000, R15=0x000000005644bad0
RIP=0x000000006858ca91, EFLAGS=0x0000000000010297

Top of Stack: (sp=0x0000000057d7bdb0)
0x0000000057d7bdb0:   0000000000000000 000000005e94e8b0
0x0000000057d7bdc0:   000000005baaf080 000000000000007e
0x0000000057d7bdd0:   0000000057d7c250 000000005fb3b310
0x0000000057d7bde0:   0000000057d7bf30 000000006858cb5d
0x0000000057d7bdf0:   000000005baaf080 0000000057d7c250
0x0000000057d7be00:   000000005baaf230 0000000057da6e80
0x0000000057d7be10:   0000000057d7c250 0000000000000002
0x0000000057d7be20:   0000000057d7bf30 000000006858d2b9
0x0000000057d7be30:   000000005fb3b310 0000000057d7c250
0x0000000057d7be40:   0000000000000001 0000000057da6e80
0x0000000057d7be50:   000000005bca7910 000000005bcaf8a8
0x0000000057d7be60:   00000000000f5130 000000005644bad0
0x0000000057d7be70:   0000000000000100 000000005ba7f2d0
0x0000000057d7be80:   0000000000000000 000000006873db68
0x0000000057d7be90:   000000005644bad0 0000000000000200
0x0000000057d7bea0:   000000005ba7fad0 0000000000000008 

Instructions: (pc=0x000000006858ca91)
0x000000006858ca71:   48 8b 47 30 48 8b 04 c8 eb 02 33 c0 48 3b c6 74
0x000000006858ca81:   4f 44 8b 43 28 4c 8b 8f f0 09 00 00 4b 8b 1c c1
0x000000006858ca91:   48 8b 43 08 48 83 38 00 75 28 8b 57 28 66 90 8b
0x000000006858caa1:   43 28 3b c2 73 0c 8b c8 48 8b 47 30 48 8b 1c c8 


Register to memory mapping:

RAX=0x00000000000000d2 is an unknown value
RBX=0x0053000058926600 is an unknown value
RCX=0x0000000060c5b800 is an unknown value
RDX=0x0000000057d7bdb0 is pointing into the stack for thread: 0x0000000056451800
RSP=0x0000000057d7bdb0 is pointing into the stack for thread: 0x0000000056451800
RBP=0x0000000000000001 is an unknown value
RSI=0x000000005baaf080 is an unknown value
RDI=0x0000000057d7c250 is pointing into the stack for thread: 0x0000000056451800
R8 =0x0000000000001c78 is an unknown value
R9 =0x000000005cd33c50 is an unknown value
R10=0x980f842ce0000fab is an unknown value
R11=0x0000000057d7bda8 is pointing into the stack for thread: 0x0000000056451800
R12=0x000000005644bad0 is an unknown value
R13=0x000000005bca78c0 is an unknown value
R14=0x0000000000000000 is an unknown value
R15=0x000000005644bad0 is an unknown value


Stack: [0x0000000057c80000,0x0000000057d80000],  sp=0x0000000057d7bdb0,  free space=1007k
Native frames: (J=compiled Java code, j=interpreted, Vv=VM code, C=native code)
V  [jvm.dll+0x4bca91]
V  [jvm.dll+0x4bcb5d]
V  [jvm.dll+0x4bd2b9]
V  [jvm.dll+0x46f401]
V  [jvm.dll+0x47013e]
V  [jvm.dll+0x453492]
V  [jvm.dll+0xa4932]
V  [jvm.dll+0xa526f]
V  [jvm.dll+0x243234]
V  [jvm.dll+0x29a10a]
C  [msvcr100.dll+0x21d9f]
C  [msvcr100.dll+0x21e3b]
C  [kernel32.dll+0x159cd]
C  [ntdll.dll+0x2a2e1]


Current CompileTask:
C2:  16824 8515       4       com.android.dx.ssa.SCCP::simulatePhi (169 bytes)


---------------  P R O C E S S  ---------------

Java Threads: ( => current thread )
  0x000000005e7ae000 JavaThread "pool-17-thread-4" [_thread_blocked, id=808, stack(0x0000000063640000,0x0000000063740000)]
  0x000000005e7ad800 JavaThread "pool-17-thread-3" [_thread_blocked, id=4484, stack(0x0000000063fb0000,0x00000000640b0000)]
  0x000000005e7ac800 JavaThread "pool-17-thread-2" [_thread_blocked, id=1216, stack(0x0000000063d00000,0x0000000063e00000)]
  0x000000005e7a9000 JavaThread "pool-18-thread-1" [_thread_blocked, id=3712, stack(0x0000000062b00000,0x0000000062c00000)]
  0x000000005e7a9800 JavaThread "pool-17-thread-1" [_thread_blocked, id=4076, stack(0x00000000640f0000,0x00000000641f0000)]
  0x000000005930e000 JavaThread "pool-15-thread-4" [_thread_blocked, id=1420, stack(0x0000000063e00000,0x0000000063f00000)]
  0x000000005930d800 JavaThread "pool-15-thread-3" [_thread_blocked, id=3672, stack(0x0000000063be0000,0x0000000063ce0000)]
  0x000000005930f000 JavaThread "pool-15-thread-2" [_thread_blocked, id=5116, stack(0x00000000637a0000,0x00000000638a0000)]
  0x0000000059310800 JavaThread "pool-16-thread-1" [_thread_blocked, id=7904, stack(0x0000000063540000,0x0000000063640000)]
  0x000000005930f800 JavaThread "pool-15-thread-1" [_thread_blocked, id=3092, stack(0x0000000063410000,0x0000000063510000)]
  0x000000005e7ac000 JavaThread "pool-7-thread-4" [_thread_blocked, id=4268, stack(0x0000000064dd0000,0x0000000064ed0000)]
  0x000000005e7ab000 JavaThread "pool-7-thread-3" [_thread_blocked, id=3016, stack(0x0000000064cc0000,0x0000000064dc0000)]
  0x000000005e7aa800 JavaThread "pool-7-thread-2" [_thread_in_Java, id=4340, stack(0x0000000064b30000,0x0000000064c30000)]
  0x000000005e7b9800 JavaThread "pool-11-thread-1" [_thread_blocked, id=4456, stack(0x00000000639e0000,0x0000000063ae0000)]
  0x000000005e7b9000 JavaThread "pool-7-thread-1" [_thread_blocked, id=7184, stack(0x00000000638d0000,0x00000000639d0000)]
  0x000000005930c800 JavaThread "pool-6-thread-3" [_thread_blocked, id=2576, stack(0x0000000062ec0000,0x0000000062fc0000)]
  0x000000005930c000 JavaThread "pool-6-thread-4" [_thread_blocked, id=9596, stack(0x0000000062d40000,0x0000000062e40000)]
  0x000000005930b000 JavaThread "pool-6-thread-2" [_thread_blocked, id=5280, stack(0x0000000062c00000,0x0000000062d00000)]
  0x0000000059309000 JavaThread "pool-6-thread-1" [_thread_blocked, id=6388, stack(0x00000000629f0000,0x0000000062af0000)]
  0x000000005930a800 JavaThread "pool-4-thread-4" [_thread_blocked, id=6756, stack(0x0000000062890000,0x0000000062990000)]
  0x0000000059309800 JavaThread "pool-4-thread-3" [_thread_in_Java, id=4384, stack(0x000000005db10000,0x000000005dc10000)]
  0x0000000059308000 JavaThread "pool-4-thread-2" [_thread_blocked, id=3744, stack(0x0000000058d90000,0x0000000058e90000)]
  0x0000000059302800 JavaThread "pool-4-thread-1" [_thread_blocked, id=8432, stack(0x000000005eec0000,0x000000005efc0000)]
  0x0000000059303800 JavaThread "File lock request listener" [_thread_in_native, id=8032, stack(0x000000005d580000,0x000000005d680000)]
  0x0000000059208800 JavaThread "Stdin handler" [_thread_blocked, id=4880, stack(0x000000005aa70000,0x000000005ab70000)]
  0x000000005954a800 JavaThread "Asynchronous log dispatcher for org.gradle.launcher.daemon.server.DefaultDaemonConnection@5ae4cb6d" [_thread_blocked, id=7196, stack(0x000000005a970000,0x000000005aa70000)]
  0x0000000059205800 JavaThread "Daemon worker" [_thread_blocked, id=8952, stack(0x000000005a840000,0x000000005a940000)]
  0x00000000594b5000 JavaThread "Cancel handler" [_thread_blocked, id=4584, stack(0x000000005a710000,0x000000005a810000)]
  0x0000000059467800 JavaThread "Handler for socket connection from /127.0.0.1:51777 to /127.0.0.1:51778" [_thread_in_native, id=3096, stack(0x000000005a5d0000,0x000000005a6d0000)]
  0x0000000059466800 JavaThread "Daemon" [_thread_blocked, id=7052, stack(0x000000005a050000,0x000000005a150000)]
  0x000000005927a800 JavaThread "Incoming local TCP Connector on port 51777" [_thread_in_native, id=9684, stack(0x000000005a2d0000,0x000000005a3d0000)]
  0x000000005939b800 JavaThread "pool-1-thread-1" [_thread_blocked, id=6760, stack(0x000000005a180000,0x000000005a280000)]
  0x0000000057de7800 JavaThread "Service Thread" daemon [_thread_blocked, id=9396, stack(0x0000000058380000,0x0000000058480000)]
  0x0000000057d82800 JavaThread "C1 CompilerThread2" daemon [_thread_blocked, id=8132, stack(0x0000000058260000,0x0000000058360000)]
  0x0000000057d81000 JavaThread "C2 CompilerThread1" daemon [_thread_blocked, id=1084, stack(0x0000000057b10000,0x0000000057c10000)]
=>0x0000000056451800 JavaThread "C2 CompilerThread0" daemon [_thread_in_native, id=1196, stack(0x0000000057c80000,0x0000000057d80000)]
  0x000000005644e000 JavaThread "Attach Listener" daemon [_thread_blocked, id=8960, stack(0x0000000057880000,0x0000000057980000)]
  0x000000005645e800 JavaThread "Signal Dispatcher" daemon [_thread_blocked, id=728, stack(0x00000000579a0000,0x0000000057aa0000)]
  0x00000000563f1000 JavaThread "Finalizer" daemon [_thread_blocked, id=8924, stack(0x00000000576c0000,0x00000000577c0000)]
  0x00000000563f0000 JavaThread "Reference Handler" daemon [_thread_blocked, id=4424, stack(0x0000000057560000,0x0000000057660000)]
  0x0000000001e1f000 JavaThread "main" [_thread_blocked, id=7084, stack(0x0000000002280000,0x0000000002380000)]

Other Threads:
  0x00000000563ea800 VMThread [stack: 0x0000000057410000,0x0000000057510000] [id=8632]
  0x0000000057e38000 WatcherThread [stack: 0x0000000058480000,0x0000000058580000] [id=5880]

VM state:not at safepoint (normal execution)

VM Mutex/Monitor currently owned by a thread: None

Heap:
 PSYoungGen      total 153600K, used 58686K [0x00000000e0000000, 0x00000000eca00000, 0x0000000100000000)
  eden space 132608K, 32% used [0x00000000e0000000,0x00000000e2999db8,0x00000000e8180000)
  from space 20992K, 76% used [0x00000000e8180000,0x00000000e9135b60,0x00000000e9600000)
  to   space 22016K, 0% used [0x00000000eb480000,0x00000000eb480000,0x00000000eca00000)
 ParOldGen       total 179200K, used 38721K [0x00000000a0000000, 0x00000000aaf00000, 0x00000000e0000000)
  object space 179200K, 21% used [0x00000000a0000000,0x00000000a25d0628,0x00000000aaf00000)
 Metaspace       used 58534K, capacity 59820K, committed 60120K, reserved 1101824K
  class space    used 7819K, capacity 8150K, committed 8192K, reserved 1048576K

Card table byte_map: [0x0000000011a10000,0x0000000011d20000] byte_map_base: 0x0000000011510000

Marking Bits: (ParMarkBitMap*) 0x00000000688e0600
 Begin Bits: [0x0000000012760000, 0x0000000013f60000)
 End Bits:   [0x0000000013f60000, 0x0000000015760000)

Polling page: 0x0000000001d80000

CodeCache: size=245760Kb used=23554Kb max_used=23556Kb free=222205Kb
 bounds [0x0000000002650000, 0x0000000003d70000, 0x0000000011650000]
 total_blobs=8233 nmethods=7497 adapters=647
 compilation: enabled

Compilation events (10 events):
Event: 16.796 Thread 0x0000000057d82800 8533       1       com.android.dx.dex.file.ClassDefItem::getThisClass (5 bytes)
Event: 16.796 Thread 0x0000000057d82800 nmethod 8533 0x0000000003d44450 code [0x0000000003d445a0, 0x0000000003d446b0]
Event: 16.796 Thread 0x0000000057d82800 8523       2       java.util.concurrent.LinkedBlockingQueue$Node::<init> (10 bytes)
Event: 16.796 Thread 0x0000000057d82800 nmethod 8523 0x0000000003d0d9d0 code [0x0000000003d0db20, 0x0000000003d0dc90]
Event: 16.796 Thread 0x0000000057d82800 8531       2       com.android.dx.cf.direct.DirectClassFile::getMethods (9 bytes)
Event: 16.796 Thread 0x0000000057d82800 nmethod 8531 0x0000000003d0d610 code [0x0000000003d0d780, 0x0000000003d0d908]
Event: 16.796 Thread 0x0000000057d82800 8534       2       com.android.dx.cf.direct.DirectClassFile::makeTypeList (47 bytes)
Event: 16.796 Thread 0x0000000057d82800 nmethod 8534 0x0000000003d0d090 code [0x0000000003d0d220, 0x0000000003d0d4d8]
Event: 16.796 Thread 0x0000000057d82800 8536       2       sun.util.calendar.ZoneInfo::getOffsetsByWall (8 bytes)
Event: 16.797 Thread 0x0000000057d82800 nmethod 8536 0x0000000003d0cd10 code [0x0000000003d0ce80, 0x0000000003d0cfe8]

GC Heap History (10 events):
Event: 7.676 GC heap before
{Heap before GC invocations=10 (full 2):
 PSYoungGen      total 85504K, used 73216K [0x00000000e0000000, 0x00000000e8600000, 0x0000000100000000)
  eden space 73216K, 100% used [0x00000000e0000000,0x00000000e4780000,0x00000000e4780000)
  from space 12288K, 0% used [0x00000000e4780000,0x00000000e4780000,0x00000000e5380000)
  to   space 12800K, 0% used [0x00000000e7980000,0x00000000e7980000,0x00000000e8600000)
 ParOldGen       total 116224K, used 15679K [0x00000000a0000000, 0x00000000a7180000, 0x00000000e0000000)
  object space 116224K, 13% used [0x00000000a0000000,0x00000000a0f4ffc0,0x00000000a7180000)
 Metaspace       used 40737K, capacity 41430K, committed 41856K, reserved 1085440K
  class space    used 5571K, capacity 5709K, committed 5760K, reserved 1048576K
Event: 7.684 GC heap after
Heap after GC invocations=10 (full 2):
 PSYoungGen      total 117248K, used 7307K [0x00000000e0000000, 0x00000000e8200000, 0x0000000100000000)
  eden space 108544K, 0% used [0x00000000e0000000,0x00000000e0000000,0x00000000e6a00000)
  from space 8704K, 83% used [0x00000000e7980000,0x00000000e80a2fe0,0x00000000e8200000)
  to   space 12288K, 0% used [0x00000000e6a00000,0x00000000e6a00000,0x00000000e7600000)
 ParOldGen       total 116224K, used 15751K [0x00000000a0000000, 0x00000000a7180000, 0x00000000e0000000)
  object space 116224K, 13% used [0x00000000a0000000,0x00000000a0f61fd0,0x00000000a7180000)
 Metaspace       used 40737K, capacity 41430K, committed 41856K, reserved 1085440K
  class space    used 5571K, capacity 5709K, committed 5760K, reserved 1048576K
}
Event: 9.275 GC heap before
{Heap before GC invocations=11 (full 2):
 PSYoungGen      total 117248K, used 115851K [0x00000000e0000000, 0x00000000e8200000, 0x0000000100000000)
  eden space 108544K, 100% used [0x00000000e0000000,0x00000000e6a00000,0x00000000e6a00000)
  from space 8704K, 83% used [0x00000000e7980000,0x00000000e80a2fe0,0x00000000e8200000)
  to   space 12288K, 0% used [0x00000000e6a00000,0x00000000e6a00000,0x00000000e7600000)
 ParOldGen       total 116224K, used 15751K [0x00000000a0000000, 0x00000000a7180000, 0x00000000e0000000)
  object space 116224K, 13% used [0x00000000a0000000,0x00000000a0f61fd0,0x00000000a7180000)
 Metaspace       used 47363K, capacity 48426K, committed 48512K, reserved 1091584K
  class space    used 6531K, capacity 6761K, committed 6784K, reserved 1048576K
Event: 9.297 GC heap after
Heap after GC invocations=11 (full 2):
 PSYoungGen      total 120832K, used 12271K [0x00000000e0000000, 0x00000000ea500000, 0x0000000100000000)
  eden space 108544K, 0% used [0x00000000e0000000,0x00000000e0000000,0x00000000e6a00000)
  from space 12288K, 99% used [0x00000000e6a00000,0x00000000e75fbff0,0x00000000e7600000)
  to   space 15360K, 0% used [0x00000000e9600000,0x00000000e9600000,0x00000000ea500000)
 ParOldGen       total 116224K, used 20131K [0x00000000a0000000, 0x00000000a7180000, 0x00000000e0000000)
  object space 116224K, 17% used [0x00000000a0000000,0x00000000a13a8c48,0x00000000a7180000)
 Metaspace       used 47363K, capacity 48426K, committed 48512K, reserved 1091584K
  class space    used 6531K, capacity 6761K, committed 6784K, reserved 1048576K
}
Event: 15.285 GC heap before
{Heap before GC invocations=12 (full 2):
 PSYoungGen      total 120832K, used 119429K [0x00000000e0000000, 0x00000000ea500000, 0x0000000100000000)
  eden space 108544K, 98% used [0x00000000e0000000,0x00000000e68a57a8,0x00000000e6a00000)
  from space 12288K, 99% used [0x00000000e6a00000,0x00000000e75fbff0,0x00000000e7600000)
  to   space 15360K, 0% used [0x00000000e9600000,0x00000000e9600000,0x00000000ea500000)
 ParOldGen       total 116224K, used 20131K [0x00000000a0000000, 0x00000000a7180000, 0x00000000e0000000)
  object space 116224K, 17% used [0x00000000a0000000,0x00000000a13a8c48,0x00000000a7180000)
 Metaspace       used 57675K, capacity 58964K, committed 59096K, reserved 1099776K
  class space    used 7783K, capacity 8096K, committed 8192K, reserved 1048576K
Event: 15.314 GC heap after
Heap after GC invocations=12 (full 2):
 PSYoungGen      total 147968K, used 15332K [0x00000000e0000000, 0x00000000eac80000, 0x0000000100000000)
  eden space 132608K, 0% used [0x00000000e0000000,0x00000000e0000000,0x00000000e8180000)
  from space 15360K, 99% used [0x00000000e9600000,0x00000000ea4f90b8,0x00000000ea500000)
  to   space 20992K, 0% used [0x00000000e8180000,0x00000000e8180000,0x00000000e9600000)
 ParOldGen       total 116224K, used 29966K [0x00000000a0000000, 0x00000000a7180000, 0x00000000e0000000)
  object space 116224K, 25% used [0x00000000a0000000,0x00000000a1d43928,0x00000000a7180000)
 Metaspace       used 57675K, capacity 58964K, committed 59096K, reserved 1099776K
  class space    used 7783K, capacity 8096K, committed 8192K, reserved 1048576K
}
Event: 15.314 GC heap before
{Heap before GC invocations=13 (full 3):
 PSYoungGen      total 147968K, used 15332K [0x00000000e0000000, 0x00000000eac80000, 0x0000000100000000)
  eden space 132608K, 0% used [0x00000000e0000000,0x00000000e0000000,0x00000000e8180000)
  from space 15360K, 99% used [0x00000000e9600000,0x00000000ea4f90b8,0x00000000ea500000)
  to   space 20992K, 0% used [0x00000000e8180000,0x00000000e8180000,0x00000000e9600000)
 ParOldGen       total 116224K, used 29966K [0x00000000a0000000, 0x00000000a7180000, 0x00000000e0000000)
  object space 116224K, 25% used [0x00000000a0000000,0x00000000a1d43928,0x00000000a7180000)
 Metaspace       used 57675K, capacity 58964K, committed 59096K, reserved 1099776K
  class space    used 7783K, capacity 8096K, committed 8192K, reserved 1048576K
Event: 15.600 GC heap after
Heap after GC invocations=13 (full 3):
 PSYoungGen      total 147968K, used 0K [0x00000000e0000000, 0x00000000eac80000, 0x0000000100000000)
  eden space 132608K, 0% used [0x00000000e0000000,0x00000000e0000000,0x00000000e8180000)
  from space 15360K, 0% used [0x00000000e9600000,0x00000000e9600000,0x00000000ea500000)
  to   space 20992K, 0% used [0x00000000e8180000,0x00000000e8180000,0x00000000e9600000)
 ParOldGen       total 179200K, used 38713K [0x00000000a0000000, 0x00000000aaf00000, 0x00000000e0000000)
  object space 179200K, 21% used [0x00000000a0000000,0x00000000a25ce628,0x00000000aaf00000)
 Metaspace       used 57660K, capacity 58924K, committed 59096K, reserved 1099776K
  class space    used 7777K, capacity 8086K, committed 8192K, reserved 1048576K
}
Event: 16.609 GC heap before
{Heap before GC invocations=14 (full 3):
 PSYoungGen      total 147968K, used 132608K [0x00000000e0000000, 0x00000000eac80000, 0x0000000100000000)
  eden space 132608K, 100% used [0x00000000e0000000,0x00000000e8180000,0x00000000e8180000)
  from space 15360K, 0% used [0x00000000e9600000,0x00000000e9600000,0x00000000ea500000)
  to   space 20992K, 0% used [0x00000000e8180000,0x00000000e8180000,0x00000000e9600000)
 ParOldGen       total 179200K, used 38713K [0x00000000a0000000, 0x00000000aaf00000, 0x00000000e0000000)
  object space 179200K, 21% used [0x00000000a0000000,0x00000000a25ce628,0x00000000aaf00000)
 Metaspace       used 58493K, capacity 59756K, committed 59864K, reserved 1101824K
  class space    used 7818K, capacity 8150K, committed 8192K, reserved 1048576K
Event: 16.630 GC heap after
Heap after GC invocations=14 (full 3):
 PSYoungGen      total 153600K, used 16086K [0x00000000e0000000, 0x00000000eca00000, 0x0000000100000000)
  eden space 132608K, 0% used [0x00000000e0000000,0x00000000e0000000,0x00000000e8180000)
  from space 20992K, 76% used [0x00000000e8180000,0x00000000e9135b60,0x00000000e9600000)
  to   space 22016K, 0% used [0x00000000eb480000,0x00000000eb480000,0x00000000eca00000)
 ParOldGen       total 179200K, used 38721K [0x00000000a0000000, 0x00000000aaf00000, 0x00000000e0000000)
  object space 179200K, 21% used [0x00000000a0000000,0x00000000a25d0628,0x00000000aaf00000)
 Metaspace       used 58493K, capacity 59756K, committed 59864K, reserved 1101824K
  class space    used 7818K, capacity 8150K, committed 8192K, reserved 1048576K
}

Deoptimization events (10 events):
Event: 15.929 Thread 0x0000000059309000 Uncommon trap: reason=speculate_class_check action=maybe_recompile pc=0x0000000003a36ee8 method=com.android.dx.util.FixedSizeList.equals(Ljava/lang/Object;)Z @ 25
Event: 15.929 Thread 0x0000000059309000 Uncommon trap: reason=speculate_class_check action=maybe_recompile pc=0x0000000003a36ee8 method=com.android.dx.util.FixedSizeList.equals(Ljava/lang/Object;)Z @ 25
Event: 16.241 Thread 0x000000005930c000 Uncommon trap: reason=unstable_if action=reinterpret pc=0x0000000003b354b8 method=com.android.dx.ssa.SCCP.simulateStmt(Lcom/android/dx/ssa/SsaInsn;)V @ 53
Event: 16.262 Thread 0x000000005e7ab000 Uncommon trap: reason=unstable_if action=reinterpret pc=0x0000000003a3795c method=com.android.dx.rop.code.RegisterSpecSet.put(Lcom/android/dx/rop/code/RegisterSpec;)V @ 77
Event: 16.262 Thread 0x000000005e7ab000 Uncommon trap: reason=unstable_if action=reinterpret pc=0x0000000003a51458 method=com.android.dx.rop.code.RegisterSpecSet.put(Lcom/android/dx/rop/code/RegisterSpec;)V @ 77
Event: 16.298 Thread 0x000000005e7b9000 Uncommon trap: reason=unstable_if action=reinterpret pc=0x0000000003a2a2c4 method=com.android.dx.rop.code.RegisterSpec.equals(ILcom/android/dx/rop/type/TypeBearer;Lcom/android/dx/rop/code/LocalItem;)Z @ 42
Event: 16.670 Thread 0x000000005e7ab000 Uncommon trap: reason=bimorphic action=maybe_recompile pc=0x0000000003d21678 method=com.android.dx.cf.code.BytecodeArray.parseInstruction(ILcom/android/dx/cf/code/BytecodeArray$Visitor;)I @ 1357
Event: 16.670 Thread 0x000000005e7ab000 Uncommon trap: reason=bimorphic action=maybe_recompile pc=0x0000000003d21678 method=com.android.dx.cf.code.BytecodeArray.parseInstruction(ILcom/android/dx/cf/code/BytecodeArray$Visitor;)I @ 1357
Event: 16.687 Thread 0x000000005930e000 Uncommon trap: reason=unstable_if action=reinterpret pc=0x0000000003b20d8c method=com.android.dx.ssa.SsaMethod.updateOneDefinition(Lcom/android/dx/ssa/SsaInsn;Lcom/android/dx/rop/code/RegisterSpec;)V @ 4
Event: 16.760 Thread 0x000000005930f800 Uncommon trap: reason=unstable_if action=reinterpret pc=0x0000000003a2764c method=java.util.concurrent.ConcurrentHashMap.addCount(JI)V @ 97

Internal exceptions (10 events):
Event: 8.989 Thread 0x0000000059205800 Exception <a 'java/lang/ClassNotFoundException': org/gradle/model/internal/core/ModelMapGroovyViewCustomizer> (0x00000000e60d3420) thrown at [D:\re\puppet\workspace\8-2-build-windows-amd64-cygwin\jdk8u73\6086\hotspot\src\share\vm\classfile\systemDictionarylg…2ãú!@
Event: 8.990 Thread 0x0000000059205800 Exception <a 'java/lang/ClassNotFoundException': org/gradle/model/internal/core/NodeBackedModelMapCustomizer> (0x00000000e60f6ca0) thrown at [D:\re\puppet\workspace\8-2-build-windows-amd64-cygwin\jdk8u73\6086\hotspot\src\share\vm\classfile\systemDictionary
Event: 8.992 Thread 0x0000000059205800 Exception <a 'java/lang/ClassNotFoundException': org/gradle/platform/base/BinaryContainer_ImplCustomizer> (0x00000000e6153aa8) thrown at [D:\re\puppet\workspace\8-2-build-windows-amd64-cygwin\jdk8u73\6086\hotspot\src\share\vm\classfile\systemDictionary.cpp‹Òµ8«>"@
Event: 9.122 Thread 0x0000000059205800 Exception <a 'java/lang/NoSuchMethodError': <clinit>> (0x00000000e6588438) thrown at [D:\re\puppet\workspace\8-2-build-windows-amd64-cygwin\jdk8u73\6086\hotspot\src\share\vm\prims\jni.cpp, line 1591]
Event: 9.124 Thread 0x0000000059205800 Exception <a 'java/lang/NoSuchMethodError': <clinit>> (0x00000000e6595420) thrown at [D:\re\puppet\workspace\8-2-build-windows-amd64-cygwin\jdk8u73\6086\hotspot\src\share\vm\prims\jni.cpp, line 1591]
Event: 9.150 Thread 0x0000000059205800 Exception <a 'java/lang/NoSuchMethodError': <clinit>> (0x00000000e6774d70) thrown at [D:\re\puppet\workspace\8-2-build-windows-amd64-cygwin\jdk8u73\6086\hotspot\src\share\vm\prims\jni.cpp, line 1591]
Event: 9.152 Thread 0x0000000059205800 Exception <a 'java/lang/NoSuchMethodError': <clinit>> (0x00000000e678d580) thrown at [D:\re\puppet\workspace\8-2-build-windows-amd64-cygwin\jdk8u73\6086\hotspot\src\share\vm\prims\jni.cpp, line 1591]
Event: 9.152 Thread 0x0000000059205800 Exception <a 'java/lang/NoSuchMethodError': <clinit>> (0x00000000e678ea98) thrown at [D:\re\puppet\workspace\8-2-build-windows-amd64-cygwin\jdk8u73\6086\hotspot\src\share\vm\prims\jni.cpp, line 1591]
Event: 14.688 Thread 0x0000000059205800 Exception <a 'java/lang/NoSuchMethodError': <clinit>> (0x00000000e49db6d8) thrown at [D:\re\puppet\workspace\8-2-build-windows-amd64-cygwin\jdk8u73\6086\hotspot\src\share\vm\prims\jni.cpp, line 1591]
Event: 15.265 Thread 0x000000005930e000 Implicit null exception at 0x0000000003a2d6ad to 0x0000000003a2e399

Events (10 events):
Event: 16.760 Thread 0x000000005930f800 DEOPT PACKING pc=0x0000000003a2764c sp=0x000000006350e190
Event: 16.760 Thread 0x000000005930f800 DEOPT UNPACKING pc=0x000000000269582a sp=0x000000006350e060 mode 2
Event: 16.770 Thread 0x000000005e7b9000 DEOPT PACKING pc=0x0000000003a41af2 sp=0x00000000639ce770
Event: 16.770 Thread 0x000000005e7b9000 DEOPT UNPACKING pc=0x000000000269787f sp=0x00000000639ce4b8 mode 0
Event: 16.777 Thread 0x000000005e7b9000 DEOPT PACKING pc=0x0000000003a5c52a sp=0x00000000639ce0a0
Event: 16.777 Thread 0x000000005e7b9000 DEOPT UNPACKING pc=0x000000000269787f sp=0x00000000639cddc0 mode 0
Event: 16.777 Thread 0x000000005e7b9000 DEOPT PACKING pc=0x0000000003a90e1d sp=0x00000000639ce720
Event: 16.777 Thread 0x000000005e7b9000 DEOPT UNPACKING pc=0x000000000269787f sp=0x00000000639ce488 mode 0
Event: 16.780 Thread 0x000000005e7b9000 DEOPT PACKING pc=0x0000000003bb771d sp=0x00000000639ce9c0
Event: 16.780 Thread 0x000000005e7b9000 DEOPT UNPACKING pc=0x000000000269787f sp=0x00000000639ce720 mode 0


Dynamic libraries:
0x000000013f110000 - 0x000000013f147000 	C:\Program Files\Java\jdk1.8.0_73\bin\java.exe
0x0000000077290000 - 0x000000007743a000 	C:\Windows\SYSTEM32\ntdll.dll
0x0000000077170000 - 0x000000007728f000 	C:\Windows\system32\kernel32.dll
0x000007fefd2d0000 - 0x000007fefd33a000 	C:\Windows\system32\KERNELBASE.dll
0x000007fefd560000 - 0x000007fefd63b000 	C:\Windows\system32\ADVAPI32.dll
0x000007feff480000 - 0x000007feff51f000 	C:\Windows\system32\msvcrt.dll
0x000007fefe6a0000 - 0x000007fefe6bf000 	C:\Windows\SYSTEM32\sechost.dll
0x000007fefec30000 - 0x000007fefed5d000 	C:\Windows\system32\RPCRT4.dll
0x0000000077070000 - 0x000000007716a000 	C:\Windows\system32\USER32.dll
0x000007fefee80000 - 0x000007fefeee7000 	C:\Windows\system32\GDI32.dll
0x000007feff470000 - 0x000007feff47e000 	C:\Windows\system32\LPK.dll
0x000007fefe9a0000 - 0x000007fefea6a000 	C:\Windows\system32\USP10.dll
0x000007fefb130000 - 0x000007fefb324000 	C:\Windows\WinSxS\amd64_microsoft.windows.common-controls_6595b64144ccf1df_6.0.7601.18837_none_fa3b1e3d17594757\COMCTL32.dll
0x000007fefed60000 - 0x000007fefedd1000 	C:\Windows\system32\SHLWAPI.dll
0x000007fefce00000 - 0x000007fefce57000 	C:\Windows\system32\apphelp.dll
0x000007fef3c50000 - 0x000007fef3ca1000 	C:\Windows\AppPatch\AppPatch64\AcGenral.DLL
0x000007fefcdd0000 - 0x000007fefcdf5000 	C:\Windows\system32\SspiCli.dll
0x000007feff230000 - 0x000007feff433000 	C:\Windows\system32\ole32.dll
0x000007fefd640000 - 0x000007fefe3ca000 	C:\Windows\system32\SHELL32.dll
0x00000000739c0000 - 0x00000000739c3000 	C:\Windows\system32\sfc.dll
0x000007fef6a50000 - 0x000007fef6a60000 	C:\Windows\system32\sfc_os.DLL
0x000007fefd350000 - 0x000007fefd36e000 	C:\Windows\system32\USERENV.dll
0x000007fefcfd0000 - 0x000007fefcfdf000 	C:\Windows\system32\profapi.dll
0x000007fefac70000 - 0x000007fefac88000 	C:\Windows\system32\dwmapi.dll
0x000007fef4db0000 - 0x000007fef4dc8000 	C:\Windows\system32\MPR.dll
0x000007fefec00000 - 0x000007fefec2e000 	C:\Windows\system32\IMM32.DLL
0x000007fefe7f0000 - 0x000007fefe8f9000 	C:\Windows\system32\MSCTF.dll
0x000000006e8f0000 - 0x000000006e9c2000 	C:\Program Files\Java\jdk1.8.0_73\jre\bin\msvcr100.dll
0x00000000680d0000 - 0x0000000068960000 	C:\Program Files\Java\jdk1.8.0_73\jre\bin\server\jvm.dll
0x000007fefa3e0000 - 0x000007fefa3e9000 	C:\Windows\system32\WSOCK32.dll
0x000007fefe6c0000 - 0x000007fefe70d000 	C:\Windows\system32\WS2_32.dll
0x000007feff460000 - 0x000007feff468000 	C:\Windows\system32\NSI.dll
0x000007fefa9d0000 - 0x000007fefaa0b000 	C:\Windows\system32\WINMM.dll
0x000007fefc060000 - 0x000007fefc06c000 	C:\Windows\system32\VERSION.dll
0x0000000077460000 - 0x0000000077467000 	C:\Windows\system32\PSAPI.DLL
0x00000000730b0000 - 0x00000000730bf000 	C:\Program Files\Java\jdk1.8.0_73\jre\bin\verify.dll
0x0000000073080000 - 0x00000000730a9000 	C:\Program Files\Java\jdk1.8.0_73\jre\bin\java.dll
0x0000000073060000 - 0x0000000073076000 	C:\Program Files\Java\jdk1.8.0_73\jre\bin\zip.dll
0x0000000073040000 - 0x000000007305a000 	C:\Program Files\Java\jdk1.8.0_73\jre\bin\net.dll
0x000007fefc7a0000 - 0x000007fefc7f5000 	C:\Windows\system32\mswsock.dll
0x000007fefc790000 - 0x000007fefc797000 	C:\Windows\System32\wship6.dll
0x0000000073020000 - 0x0000000073031000 	C:\Program Files\Java\jdk1.8.0_73\jre\bin\nio.dll
0x000007feecc80000 - 0x000007feecc92000 	C:\Users\Matt Bird\.gradle\native\19\windows-amd64\native-platform.dll
0x000007fefc800000 - 0x000007fefc818000 	C:\Windows\system32\CRYPTSP.dll
0x000007fefc500000 - 0x000007fefc547000 	C:\Windows\system32\rsaenh.dll
0x000007fefce60000 - 0x000007fefce6f000 	C:\Windows\system32\CRYPTBASE.dll
0x000007fefa390000 - 0x000007fefa3b7000 	C:\Windows\system32\IPHLPAPI.DLL
0x000007fefa380000 - 0x000007fefa38b000 	C:\Windows\system32\WINNSI.DLL
0x000007fef9580000 - 0x000007fef9598000 	C:\Windows\system32\dhcpcsvc.DLL
0x000007fef9560000 - 0x000007fef9571000 	C:\Windows\system32\dhcpcsvc6.DLL
0x0000000073010000 - 0x000000007301d000 	C:\Program Files\Java\jdk1.8.0_73\jre\bin\management.dll
0x000007fefa400000 - 0x000007fefa525000 	C:\Windows\system32\dbghelp.dll

VM Arguments:
jvm_args: -Xmx1536m -Dfile.encoding=windows-1252 -Duser.country=NZ -Duser.language=en -Duser.variant 
java_command: org.gradle.launcher.daemon.bootstrap.GradleDaemon 2.14.1
java_class_path (initial): C:\Program Files\Android\Android Studio\gradle\gradle-2.14.1\lib\gradle-launcher-2.14.1.jar
Launcher Type: SUN_STANDARD

Environment Variables:
JAVA_HOME=C:\Program Files\Java\jdk1.8.0_91
PATH=C:\ProgramData\Oracle\Java\javapath;C:\Program Files\Common Files\Microsoft Shared\Windows Live;C:\Program Files (x86)\Common Files\Microsoft Shared\Windows Live;C:\python27_x64\;C:\python27_x64\Scripts;C:\Windows\system32;C:\Windows;C:\Windows\System32\Wbem;C:\Windows\System32\WindowsPowerShell\v1.0\;C:\Program Files\Intel\WiFi\bin\;C:\Program Files\Common Files\Intel\WirelessCommon\;C:\Program Files (x86)\Intel\OpenCL SDK\3.0\bin\x86;C:\Program Files (x86)\Intel\OpenCL SDK\3.0\bin\x64;C:\Program Files (x86)\Google\Cloud SDK\google-cloud-sdk\bin;C:\Program Files (x86)\Autodesk\Backburner\;C:\Program Files (x86)\Windows Live\Shared;C:\Program Files (x86)\Windows Kits\8.1\Windows Performance Toolkit\;C:\Program Files\nodejs\;C:\Matt\Programs\Code\AndroidSDK\platform-tools\;C:\Program Files (x86)\Skype\Phone\;C:\Program Files\Intel\WiFi\bin\;C:\Program Files\Common Files\Intel\WirelessCommon\;C:\Users\Matt Bird\AppData\Roaming\npm
USERNAME=Matt Bird
OS=Windows_NT
PROCESSOR_IDENTIFIER=Intel64 Family 6 Model 58 Stepping 9, GenuineIntel



---------------  S Y S T E M  ---------------

OS: Windows 7 , 64 bit Build 7601 (6.1.7601.23539)

CPU:total 4 (2 cores per cpu, 2 threads per core) family 6 model 58 stepping 9, cmov, cx8, fxsr, mmx, sse, sse2, sse3, ssse3, sse4.1, sse4.2, popcnt, avx, aes, clmul, erms, ht, tsc, tscinvbit, tscinv

Memory: 4k page, physical 10203112k(2891684k free), swap 11029000k(2317756k free)

vm_info: Java HotSpot(TM) 64-Bit Server VM (25.73-b02) for windows-amd64 JRE (1.8.0_73-b02), built on Jan 29 2016 17:38:49 by "java_re" with MS VC++ 10.0 (VS2010)

time: Sat Feb 18 01:50:43 2017
elapsed time: 16 seconds (0d 0h 0m 16s)

