#
# A fatal error has been detected by the Java Runtime Environment:
#
#  EXCEPTION_ACCESS_VIOLATION (0xc0000005) at pc=0x0000000054c30f18, pid=4456, tid=6952
#
# JRE version: Java(TM) SE Runtime Environment (8.0_73-b02) (build 1.8.0_73-b02)
# Java VM: Java HotSpot(TM) 64-Bit Server VM (25.73-b02 mixed mode windows-amd64 compressed oops)
# Problematic frame:
# V  [jvm.dll+0x460f18]
#
# Failed to write core dump. Minidumps are not enabled by default on client versions of Windows
#
# If you would like to submit a bug report, please visit:
#   http://bugreport.java.com/bugreport/crash.jsp
#

---------------  T H R E A D  ---------------

Current thread (0x0000000017806800):  JavaThread "C2 CompilerThread1" daemon [_thread_in_native, id=6952, stack(0x00000000180e0000,0x00000000181e0000)]

siginfo: ExceptionCode=0xc0000005, reading address 0x00000001c2ee2724

Registers:
RAX=0x00000000692f6c6d, RBX=0x00000000692f6c6d, RCX=0x00000000692f6c6d, RDX=0x0000000000040000
RSP=0x00000000181dbf60, RBP=0x00000000181dbfc0, RSI=0x0000000000000000, RDI=0x00000000181dc3e0
R8 =0x000000001e307570, R9 =0x0000000000000000, R10=0x00000000547d0000, R11=0x0000000000000000
R12=0x0000000022089db0, R13=0x000000000000752f, R14=0x00000000547d0000, R15=0x0000000000000000
RIP=0x0000000054c30f18, EFLAGS=0x0000000000010202

Top of Stack: (sp=0x00000000181dbf60)
0x00000000181dbf60:   00000b0500000000 00000000547d0000
0x00000000181dbf70:   00000000181dbfc0 0000000000000000
0x00000000181dbf80:   00000b0900000000 0000000000000008
0x00000000181dbf90:   0000000019ebc8a0 00000b050000000f
0x00000000181dbfa0:   00000000200fc120 000000000000000f
0x00000000181dbfb0:   00000000200fc110 0000000020149e20
0x00000000181dbfc0:   ffffffffffffffff 0000000000000000
0x00000000181dbfd0:   00000000181dc3e0 0000000054c312f7
0x00000000181dbfe0:   0000000022089db0 0000000022089db0
0x00000000181dbff0:   000000000006e280 000000000006e280
0x00000000181dc000:   00000b0500000000 0000000000000008
0x00000000181dc010:   000000001b8658e0 000000000000000f
0x00000000181dc020:   0000000020149e20 000000000000000f
0x00000000181dc030:   0000000020149e10 0000000000000000
0x00000000181dc040:   000000001637b908 0000000000000000
0x00000000181dc050:   00000000000003d8 000000001637b530 

Instructions: (pc=0x0000000054c30f18)
0x0000000054c30ef8:   8b c1 e9 11 02 00 00 49 63 54 24 24 4c 8b 87 08
0x0000000054c30f08:   01 00 00 41 8b 1c 90 3b da 74 33 8b cb 48 63 c3
0x0000000054c30f18:   41 8b 1c 80 3b d9 75 f3 3b d3 74 20 66 66 66 66
0x0000000054c30f28:   0f 1f 84 00 00 00 00 00 48 8b 87 08 01 00 00 48 


Register to memory mapping:

RAX=0x00000000692f6c6d is an unknown value
RBX=0x00000000692f6c6d is an unknown value
RCX=0x00000000692f6c6d is an unknown value
RDX=0x0000000000040000 is an unknown value
RSP=0x00000000181dbf60 is pointing into the stack for thread: 0x0000000017806800
RBP=0x00000000181dbfc0 is pointing into the stack for thread: 0x0000000017806800
RSI=0x0000000000000000 is an unknown value
RDI=0x00000000181dc3e0 is pointing into the stack for thread: 0x0000000017806800
R8 =0x000000001e307570 is an unknown value
R9 =0x0000000000000000 is an unknown value
R10=0x00000000547d0000 is an unknown value
R11=0x0000000000000000 is an unknown value
R12=0x0000000022089db0 is an unknown value
R13=0x000000000000752f is an unknown value
R14=0x00000000547d0000 is an unknown value
R15=0x0000000000000000 is an unknown value


Stack: [0x00000000180e0000,0x00000000181e0000],  sp=0x00000000181dbf60,  free space=1007k
Native frames: (J=compiled Java code, j=interpreted, Vv=VM code, C=native code)
V  [jvm.dll+0x460f18]
V  [jvm.dll+0x4612f7]
V  [jvm.dll+0x462c8c]
V  [jvm.dll+0x46dbbb]
V  [jvm.dll+0x4701d2]
V  [jvm.dll+0x453492]
V  [jvm.dll+0xa4932]
V  [jvm.dll+0xa526f]
V  [jvm.dll+0x243234]
V  [jvm.dll+0x29a10a]
C  [msvcr100.dll+0x21d9f]
C  [msvcr100.dll+0x21e3b]
C  [kernel32.dll+0x159cd]
C  [ntdll.dll+0x2a2e1]


Current CompileTask:
C2:   9992 5107       4       groovy.lang.MetaClassImpl::createMetaBeanProperty (37 bytes)


---------------  P R O C E S S  ---------------

Java Threads: ( => current thread )
  0x000000001a008000 JavaThread "File lock request listener" [_thread_in_native, id=9180, stack(0x000000001b2e0000,0x000000001b3e0000)]
  0x000000001962f000 JavaThread "Stdin handler" [_thread_blocked, id=8988, stack(0x0000000017e70000,0x0000000017f70000)]
  0x000000001962c800 JavaThread "Asynchronous log dispatcher for org.gradle.launcher.daemon.server.DefaultDaemonConnection@5a3a50f1" [_thread_blocked, id=4792, stack(0x000000001ab40000,0x000000001ac40000)]
  0x0000000019624800 JavaThread "Daemon worker" [_thread_in_vm, id=1180, stack(0x000000001a9d0000,0x000000001aad0000)]
  0x0000000019634800 JavaThread "Cancel handler" [_thread_blocked, id=2992, stack(0x000000001a810000,0x000000001a910000)]
  0x00000000195e9800 JavaThread "Handler for socket connection from /127.0.0.1:51984 to /127.0.0.1:51985" [_thread_in_native, id=8848, stack(0x000000001a6d0000,0x000000001a7d0000)]
  0x00000000195ec800 JavaThread "Daemon" [_thread_blocked, id=2040, stack(0x000000001a1e0000,0x000000001a2e0000)]
  0x0000000019449000 JavaThread "Incoming local TCP Connector on port 51984" [_thread_in_native, id=8520, stack(0x000000001a320000,0x000000001a420000)]
  0x000000001922a000 JavaThread "pool-1-thread-1" [_thread_blocked, id=1928, stack(0x0000000018ef0000,0x0000000018ff0000)]
  0x0000000017892000 JavaThread "Service Thread" daemon [_thread_blocked, id=9564, stack(0x0000000018210000,0x0000000018310000)]
  0x0000000017807800 JavaThread "C1 CompilerThread2" daemon [_thread_blocked, id=7972, stack(0x0000000018330000,0x0000000018430000)]
=>0x0000000017806800 JavaThread "C2 CompilerThread1" daemon [_thread_in_native, id=6952, stack(0x00000000180e0000,0x00000000181e0000)]
  0x0000000016377000 JavaThread "C2 CompilerThread0" daemon [_thread_in_native, id=9032, stack(0x0000000017f90000,0x0000000018090000)]
  0x0000000016376000 JavaThread "Attach Listener" daemon [_thread_blocked, id=2836, stack(0x0000000017c10000,0x0000000017d10000)]
  0x0000000016375000 JavaThread "Signal Dispatcher" daemon [_thread_blocked, id=4884, stack(0x0000000017d40000,0x0000000017e40000)]
  0x000000001631a800 JavaThread "Finalizer" daemon [_thread_blocked, id=9220, stack(0x0000000017700000,0x0000000017800000)]
  0x0000000016313800 JavaThread "Reference Handler" daemon [_thread_blocked, id=4268, stack(0x00000000175b0000,0x00000000176b0000)]
  0x0000000001d4f000 JavaThread "main" [_thread_blocked, id=7904, stack(0x0000000002590000,0x0000000002690000)]

Other Threads:
  0x000000001630e800 VMThread [stack: 0x0000000017420000,0x0000000017520000] [id=3016]
  0x0000000017843800 WatcherThread [stack: 0x0000000018560000,0x0000000018660000] [id=4436]

VM state:not at safepoint (normal execution)

VM Mutex/Monitor currently owned by a thread: None

Heap:
 PSYoungGen      total 266752K, used 72001K [0x00000000e0000000, 0x00000000f1680000, 0x0000000100000000)
  eden space 254464K, 23% used [0x00000000e0000000,0x00000000e3ee1778,0x00000000ef880000)
  from space 12288K, 99% used [0x00000000f0a80000,0x00000000f167a4e0,0x00000000f1680000)
  to   space 14848K, 0% used [0x00000000ef980000,0x00000000ef980000,0x00000000f0800000)
 ParOldGen       total 77312K, used 19470K [0x00000000a0000000, 0x00000000a4b80000, 0x00000000e0000000)
  object space 77312K, 25% used [0x00000000a0000000,0x00000000a1303bc8,0x00000000a4b80000)
 Metaspace       used 48554K, capacity 49826K, committed 50176K, reserved 1091584K
  class space    used 6735K, capacity 7049K, committed 7168K, reserved 1048576K

Card table byte_map: [0x0000000011d20000,0x0000000012030000] byte_map_base: 0x0000000011820000

Marking Bits: (ParMarkBitMap*) 0x0000000054fe0600
 Begin Bits: [0x0000000012680000, 0x0000000013e80000)
 End Bits:   [0x0000000013e80000, 0x0000000015680000)

Polling page: 0x0000000000450000

CodeCache: size=245760Kb used=16229Kb max_used=16229Kb free=229530Kb
 bounds [0x0000000002960000, 0x0000000003950000, 0x0000000011960000]
 total_blobs=5437 nmethods=4731 adapters=617
 compilation: enabled

Compilation events (10 events):
Event: 9.943 Thread 0x0000000017807800 5131       3       com.google.common.cache.LocalCache::getOrLoad (10 bytes)
Event: 9.944 Thread 0x0000000017807800 nmethod 5131 0x00000000039421d0 code [0x00000000039423a0, 0x0000000003942a18]
Event: 9.944 Thread 0x0000000017807800 5133       3       org.gradle.model.internal.core.ModelRegistrations$Builder$AbstractBuilderAction::getDescriptor (8 bytes)
Event: 9.944 Thread 0x0000000017807800 nmethod 5133 0x00000000039302d0 code [0x0000000003930420, 0x0000000003930590]
Event: 9.944 Thread 0x0000000017807800 5134       3       com.google.common.cache.LocalCache$Segment::getFirst (21 bytes)
Event: 9.944 Thread 0x0000000017807800 nmethod 5134 0x0000000003942ed0 code [0x0000000003943060, 0x0000000003943548]
Event: 9.944 Thread 0x0000000017807800 5132       3       java.lang.reflect.Constructor::hasGenericInformation (13 bytes)
Event: 9.944 Thread 0x0000000017807800 nmethod 5132 0x0000000003943710 code [0x0000000003943860, 0x0000000003943ab0]
Event: 9.957 Thread 0x0000000017807800 5136       3       org.codehaus.groovy.runtime.metaclass.MetaMethodIndex::copyNonPrivateMethods (24 bytes)
Event: 9.957 Thread 0x0000000017807800 nmethod 5136 0x0000000003943b10 code [0x0000000003943c80, 0x0000000003943ee8]

GC Heap History (10 events):
Event: 4.921 GC heap before
{Heap before GC invocations=6 (full 1):
 PSYoungGen      total 86528K, used 79872K [0x00000000e0000000, 0x00000000e5b00000, 0x0000000100000000)
  eden space 79872K, 100% used [0x00000000e0000000,0x00000000e4e00000,0x00000000e4e00000)
  from space 6656K, 0% used [0x00000000e5480000,0x00000000e5480000,0x00000000e5b00000)
  to   space 6656K, 0% used [0x00000000e4e00000,0x00000000e4e00000,0x00000000e5480000)
 ParOldGen       total 57856K, used 7843K [0x00000000a0000000, 0x00000000a3880000, 0x00000000e0000000)
  object space 57856K, 13% used [0x00000000a0000000,0x00000000a07a8d58,0x00000000a3880000)
 Metaspace       used 27393K, capacity 27972K, committed 28160K, reserved 1073152K
  class space    used 3856K, capacity 4028K, committed 4096K, reserved 1048576K
Event: 4.935 GC heap after
Heap after GC invocations=6 (full 1):
 PSYoungGen      total 86528K, used 6644K [0x00000000e0000000, 0x00000000ea700000, 0x0000000100000000)
  eden space 79872K, 0% used [0x00000000e0000000,0x00000000e0000000,0x00000000e4e00000)
  from space 6656K, 99% used [0x00000000e4e00000,0x00000000e547d350,0x00000000e5480000)
  to   space 11776K, 0% used [0x00000000e9b80000,0x00000000e9b80000,0x00000000ea700000)
 ParOldGen       total 57856K, used 10103K [0x00000000a0000000, 0x00000000a3880000, 0x00000000e0000000)
  object space 57856K, 17% used [0x00000000a0000000,0x00000000a09dddc8,0x00000000a3880000)
 Metaspace       used 27393K, capacity 27972K, committed 28160K, reserved 1073152K
  class space    used 3856K, capacity 4028K, committed 4096K, reserved 1048576K
}
Event: 6.428 GC heap before
{Heap before GC invocations=7 (full 1):
 PSYoungGen      total 86528K, used 86516K [0x00000000e0000000, 0x00000000ea700000, 0x0000000100000000)
  eden space 79872K, 100% used [0x00000000e0000000,0x00000000e4e00000,0x00000000e4e00000)
  from space 6656K, 99% used [0x00000000e4e00000,0x00000000e547d350,0x00000000e5480000)
  to   space 11776K, 0% used [0x00000000e9b80000,0x00000000e9b80000,0x00000000ea700000)
 ParOldGen       total 57856K, used 10103K [0x00000000a0000000, 0x00000000a3880000, 0x00000000e0000000)
  object space 57856K, 17% used [0x00000000a0000000,0x00000000a09dddc8,0x00000000a3880000)
 Metaspace       used 32340K, capacity 33036K, committed 33408K, reserved 1077248K
  class space    used 4476K, capacity 4673K, committed 4736K, reserved 1048576K
Event: 6.476 GC heap after
Heap after GC invocations=7 (full 1):
 PSYoungGen      total 156160K, used 9742K [0x00000000e0000000, 0x00000000ea600000, 0x0000000100000000)
  eden space 145408K, 0% used [0x00000000e0000000,0x00000000e0000000,0x00000000e8e00000)
  from space 10752K, 90% used [0x00000000e9b80000,0x00000000ea503b38,0x00000000ea600000)
  to   space 12288K, 0% used [0x00000000e8e00000,0x00000000e8e00000,0x00000000e9a00000)
 ParOldGen       total 57856K, used 10103K [0x00000000a0000000, 0x00000000a3880000, 0x00000000e0000000)
  object space 57856K, 17% used [0x00000000a0000000,0x00000000a09dddc8,0x00000000a3880000)
 Metaspace       used 32340K, capacity 33036K, committed 33408K, reserved 1077248K
  class space    used 4476K, capacity 4673K, committed 4736K, reserved 1048576K
}
Event: 6.957 GC heap before
{Heap before GC invocations=8 (full 1):
 PSYoungGen      total 156160K, used 43011K [0x00000000e0000000, 0x00000000ea600000, 0x0000000100000000)
  eden space 145408K, 22% used [0x00000000e0000000,0x00000000e207d340,0x00000000e8e00000)
  from space 10752K, 90% used [0x00000000e9b80000,0x00000000ea503b38,0x00000000ea600000)
  to   space 12288K, 0% used [0x00000000e8e00000,0x00000000e8e00000,0x00000000e9a00000)
 ParOldGen       total 57856K, used 10103K [0x00000000a0000000, 0x00000000a3880000, 0x00000000e0000000)
  object space 57856K, 17% used [0x00000000a0000000,0x00000000a09dddc8,0x00000000a3880000)
 Metaspace       used 34576K, capacity 35216K, committed 35456K, reserved 1079296K
  class space    used 4756K, capacity 4967K, committed 4992K, reserved 1048576K
Event: 6.969 GC heap after
Heap after GC invocations=8 (full 1):
 PSYoungGen      total 157696K, used 9239K [0x00000000e0000000, 0x00000000f1680000, 0x0000000100000000)
  eden space 145408K, 0% used [0x00000000e0000000,0x00000000e0000000,0x00000000e8e00000)
  from space 12288K, 75% used [0x00000000e8e00000,0x00000000e9705da0,0x00000000e9a00000)
  to   space 12288K, 0% used [0x00000000f0a80000,0x00000000f0a80000,0x00000000f1680000)
 ParOldGen       total 57856K, used 10111K [0x00000000a0000000, 0x00000000a3880000, 0x00000000e0000000)
  object space 57856K, 17% used [0x00000000a0000000,0x00000000a09dfdc8,0x00000000a3880000)
 Metaspace       used 34576K, capacity 35216K, committed 35456K, reserved 1079296K
  class space    used 4756K, capacity 4967K, committed 4992K, reserved 1048576K
}
Event: 6.969 GC heap before
{Heap before GC invocations=9 (full 2):
 PSYoungGen      total 157696K, used 9239K [0x00000000e0000000, 0x00000000f1680000, 0x0000000100000000)
  eden space 145408K, 0% used [0x00000000e0000000,0x00000000e0000000,0x00000000e8e00000)
  from space 12288K, 75% used [0x00000000e8e00000,0x00000000e9705da0,0x00000000e9a00000)
  to   space 12288K, 0% used [0x00000000f0a80000,0x00000000f0a80000,0x00000000f1680000)
 ParOldGen       total 57856K, used 10111K [0x00000000a0000000, 0x00000000a3880000, 0x00000000e0000000)
  object space 57856K, 17% used [0x00000000a0000000,0x00000000a09dfdc8,0x00000000a3880000)
 Metaspace       used 34576K, capacity 35216K, committed 35456K, reserved 1079296K
  class space    used 4756K, capacity 4967K, committed 4992K, reserved 1048576K
Event: 7.033 GC heap after
Heap after GC invocations=9 (full 2):
 PSYoungGen      total 157696K, used 0K [0x00000000e0000000, 0x00000000f1680000, 0x0000000100000000)
  eden space 145408K, 0% used [0x00000000e0000000,0x00000000e0000000,0x00000000e8e00000)
  from space 12288K, 0% used [0x00000000e8e00000,0x00000000e8e00000,0x00000000e9a00000)
  to   space 12288K, 0% used [0x00000000f0a80000,0x00000000f0a80000,0x00000000f1680000)
 ParOldGen       total 77312K, used 16916K [0x00000000a0000000, 0x00000000a4b80000, 0x00000000e0000000)
  object space 77312K, 21% used [0x00000000a0000000,0x00000000a1085260,0x00000000a4b80000)
 Metaspace       used 34576K, capacity 35216K, committed 35456K, reserved 1079296K
  class space    used 4756K, capacity 4967K, committed 4992K, reserved 1048576K
}
Event: 9.108 GC heap before
{Heap before GC invocations=10 (full 2):
 PSYoungGen      total 157696K, used 145408K [0x00000000e0000000, 0x00000000f1680000, 0x0000000100000000)
  eden space 145408K, 100% used [0x00000000e0000000,0x00000000e8e00000,0x00000000e8e00000)
  from space 12288K, 0% used [0x00000000e8e00000,0x00000000e8e00000,0x00000000e9a00000)
  to   space 12288K, 0% used [0x00000000f0a80000,0x00000000f0a80000,0x00000000f1680000)
 ParOldGen       total 77312K, used 16916K [0x00000000a0000000, 0x00000000a4b80000, 0x00000000e0000000)
  object space 77312K, 21% used [0x00000000a0000000,0x00000000a1085260,0x00000000a4b80000)
 Metaspace       used 45173K, capacity 46358K, committed 46592K, reserved 1089536K
  class space    used 6294K, capacity 6571K, committed 6656K, reserved 1048576K
Event: 9.176 GC heap after
Heap after GC invocations=10 (full 2):
 PSYoungGen      total 266752K, used 12265K [0x00000000e0000000, 0x00000000f1680000, 0x0000000100000000)
  eden space 254464K, 0% used [0x00000000e0000000,0x00000000e0000000,0x00000000ef880000)
  from space 12288K, 99% used [0x00000000f0a80000,0x00000000f167a4e0,0x00000000f1680000)
  to   space 14848K, 0% used [0x00000000ef980000,0x00000000ef980000,0x00000000f0800000)
 ParOldGen       total 77312K, used 19470K [0x00000000a0000000, 0x00000000a4b80000, 0x00000000e0000000)
  object space 77312K, 25% used [0x00000000a0000000,0x00000000a1303bc8,0x00000000a4b80000)
 Metaspace       used 45173K, capacity 46358K, committed 46592K, reserved 1089536K
  class space    used 6294K, capacity 6571K, committed 6656K, reserved 1048576K
}

Deoptimization events (10 events):
Event: 9.067 Thread 0x0000000019624800 Uncommon trap: reason=unstable_if action=reinterpret pc=0x000000000351f3c0 method=org.objectweb.asm.Type.getArgumentsAndReturnSizes(Ljava/lang/String;)I @ 47
Event: 9.245 Thread 0x000000001631a800 Uncommon trap: reason=unstable_if action=reinterpret pc=0x0000000002e02a34 method=java.lang.ref.ReferenceQueue.poll()Ljava/lang/ref/Reference; @ 4
Event: 9.505 Thread 0x0000000019624800 Uncommon trap: reason=unstable_if action=reinterpret pc=0x0000000002b1d3a8 method=java.lang.String.replace(CC)Ljava/lang/String; @ 2
Event: 9.507 Thread 0x0000000019624800 Uncommon trap: reason=unstable_if action=reinterpret pc=0x000000000367f424 method=groovy.lang.MetaClassImpl.checkIfStdMethod(Lgroovy/lang/MetaMethod;)V @ 79
Event: 9.507 Thread 0x0000000019624800 Uncommon trap: reason=unstable_if action=reinterpret pc=0x0000000003657558 method=groovy.lang.MetaClassImpl.checkIfStdMethod(Lgroovy/lang/MetaMethod;)V @ 79
Event: 9.508 Thread 0x0000000019624800 Uncommon trap: reason=unstable_if action=reinterpret pc=0x0000000003806bc8 method=org.codehaus.groovy.runtime.metaclass.MetaMethodIndex.copyNonPrivateNonNewMetaMethods(Lorg/codehaus/groovy/runtime/metaclass/MetaMethodIndex$Entry;Lorg/codehaus/groovy/runtimk∑≈â	$#@
Event: 9.570 Thread 0x0000000019624800 Uncommon trap: reason=predicate action=maybe_recompile pc=0x0000000002ce33d0 method=org.gradle.internal.logging.text.AbstractLineChoppingStyledTextOutput.doAppend(Ljava/lang/String;)V @ 10
Event: 9.788 Thread 0x0000000019624800 Uncommon trap: reason=unstable_if action=reinterpret pc=0x00000000038fdd90 method=sun.reflect.generics.reflectiveObjects.ParameterizedTypeImpl.<init>(Ljava/lang/Class;[Ljava/lang/reflect/Type;Ljava/lang/reflect/Type;)V @ 16
Event: 9.788 Thread 0x0000000019624800 Uncommon trap: reason=unstable_if action=reinterpret pc=0x00000000038d7364 method=sun.reflect.generics.reflectiveObjects.ParameterizedTypeImpl.<init>(Ljava/lang/Class;[Ljava/lang/reflect/Type;Ljava/lang/reflect/Type;)V @ 16
Event: 9.857 Thread 0x0000000019624800 Uncommon trap: reason=unstable_if action=reinterpret pc=0x00000000035ec240 method=org.codehaus.groovy.reflection.CachedMethod.compareToMethod(Ljava/lang/reflect/Method;)I @ 71

Internal exceptions (10 events):
Event: 9.941 Thread 0x0000000019624800 Exception <a 'java/lang/ClassNotFoundException': org/gradle/plugins/ide/idea/internal/IdeaScalaConfigurer$1BeanInfo> (0x00000000e354a058) thrown at [D:\re\puppet\workspace\8-2-build-windows-amd64-cygwin\jdk8u73\6086\hotspot\src\share\vm\classfile\systemDic¶õ^:œ·#@
Event: 9.941 Thread 0x0000000019624800 Exception <a 'java/lang/ClassNotFoundException': org/gradle/plugins/ide/idea/internal/IdeaScalaConfigurer$1Customizer> (0x00000000e356a640) thrown at [D:\re\puppet\workspace\8-2-build-windows-amd64-cygwin\jdk8u73\6086\hotspot\src\share\vm\classfile\systemD
Event: 9.947 Thread 0x0000000019624800 Exception <a 'java/lang/ClassNotFoundException': org/gradle/plugins/ide/idea/internal/IdeaNameDeduperBeanInfo> (0x00000000e35f0308) thrown at [D:\re\puppet\workspace\8-2-build-windows-amd64-cygwin\jdk8u73\6086\hotspot\src\share\vm\classfile\systemDictionarùƒTÎ‰#@
Event: 9.947 Thread 0x0000000019624800 Exception <a 'java/lang/ClassNotFoundException': org/gradle/plugins/ide/idea/internal/IdeaNameDeduperCustomizer> (0x00000000e360e430) thrown at [D:\re\puppet\workspace\8-2-build-windows-amd64-cygwin\jdk8u73\6086\hotspot\src\share\vm\classfile\systemDictionhπÿ˙mÍ#@
Event: 9.958 Thread 0x0000000019624800 Exception <a 'java/lang/ClassNotFoundException': org/gradle/plugins/ide/internal/configurer/ModuleNameDeduperBeanInfo> (0x00000000e378ee90) thrown at [D:\re\puppet\workspace\8-2-build-windows-amd64-cygwin\jdk8u73\6086\hotspot\src\share\vm\classfile\systemDÙ\pÕÍ#@
Event: 9.959 Thread 0x0000000019624800 Exception <a 'java/lang/ClassNotFoundException': org/gradle/plugins/ide/internal/configurer/ModuleNameDeduperCustomizer> (0x00000000e37afc50) thrown at [D:\re\puppet\workspace\8-2-build-windows-amd64-cygwin\jdk8u73\6086\hotspot\src\share\vm\classfile\syste“ÕWE≥Î#@
Event: 9.960 Thread 0x0000000019624800 Exception <a 'java/lang/ClassNotFoundException': org/gradle/plugins/ide/internal/configurer/ProjectDeduperBeanInfo> (0x00000000e37f4a30) thrown at [D:\re\puppet\workspace\8-2-build-windows-amd64-cygwin\jdk8u73\6086\hotspot\src\share\vm\classfile\systemDictb.,ËÂÎ#@
Event: 9.961 Thread 0x0000000019624800 Exception <a 'java/lang/ClassNotFoundException': org/gradle/plugins/ide/internal/configurer/ProjectDeduperCustomizer> (0x00000000e3815020) thrown at [D:\re\puppet\workspace\8-2-build-windows-amd64-cygwin\jdk8u73\6086\hotspot\src\share\vm\classfile\systemDi˜É¸±Ô#@
Event: 9.968 Thread 0x0000000019624800 Exception <a 'java/lang/ClassNotFoundException': org/gradle/plugins/ide/internal/configurer/DeduplicationTargetBeanInfo> (0x00000000e38bd690) thrown at [D:\re\puppet\workspace\8-2-build-windows-amd64-cygwin\jdk8u73\6086\hotspot\src\share\vm\classfile\systeæR∂•ÁÔ#@
Event: 9.969 Thread 0x0000000019624800 Exception <a 'java/lang/ClassNotFoundException': org/gradle/plugins/ide/internal/configurer/DeduplicationTargetCustomizer> (0x00000000e38df2c8) thrown at [D:\re\puppet\workspace\8-2-build-windows-amd64-cygwin\jdk8u73\6086\hotspot\src\share\vm\classfile\sysñÓö í·#@

Events (10 events):
Event: 9.972 loading class groovy/runtime/metaclass/org/gradle/plugins/ide/internal/configurer/ModuleNameDeduper$_dedupe_closure3MetaClass
Event: 9.972 loading class groovy/runtime/metaclass/org/gradle/plugins/ide/internal/configurer/ModuleNameDeduper$_dedupe_closure3MetaClass done
Event: 9.973 loading class groovy/runtime/metaclass/org/gradle/plugins/ide/internal/configurer/ModuleNameDeduper$_dedupe_closure5MetaClass
Event: 9.973 loading class groovy/runtime/metaclass/org/gradle/plugins/ide/internal/configurer/ModuleNameDeduper$_dedupe_closure5MetaClass done
Event: 9.973 loading class groovy/runtime/metaclass/org/gradle/plugins/ide/internal/configurer/ModuleNameDeduper$_dedupe_closure6MetaClass
Event: 9.973 loading class groovy/runtime/metaclass/org/gradle/plugins/ide/internal/configurer/ModuleNameDeduper$_dedupe_closure6MetaClass done
Event: 9.974 loading class org/gradle/tooling/internal/gradle/DefaultGradleScript
Event: 9.974 loading class org/gradle/tooling/internal/gradle/DefaultGradleScript done
Event: 9.974 loading class org/gradle/tooling/model/gradle/GradleScript
Event: 9.974 loading class org/gradle/tooling/model/gradle/GradleScript done


Dynamic libraries:
0x000000013ff20000 - 0x000000013ff57000 	C:\Program Files\Java\jdk1.8.0_73\bin\java.exe
0x0000000077290000 - 0x000000007743a000 	C:\Windows\SYSTEM32\ntdll.dll
0x0000000077170000 - 0x000000007728f000 	C:\Windows\system32\kernel32.dll
0x000007fefd2d0000 - 0x000007fefd33a000 	C:\Windows\system32\KERNELBASE.dll
0x000007fefd560000 - 0x000007fefd63b000 	C:\Windows\system32\ADVAPI32.dll
0x000007feff480000 - 0x000007feff51f000 	C:\Windows\system32\msvcrt.dll
0x000007fefe6a0000 - 0x000007fefe6bf000 	C:\Windows\SYSTEM32\sechost.dll
0x000007fefec30000 - 0x000007fefed5d000 	C:\Windows\system32\RPCRT4.dll
0x0000000077070000 - 0x000000007716a000 	C:\Windows\system32\USER32.dll
0x000007fefee80000 - 0x000007fefeee7000 	C:\Windows\system32\GDI32.dll
0x000007feff470000 - 0x000007feff47e000 	C:\Windows\system32\LPK.dll
0x000007fefe9a0000 - 0x000007fefea6a000 	C:\Windows\system32\USP10.dll
0x000007fefb130000 - 0x000007fefb324000 	C:\Windows\WinSxS\amd64_microsoft.windows.common-controls_6595b64144ccf1df_6.0.7601.18837_none_fa3b1e3d17594757\COMCTL32.dll
0x000007fefed60000 - 0x000007fefedd1000 	C:\Windows\system32\SHLWAPI.dll
0x000007fefce00000 - 0x000007fefce57000 	C:\Windows\system32\apphelp.dll
0x000007fef3e50000 - 0x000007fef3ea1000 	C:\Windows\AppPatch\AppPatch64\AcGenral.DLL
0x000007fefcdd0000 - 0x000007fefcdf5000 	C:\Windows\system32\SspiCli.dll
0x000007feff230000 - 0x000007feff433000 	C:\Windows\system32\ole32.dll
0x000007fefd640000 - 0x000007fefe3ca000 	C:\Windows\system32\SHELL32.dll
0x00000000739c0000 - 0x00000000739c3000 	C:\Windows\system32\sfc.dll
0x000007fef6a50000 - 0x000007fef6a60000 	C:\Windows\system32\sfc_os.DLL
0x000007fefd350000 - 0x000007fefd36e000 	C:\Windows\system32\USERENV.dll
0x000007fefcfd0000 - 0x000007fefcfdf000 	C:\Windows\system32\profapi.dll
0x000007fefac70000 - 0x000007fefac88000 	C:\Windows\system32\dwmapi.dll
0x000007fef4db0000 - 0x000007fef4dc8000 	C:\Windows\system32\MPR.dll
0x000007fefec00000 - 0x000007fefec2e000 	C:\Windows\system32\IMM32.DLL
0x000007fefe7f0000 - 0x000007fefe8f9000 	C:\Windows\system32\MSCTF.dll
0x000000006e3d0000 - 0x000000006e4a2000 	C:\Program Files\Java\jdk1.8.0_73\jre\bin\msvcr100.dll
0x00000000547d0000 - 0x0000000055060000 	C:\Program Files\Java\jdk1.8.0_73\jre\bin\server\jvm.dll
0x000007fefa3e0000 - 0x000007fefa3e9000 	C:\Windows\system32\WSOCK32.dll
0x000007fefe6c0000 - 0x000007fefe70d000 	C:\Windows\system32\WS2_32.dll
0x000007feff460000 - 0x000007feff468000 	C:\Windows\system32\NSI.dll
0x000007fefa9d0000 - 0x000007fefaa0b000 	C:\Windows\system32\WINMM.dll
0x000007fefc060000 - 0x000007fefc06c000 	C:\Windows\system32\VERSION.dll
0x0000000077460000 - 0x0000000077467000 	C:\Windows\system32\PSAPI.DLL
0x00000000730b0000 - 0x00000000730bf000 	C:\Program Files\Java\jdk1.8.0_73\jre\bin\verify.dll
0x0000000073070000 - 0x0000000073099000 	C:\Program Files\Java\jdk1.8.0_73\jre\bin\java.dll
0x0000000073050000 - 0x0000000073066000 	C:\Program Files\Java\jdk1.8.0_73\jre\bin\zip.dll
0x0000000073030000 - 0x000000007304a000 	C:\Program Files\Java\jdk1.8.0_73\jre\bin\net.dll
0x000007fefc7a0000 - 0x000007fefc7f5000 	C:\Windows\system32\mswsock.dll
0x000007fefc790000 - 0x000007fefc797000 	C:\Windows\System32\wship6.dll
0x0000000073010000 - 0x0000000073021000 	C:\Program Files\Java\jdk1.8.0_73\jre\bin\nio.dll
0x000007fef3c90000 - 0x000007fef3ca2000 	C:\Users\Matt Bird\.gradle\native\19\windows-amd64\native-platform.dll
0x000007fefc800000 - 0x000007fefc818000 	C:\Windows\system32\CRYPTSP.dll
0x000007fefc500000 - 0x000007fefc547000 	C:\Windows\system32\rsaenh.dll
0x000007fefce60000 - 0x000007fefce6f000 	C:\Windows\system32\CRYPTBASE.dll
0x000007fefa390000 - 0x000007fefa3b7000 	C:\Windows\system32\IPHLPAPI.DLL
0x000007fefa380000 - 0x000007fefa38b000 	C:\Windows\system32\WINNSI.DLL
0x000007fef9580000 - 0x000007fef9598000 	C:\Windows\system32\dhcpcsvc.DLL
0x000007fef9560000 - 0x000007fef9571000 	C:\Windows\system32\dhcpcsvc6.DLL
0x0000000073000000 - 0x000000007300d000 	C:\Program Files\Java\jdk1.8.0_73\jre\bin\management.dll
0x000007fefa400000 - 0x000007fefa525000 	C:\Windows\system32\dbghelp.dll

VM Arguments:
jvm_args: -Xmx1536m -Dfile.encoding=windows-1252 -Duser.country=NZ -Duser.language=en -Duser.variant 
java_command: org.gradle.launcher.daemon.bootstrap.GradleDaemon 2.14.1
java_class_path (initial): C:\Program Files\Android\Android Studio\gradle\gradle-2.14.1\lib\gradle-launcher-2.14.1.jar
Launcher Type: SUN_STANDARD

Environment Variables:
JAVA_HOME=C:\Program Files\Java\jdk1.8.0_91
PATH=C:\ProgramData\Oracle\Java\javapath;C:\Program Files\Common Files\Microsoft Shared\Windows Live;C:\Program Files (x86)\Common Files\Microsoft Shared\Windows Live;C:\python27_x64\;C:\python27_x64\Scripts;C:\Windows\system32;C:\Windows;C:\Windows\System32\Wbem;C:\Windows\System32\WindowsPowerShell\v1.0\;C:\Program Files\Intel\WiFi\bin\;C:\Program Files\Common Files\Intel\WirelessCommon\;C:\Program Files (x86)\Intel\OpenCL SDK\3.0\bin\x86;C:\Program Files (x86)\Intel\OpenCL SDK\3.0\bin\x64;C:\Program Files (x86)\Google\Cloud SDK\google-cloud-sdk\bin;C:\Program Files (x86)\Autodesk\Backburner\;C:\Program Files (x86)\Windows Live\Shared;C:\Program Files (x86)\Windows Kits\8.1\Windows Performance Toolkit\;C:\Program Files\nodejs\;C:\Matt\Programs\Code\AndroidSDK\platform-tools\;C:\Program Files (x86)\Skype\Phone\;C:\Program Files\Intel\WiFi\bin\;C:\Program Files\Common Files\Intel\WirelessCommon\;C:\Users\Matt Bird\AppData\Roaming\npm
USERNAME=Matt Bird
OS=Windows_NT
PROCESSOR_IDENTIFIER=Intel64 Family 6 Model 58 Stepping 9, GenuineIntel



---------------  S Y S T E M  ---------------

OS: Windows 7 , 64 bit Build 7601 (6.1.7601.23539)

CPU:total 4 (2 cores per cpu, 2 threads per core) family 6 model 58 stepping 9, cmov, cx8, fxsr, mmx, sse, sse2, sse3, ssse3, sse4.1, sse4.2, popcnt, avx, aes, clmul, erms, ht, tsc, tscinvbit, tscinv

Memory: 4k page, physical 10203112k(2845900k free), swap 11029000k(2232864k free)

vm_info: Java HotSpot(TM) 64-Bit Server VM (25.73-b02) for windows-amd64 JRE (1.8.0_73-b02), built on Jan 29 2016 17:38:49 by "java_re" with MS VC++ 10.0 (VS2010)

time: Sat Feb 18 01:52:24 2017
elapsed time: 9 seconds (0d 0h 0m 9s)

