#
# A fatal error has been detected by the Java Runtime Environment:
#
#  EXCEPTION_ACCESS_VIOLATION (0xc0000005) at pc=0x000000005143a4ce, pid=5004, tid=9632
#
# JRE version: Java(TM) SE Runtime Environment (8.0_73-b02) (build 1.8.0_73-b02)
# Java VM: Java HotSpot(TM) 64-Bit Server VM (25.73-b02 mixed mode windows-amd64 compressed oops)
# Problematic frame:
# V  [jvm.dll+0x47a4ce]
#
# Failed to write core dump. Minidumps are not enabled by default on client versions of Windows
#
# If you would like to submit a bug report, please visit:
#   http://bugreport.java.com/bugreport/crash.jsp
#

---------------  T H R E A D  ---------------

Current thread (0x00000000164a1800):  JavaThread "C2 CompilerThread0" daemon [_thread_in_native, id=9632, stack(0x0000000017e20000,0x0000000017f20000)]

siginfo: ExceptionCode=0xc0000005, reading address 0xffffffffffffffff

Registers:
RAX=0x0000000000003893, RBX=0x0000000000000000, RCX=0x003b000000000000, RDX=0x000000001c6d7fc0
RSP=0x0000000017f1b920, RBP=0x000000001c6d7fc0, RSI=0x0000000000000000, RDI=0x0000000000000000
R8 =0x000000001c6d7f70, R9 =0x000000001c6d8060, R10=0x000000001c6d8010, R11=0x000000001c6d7fc0
R12=0x000000001c6c0050, R13=0x000000001e8aa6f0, R14=0x00000000189f9d78, R15=0x0000000000000018
RIP=0x000000005143a4ce, EFLAGS=0x0000000000010206

Top of Stack: (sp=0x0000000017f1b920)
0x0000000017f1b920:   0000000000000008 0000000000000000
0x0000000017f1b930:   0000000000000001 000000001e8aa6f0
0x0000000017f1b940:   00000000000004ca 000000001cbf8c00
0x0000000017f1b950:   00000000002a55e8 000000001cc0b0d0
0x0000000017f1b960:   000000001e8aa6f0 000000001cc0b0d0
0x0000000017f1b970:   000000001649ca50 000000005162db68
0x0000000017f1b980:   000000001649ca50 0000000000000400
0x0000000017f1b990:   000000001e7519e0 0000000000000001
0x0000000017f1b9a0:   0000000000000001 000000001649ca50
0x0000000017f1b9b0:   0000000000000000 000000001e1a00b0
0x0000000017f1b9c0:   000000001649ca50 0000000017f1be10
0x0000000017f1b9d0:   0000000000000000 0000000017f1baf0
0x0000000017f1b9e0:   0000000017f1be30 000000005147d03f
0x0000000017f1b9f0:   0000000017f1be10 0000000000000c8a
0x0000000017f1ba00:   000000001c6c0050 000000001c6d7fc0
0x0000000017f1ba10:   000000001e1a0100 000000001e1a8098 

Instructions: (pc=0x000000005143a4ce)
0x000000005143a4ae:   00 83 f9 ff 74 67 4c 8d 04 89 49 c1 e0 04 4d 03
0x000000005143a4be:   c4 49 8b 48 20 48 85 c9 75 06 49 8b 50 18 eb 42
0x000000005143a4ce:   48 83 79 20 00 74 25 e8 f6 f0 ff ff 4d 8b 48 20
0x000000005143a4de:   49 8b 40 18 49 8b 51 18 8b 48 08 39 4a 08 73 04 


Register to memory mapping:

RAX=0x0000000000003893 is an unknown value
RBX=0x0000000000000000 is an unknown value
RCX=0x003b000000000000 is an unknown value
RDX=0x000000001c6d7fc0 is an unknown value
RSP=0x0000000017f1b920 is pointing into the stack for thread: 0x00000000164a1800
RBP=0x000000001c6d7fc0 is an unknown value
RSI=0x0000000000000000 is an unknown value
RDI=0x0000000000000000 is an unknown value
R8 =0x000000001c6d7f70 is an unknown value
R9 =0x000000001c6d8060 is an unknown value
R10=0x000000001c6d8010 is an unknown value
R11=0x000000001c6d7fc0 is an unknown value
R12=0x000000001c6c0050 is an unknown value
R13=0x000000001e8aa6f0 is an unknown value
R14=0x00000000189f9d78 is an unknown value
R15=0x0000000000000018 is an unknown value


Stack: [0x0000000017e20000,0x0000000017f20000],  sp=0x0000000017f1b920,  free space=1006k
Native frames: (J=compiled Java code, j=interpreted, Vv=VM code, C=native code)
V  [jvm.dll+0x47a4ce]
V  [jvm.dll+0x4bd03f]
V  [jvm.dll+0x46f094]
V  [jvm.dll+0x47013e]
V  [jvm.dll+0x453492]
V  [jvm.dll+0xa4932]
V  [jvm.dll+0xa526f]
V  [jvm.dll+0x243234]
V  [jvm.dll+0x29a10a]
C  [msvcr100.dll+0x21d9f]
C  [msvcr100.dll+0x21e3b]
C  [kernel32.dll+0x159cd]
C  [ntdll.dll+0x2a2e1]


Current CompileTask:
C2:   6890 2876       4       groovy.lang.MetaClassImpl$1MOPIter::methodNameAction (479 bytes)


---------------  P R O C E S S  ---------------

Java Threads: ( => current thread )
  0x0000000019a23800 JavaThread "File lock request listener" [_thread_in_native, id=944, stack(0x000000001c5c0000,0x000000001c6c0000)]
  0x0000000019623000 JavaThread "Stdin handler" [_thread_blocked, id=384, stack(0x000000001b0c0000,0x000000001b1c0000)]
  0x000000001960f800 JavaThread "Asynchronous log dispatcher for org.gradle.launcher.daemon.server.DefaultDaemonConnection@41306000" [_thread_blocked, id=8076, stack(0x000000001ad60000,0x000000001ae60000)]
  0x000000001962e800 JavaThread "Daemon worker" [_thread_in_vm, id=9096, stack(0x000000001ac60000,0x000000001ad60000)]
  0x00000000192b1800 JavaThread "Cancel handler" [_thread_blocked, id=7852, stack(0x000000001aa50000,0x000000001ab50000)]
  0x00000000195c1800 JavaThread "Handler for socket connection from /127.0.0.1:50114 to /127.0.0.1:50115" [_thread_in_native, id=9508, stack(0x000000001a810000,0x000000001a910000)]
  0x00000000193ab800 JavaThread "Daemon" [_thread_blocked, id=2444, stack(0x000000001a620000,0x000000001a720000)]
  0x00000000194d0000 JavaThread "Incoming local TCP Connector on port 50114" [_thread_in_native, id=9672, stack(0x0000000018320000,0x0000000018420000)]
  0x0000000019325800 JavaThread "pool-1-thread-1" [_thread_blocked, id=8564, stack(0x000000001a230000,0x000000001a330000)]
  0x00000000164aa800 JavaThread "Service Thread" daemon [_thread_blocked, id=9688, stack(0x00000000184e0000,0x00000000185e0000)]
  0x00000000164a7800 JavaThread "C1 CompilerThread2" daemon [_thread_blocked, id=4240, stack(0x0000000017c60000,0x0000000017d60000)]
  0x00000000164a6800 JavaThread "C2 CompilerThread1" daemon [_thread_in_native, id=2592, stack(0x00000000125b0000,0x00000000126b0000)]
=>0x00000000164a1800 JavaThread "C2 CompilerThread0" daemon [_thread_in_native, id=9632, stack(0x0000000017e20000,0x0000000017f20000)]
  0x00000000164af000 JavaThread "Attach Listener" daemon [_thread_blocked, id=2868, stack(0x0000000017910000,0x0000000017a10000)]
  0x00000000164ad800 JavaThread "Signal Dispatcher" daemon [_thread_blocked, id=1116, stack(0x0000000017b60000,0x0000000017c60000)]
  0x0000000016447000 JavaThread "Finalizer" daemon [_thread_blocked, id=8932, stack(0x0000000017a20000,0x0000000017b20000)]
  0x0000000016440000 JavaThread "Reference Handler" daemon [_thread_blocked, id=6756, stack(0x0000000017750000,0x0000000017850000)]
  0x000000000229f000 JavaThread "main" [_thread_blocked, id=6864, stack(0x0000000002670000,0x0000000002770000)]

Other Threads:
  0x000000001643a800 VMThread [stack: 0x00000000175a0000,0x00000000176a0000] [id=7596]
  0x0000000017f3a800 WatcherThread [stack: 0x00000000186b0000,0x00000000187b0000] [id=9180]

VM state:not at safepoint (normal execution)

VM Mutex/Monitor currently owned by a thread:  ([mutex/lock_event])
[0x000000000229c330] SymbolTable_lock - owner thread: 0x0000000000000000

Heap:
 PSYoungGen      total 86528K, used 48647K [0x00000000e0000000, 0x00000000ea880000, 0x0000000100000000)
  eden space 79872K, 52% used [0x00000000e0000000,0x00000000e2908a68,0x00000000e4e00000)
  from space 6656K, 99% used [0x00000000e4e00000,0x00000000e5479200,0x00000000e5480000)
  to   space 11776K, 0% used [0x00000000e9d00000,0x00000000e9d00000,0x00000000ea880000)
 ParOldGen       total 57344K, used 10055K [0x00000000a0000000, 0x00000000a3800000, 0x00000000e0000000)
  object space 57344K, 17% used [0x00000000a0000000,0x00000000a09d1f68,0x00000000a3800000)
 Metaspace       used 28808K, capacity 29508K, committed 29824K, reserved 1075200K
  class space    used 4004K, capacity 4215K, committed 4224K, reserved 1048576K

Card table byte_map: [0x0000000011e00000,0x0000000012110000] byte_map_base: 0x0000000011900000

Marking Bits: (ParMarkBitMap*) 0x00000000517d0600
 Begin Bits: [0x00000000127b0000, 0x0000000013fb0000)
 End Bits:   [0x0000000013fb0000, 0x00000000157b0000)

Polling page: 0x0000000000350000

CodeCache: size=245760Kb used=10529Kb max_used=10529Kb free=235230Kb
 bounds [0x0000000002a40000, 0x0000000003490000, 0x0000000011a40000]
 total_blobs=3557 nmethods=2903 adapters=566
 compilation: enabled

Compilation events (10 events):
Event: 6.863 Thread 0x00000000164a7800 2921       1       com.google.common.collect.MapMakerInternalMap$StrongEntry::getKey (5 bytes)
Event: 6.863 Thread 0x00000000164a7800 nmethod 2921 0x0000000003482090 code [0x00000000034821e0, 0x00000000034822f0]
Event: 6.865 Thread 0x00000000164a7800 2922       3       java.util.LinkedList::addFirst (6 bytes)
Event: 6.865 Thread 0x00000000164a7800 nmethod 2922 0x0000000003482350 code [0x00000000034824c0, 0x0000000003482648]
Event: 6.865 Thread 0x00000000164a7800 2924       3       groovy.lang.MetaClassImpl::addMetaBeanProperty (120 bytes)
Event: 6.867 Thread 0x00000000164a7800 nmethod 2924 0x00000000034826d0 code [0x0000000003482920, 0x0000000003483e68]
Event: 6.867 Thread 0x00000000164a7800 2923       3       java.util.LinkedList::linkFirst (59 bytes)
Event: 6.867 Thread 0x00000000164a7800 nmethod 2923 0x00000000034845d0 code [0x0000000003484740, 0x0000000003484a90]
Event: 6.867 Thread 0x00000000164a7800 2925       3       org.codehaus.groovy.reflection.CachedField::isStatic (8 bytes)
Event: 6.867 Thread 0x00000000164a7800 nmethod 2925 0x0000000003484bd0 code [0x0000000003484d40, 0x0000000003485050]

GC Heap History (10 events):
Event: 3.028 GC heap before
{Heap before GC invocations=2 (full 0):
 PSYoungGen      total 46592K, used 45095K [0x00000000e0000000, 0x00000000e3400000, 0x0000000100000000)
  eden space 39936K, 100% used [0x00000000e0000000,0x00000000e2700000,0x00000000e2700000)
  from space 6656K, 77% used [0x00000000e2700000,0x00000000e2c09d48,0x00000000e2d80000)
  to   space 6656K, 0% used [0x00000000e2d80000,0x00000000e2d80000,0x00000000e3400000)
 ParOldGen       total 106496K, used 8K [0x00000000a0000000, 0x00000000a6800000, 0x00000000e0000000)
  object space 106496K, 0% used [0x00000000a0000000,0x00000000a0002000,0x00000000a6800000)
 Metaspace       used 16297K, capacity 16634K, committed 16896K, reserved 1064960K
  class space    used 2164K, capacity 2271K, committed 2304K, reserved 1048576K
Event: 3.040 GC heap after
Heap after GC invocations=2 (full 0):
 PSYoungGen      total 46592K, used 6646K [0x00000000e0000000, 0x00000000e3400000, 0x0000000100000000)
  eden space 39936K, 0% used [0x00000000e0000000,0x00000000e0000000,0x00000000e2700000)
  from space 6656K, 99% used [0x00000000e2d80000,0x00000000e33fd910,0x00000000e3400000)
  to   space 6656K, 0% used [0x00000000e2700000,0x00000000e2700000,0x00000000e2d80000)
 ParOldGen       total 106496K, used 1813K [0x00000000a0000000, 0x00000000a6800000, 0x00000000e0000000)
  object space 106496K, 1% used [0x00000000a0000000,0x00000000a01c5460,0x00000000a6800000)
 Metaspace       used 16297K, capacity 16634K, committed 16896K, reserved 1064960K
  class space    used 2164K, capacity 2271K, committed 2304K, reserved 1048576K
}
Event: 4.046 GC heap before
{Heap before GC invocations=3 (full 0):
 PSYoungGen      total 46592K, used 46582K [0x00000000e0000000, 0x00000000e3400000, 0x0000000100000000)
  eden space 39936K, 100% used [0x00000000e0000000,0x00000000e2700000,0x00000000e2700000)
  from space 6656K, 99% used [0x00000000e2d80000,0x00000000e33fd910,0x00000000e3400000)
  to   space 6656K, 0% used [0x00000000e2700000,0x00000000e2700000,0x00000000e2d80000)
 ParOldGen       total 106496K, used 1813K [0x00000000a0000000, 0x00000000a6800000, 0x00000000e0000000)
  object space 106496K, 1% used [0x00000000a0000000,0x00000000a01c5460,0x00000000a6800000)
 Metaspace       used 20667K, capacity 21098K, committed 21296K, reserved 1067008K
  class space    used 2739K, capacity 2889K, committed 2944K, reserved 1048576K
Event: 4.113 GC heap after
Heap after GC invocations=3 (full 0):
 PSYoungGen      total 46592K, used 6624K [0x00000000e0000000, 0x00000000e5b00000, 0x0000000100000000)
  eden space 39936K, 0% used [0x00000000e0000000,0x00000000e0000000,0x00000000e2700000)
  from space 6656K, 99% used [0x00000000e2700000,0x00000000e2d78020,0x00000000e2d80000)
  to   space 6656K, 0% used [0x00000000e5480000,0x00000000e5480000,0x00000000e5b00000)
 ParOldGen       total 106496K, used 5784K [0x00000000a0000000, 0x00000000a6800000, 0x00000000e0000000)
  object space 106496K, 5% used [0x00000000a0000000,0x00000000a05a63e0,0x00000000a6800000)
 Metaspace       used 20667K, capacity 21098K, committed 21296K, reserved 1067008K
  class space    used 2739K, capacity 2889K, committed 2944K, reserved 1048576K
}
Event: 4.141 GC heap before
{Heap before GC invocations=4 (full 0):
 PSYoungGen      total 46592K, used 8315K [0x00000000e0000000, 0x00000000e5b00000, 0x0000000100000000)
  eden space 39936K, 4% used [0x00000000e0000000,0x00000000e01a6cf8,0x00000000e2700000)
  from space 6656K, 99% used [0x00000000e2700000,0x00000000e2d78020,0x00000000e2d80000)
  to   space 6656K, 0% used [0x00000000e5480000,0x00000000e5480000,0x00000000e5b00000)
 ParOldGen       total 106496K, used 5784K [0x00000000a0000000, 0x00000000a6800000, 0x00000000e0000000)
  object space 106496K, 5% used [0x00000000a0000000,0x00000000a05a63e0,0x00000000a6800000)
 Metaspace       used 20831K, capacity 21226K, committed 21296K, reserved 1067008K
  class space    used 2772K, capacity 2889K, committed 2944K, reserved 1048576K
Event: 4.198 GC heap after
Heap after GC invocations=4 (full 0):
 PSYoungGen      total 86528K, used 6640K [0x00000000e0000000, 0x00000000e5b00000, 0x0000000100000000)
  eden space 79872K, 0% used [0x00000000e0000000,0x00000000e0000000,0x00000000e4e00000)
  from space 6656K, 99% used [0x00000000e5480000,0x00000000e5afc030,0x00000000e5b00000)
  to   space 6656K, 0% used [0x00000000e4e00000,0x00000000e4e00000,0x00000000e5480000)
 ParOldGen       total 106496K, used 5974K [0x00000000a0000000, 0x00000000a6800000, 0x00000000e0000000)
  object space 106496K, 5% used [0x00000000a0000000,0x00000000a05d59b8,0x00000000a6800000)
 Metaspace       used 20831K, capacity 21226K, committed 21296K, reserved 1067008K
  class space    used 2772K, capacity 2889K, committed 2944K, reserved 1048576K
}
Event: 4.198 GC heap before
{Heap before GC invocations=5 (full 1):
 PSYoungGen      total 86528K, used 6640K [0x00000000e0000000, 0x00000000e5b00000, 0x0000000100000000)
  eden space 79872K, 0% used [0x00000000e0000000,0x00000000e0000000,0x00000000e4e00000)
  from space 6656K, 99% used [0x00000000e5480000,0x00000000e5afc030,0x00000000e5b00000)
  to   space 6656K, 0% used [0x00000000e4e00000,0x00000000e4e00000,0x00000000e5480000)
 ParOldGen       total 106496K, used 5974K [0x00000000a0000000, 0x00000000a6800000, 0x00000000e0000000)
  object space 106496K, 5% used [0x00000000a0000000,0x00000000a05d59b8,0x00000000a6800000)
 Metaspace       used 20831K, capacity 21226K, committed 21296K, reserved 1067008K
  class space    used 2772K, capacity 2889K, committed 2944K, reserved 1048576K
Event: 4.296 GC heap after
Heap after GC invocations=5 (full 1):
 PSYoungGen      total 86528K, used 0K [0x00000000e0000000, 0x00000000e5b00000, 0x0000000100000000)
  eden space 79872K, 0% used [0x00000000e0000000,0x00000000e0000000,0x00000000e4e00000)
  from space 6656K, 0% used [0x00000000e5480000,0x00000000e5480000,0x00000000e5b00000)
  to   space 6656K, 0% used [0x00000000e4e00000,0x00000000e4e00000,0x00000000e5480000)
 ParOldGen       total 57344K, used 7786K [0x00000000a0000000, 0x00000000a3800000, 0x00000000e0000000)
  object space 57344K, 13% used [0x00000000a0000000,0x00000000a079a9f0,0x00000000a3800000)
 Metaspace       used 20831K, capacity 21226K, committed 21296K, reserved 1067008K
  class space    used 2772K, capacity 2889K, committed 2944K, reserved 1048576K
}
Event: 5.824 GC heap before
{Heap before GC invocations=6 (full 1):
 PSYoungGen      total 86528K, used 79872K [0x00000000e0000000, 0x00000000e5b00000, 0x0000000100000000)
  eden space 79872K, 100% used [0x00000000e0000000,0x00000000e4e00000,0x00000000e4e00000)
  from space 6656K, 0% used [0x00000000e5480000,0x00000000e5480000,0x00000000e5b00000)
  to   space 6656K, 0% used [0x00000000e4e00000,0x00000000e4e00000,0x00000000e5480000)
 ParOldGen       total 57344K, used 7786K [0x00000000a0000000, 0x00000000a3800000, 0x00000000e0000000)
  object space 57344K, 13% used [0x00000000a0000000,0x00000000a079a9f0,0x00000000a3800000)
 Metaspace       used 27300K, capacity 27938K, committed 28160K, reserved 1073152K
  class space    used 3831K, capacity 4033K, committed 4096K, reserved 1048576K
Event: 5.863 GC heap after
Heap after GC invocations=6 (full 1):
 PSYoungGen      total 86528K, used 6628K [0x00000000e0000000, 0x00000000ea880000, 0x0000000100000000)
  eden space 79872K, 0% used [0x00000000e0000000,0x00000000e0000000,0x00000000e4e00000)
  from space 6656K, 99% used [0x00000000e4e00000,0x00000000e5479200,0x00000000e5480000)
  to   space 11776K, 0% used [0x00000000e9d00000,0x00000000e9d00000,0x00000000ea880000)
 ParOldGen       total 57344K, used 10055K [0x00000000a0000000, 0x00000000a3800000, 0x00000000e0000000)
  object space 57344K, 17% used [0x00000000a0000000,0x00000000a09d1f68,0x00000000a3800000)
 Metaspace       used 27300K, capacity 27938K, committed 28160K, reserved 1073152K
  class space    used 3831K, capacity 4033K, committed 4096K, reserved 1048576K
}

Deoptimization events (10 events):
Event: 4.622 Thread 0x000000001962e800 Uncommon trap: reason=class_check action=maybe_recompile pc=0x0000000002eedc00 method=java.lang.reflect.Method.equals(Ljava/lang/Object;)Z @ 5
Event: 4.622 Thread 0x000000001962e800 Uncommon trap: reason=class_check action=maybe_recompile pc=0x0000000002eedc00 method=java.lang.reflect.Method.equals(Ljava/lang/Object;)Z @ 5
Event: 4.647 Thread 0x000000001962e800 Uncommon trap: reason=unstable_if action=reinterpret pc=0x0000000002ea991c method=java.lang.ref.ReferenceQueue.poll()Ljava/lang/ref/Reference; @ 4
Event: 5.010 Thread 0x000000001962e800 Uncommon trap: reason=unstable_if action=reinterpret pc=0x0000000002c92a20 method=java.io.WinNTFileSystem.resolve(Ljava/lang/String;Ljava/lang/String;)Ljava/lang/String; @ 49
Event: 5.505 Thread 0x000000001962e800 Uncommon trap: reason=unstable_if action=reinterpret pc=0x0000000002b93560 method=java.net.URI.match(CJJ)Z @ 45
Event: 6.113 Thread 0x000000001962e800 Uncommon trap: reason=predicate action=maybe_recompile pc=0x00000000032dc45c method=java.util.AbstractCollection.toArray([Ljava/lang/Object;)[Ljava/lang/Object; @ 49
Event: 6.123 Thread 0x000000001962e800 Uncommon trap: reason=array_check action=maybe_recompile pc=0x00000000032f2a40 method=java.util.AbstractCollection.toArray([Ljava/lang/Object;)[Ljava/lang/Object; @ 119
Event: 6.123 Thread 0x000000001962e800 Uncommon trap: reason=array_check action=maybe_recompile pc=0x00000000032f2a40 method=java.util.AbstractCollection.toArray([Ljava/lang/Object;)[Ljava/lang/Object; @ 119
Event: 6.123 Thread 0x000000001962e800 Uncommon trap: reason=array_check action=maybe_recompile pc=0x00000000032f2a40 method=java.util.AbstractCollection.toArray([Ljava/lang/Object;)[Ljava/lang/Object; @ 119
Event: 6.123 Thread 0x000000001962e800 Uncommon trap: reason=array_check action=maybe_recompile pc=0x00000000032f2a40 method=java.util.AbstractCollection.toArray([Ljava/lang/Object;)[Ljava/lang/Object; @ 119

Internal exceptions (10 events):
Event: 6.824 Thread 0x000000001962e800 Exception <a 'java/lang/ClassNotFoundException': org/gradle/api/internal/ConventionTaskBeanInfo> (0x00000000e24d4350) thrown at [D:\re\puppet\workspace\8-2-build-windows-amd64-cygwin\jdk8u73\6086\hotspot\src\share\vm\classfile\systemDictionary.cpp, line 21ßXl6L@
Event: 6.824 Thread 0x000000001962e800 Exception <a 'java/lang/ClassNotFoundException': org/gradle/api/DefaultTaskBeanInfo> (0x00000000e24f0fa0) thrown at [D:\re\puppet\workspace\8-2-build-windows-amd64-cygwin\jdk8u73\6086\hotspot\src\share\vm\classfile\systemDictionary.cpp, line 210]
Event: 6.825 Thread 0x000000001962e800 Exception <a 'java/lang/ClassNotFoundException': org/gradle/api/internal/AbstractTaskBeanInfo> (0x00000000e2513038) thrown at [D:\re\puppet\workspace\8-2-build-windows-amd64-cygwin\jdk8u73\6086\hotspot\src\share\vm\classfile\systemDictionary.cpp, line 210]
Event: 6.827 Thread 0x000000001962e800 Exception <a 'java/lang/ClassNotFoundException': org/gradle/api/internal/AbstractTaskCustomizer> (0x00000000e2535a58) thrown at [D:\re\puppet\workspace\8-2-build-windows-amd64-cygwin\jdk8u73\6086\hotspot\src\share\vm\classfile\systemDictionary.cpp, line 21ëYÝªU@
Event: 6.834 Thread 0x000000001962e800 Exception <a 'java/lang/ClassNotFoundException': org/gradle/api/DefaultTaskCustomizer> (0x00000000e25b1e70) thrown at [D:\re\puppet\workspace\8-2-build-windows-amd64-cygwin\jdk8u73\6086\hotspot\src\share\vm\classfile\systemDictionary.cpp, line 210]
Event: 6.836 Thread 0x000000001962e800 Exception <a 'java/lang/ClassNotFoundException': org/gradle/api/internal/ConventionTaskCustomizer> (0x00000000e25e3720) thrown at [D:\re\puppet\workspace\8-2-build-windows-amd64-cygwin\jdk8u73\6086\hotspot\src\share\vm\classfile\systemDictionary.cpp, line P«”ýœY@
Event: 6.838 Thread 0x000000001962e800 Exception <a 'java/lang/ClassNotFoundException': org/gradle/api/tasks/DeleteCustomizer> (0x00000000e26137d0) thrown at [D:\re\puppet\workspace\8-2-build-windows-amd64-cygwin\jdk8u73\6086\hotspot\src\share\vm\classfile\systemDictionary.cpp, line 210]
Event: 6.841 Thread 0x000000001962e800 Exception <a 'java/lang/ClassNotFoundException': org/gradle/api/tasks/Delete_DecoratedCustomizer> (0x00000000e264cd78) thrown at [D:\re\puppet\workspace\8-2-build-windows-amd64-cygwin\jdk8u73\6086\hotspot\src\share\vm\classfile\systemDictionary.cpp, line 2-ƒsÚt@
Event: 6.864 Thread 0x000000001962e800 Exception <a 'java/lang/ClassNotFoundException': build_dhyt5vpqdk6ook9gxidu8ugjaBeanInfo> (0x00000000e2732298) thrown at [D:\re\puppet\workspace\8-2-build-windows-amd64-cygwin\jdk8u73\6086\hotspot\src\share\vm\classfile\systemDictionary.cpp, line 210]
Event: 6.865 Thread 0x000000001962e800 Exception <a 'java/lang/ClassNotFoundException': build_dhyt5vpqdk6ook9gxidu8ugjaCustomizer> (0x00000000e27415f8) thrown at [D:\re\puppet\workspace\8-2-build-windows-amd64-cygwin\jdk8u73\6086\hotspot\src\share\vm\classfile\systemDictionary.cpp, line 210]

Events (10 events):
Event: 6.864 loading class build_dhyt5vpqdk6ook9gxidu8ugjaBeanInfo
Event: 6.864 loading class build_dhyt5vpqdk6ook9gxidu8ugjaBeanInfo done
Event: 6.864 loading class build_dhyt5vpqdk6ook9gxidu8ugjaCustomizer
Event: 6.864 loading class build_dhyt5vpqdk6ook9gxidu8ugjaCustomizer done
Event: 6.865 loading class build_dhyt5vpqdk6ook9gxidu8ugjaCustomizer
Event: 6.865 loading class build_dhyt5vpqdk6ook9gxidu8ugjaCustomizer done
Event: 6.865 loading class build_dhyt5vpqdk6ook9gxidu8ugjaCustomizer
Event: 6.865 loading class build_dhyt5vpqdk6ook9gxidu8ugjaCustomizer done
Event: 6.868 loading class org/gradle/api/internal/plugins/DefaultObjectConfigurationAction$3
Event: 6.868 loading class org/gradle/api/internal/plugins/DefaultObjectConfigurationAction$3 done


Dynamic libraries:
0x000000013f160000 - 0x000000013f197000 	C:\Program Files\Java\jdk1.8.0_73\bin\java.exe
0x00000000772f0000 - 0x000000007749a000 	C:\Windows\SYSTEM32\ntdll.dll
0x00000000771d0000 - 0x00000000772ef000 	C:\Windows\system32\kernel32.dll
0x000007fefd0a0000 - 0x000007fefd10a000 	C:\Windows\system32\KERNELBASE.dll
0x000007fefe190000 - 0x000007fefe26b000 	C:\Windows\system32\ADVAPI32.dll
0x000007fefd3e0000 - 0x000007fefd47f000 	C:\Windows\system32\msvcrt.dll
0x000007feff580000 - 0x000007feff59f000 	C:\Windows\SYSTEM32\sechost.dll
0x000007feff1d0000 - 0x000007feff2fd000 	C:\Windows\system32\RPCRT4.dll
0x00000000770d0000 - 0x00000000771ca000 	C:\Windows\system32\USER32.dll
0x000007fefe120000 - 0x000007fefe187000 	C:\Windows\system32\GDI32.dll
0x000007feff0a0000 - 0x000007feff0ae000 	C:\Windows\system32\LPK.dll
0x000007feff0b0000 - 0x000007feff17a000 	C:\Windows\system32\USP10.dll
0x000007fefb070000 - 0x000007fefb264000 	C:\Windows\WinSxS\amd64_microsoft.windows.common-controls_6595b64144ccf1df_6.0.7601.18837_none_fa3b1e3d17594757\COMCTL32.dll
0x000007fefd9b0000 - 0x000007fefda21000 	C:\Windows\system32\SHLWAPI.dll
0x000007fefce60000 - 0x000007fefceb7000 	C:\Windows\system32\apphelp.dll
0x000007fef5ba0000 - 0x000007fef5bf1000 	C:\Windows\AppPatch\AppPatch64\AcGenral.DLL
0x000007fefce30000 - 0x000007fefce55000 	C:\Windows\system32\SspiCli.dll
0x000007fefde90000 - 0x000007fefe093000 	C:\Windows\system32\ole32.dll
0x000007fefe310000 - 0x000007feff09a000 	C:\Windows\system32\SHELL32.dll
0x0000000073a20000 - 0x0000000073a23000 	C:\Windows\system32\sfc.dll
0x000007fef5e70000 - 0x000007fef5e80000 	C:\Windows\system32\sfc_os.DLL
0x000007fefd3c0000 - 0x000007fefd3de000 	C:\Windows\system32\USERENV.dll
0x000007fefd030000 - 0x000007fefd03f000 	C:\Windows\system32\profapi.dll
0x000007fefa2f0000 - 0x000007fefa308000 	C:\Windows\system32\dwmapi.dll
0x000007fef4ef0000 - 0x000007fef4f08000 	C:\Windows\system32\MPR.dll
0x000007feff5c0000 - 0x000007feff5ee000 	C:\Windows\system32\IMM32.DLL
0x000007fefd480000 - 0x000007fefd589000 	C:\Windows\system32\MSCTF.dll
0x0000000066030000 - 0x0000000066102000 	C:\Program Files\Java\jdk1.8.0_73\jre\bin\msvcr100.dll
0x0000000050fc0000 - 0x0000000051850000 	C:\Program Files\Java\jdk1.8.0_73\jre\bin\server\jvm.dll
0x000007fefae50000 - 0x000007fefae59000 	C:\Windows\system32\WSOCK32.dll
0x000007feff180000 - 0x000007feff1cd000 	C:\Windows\system32\WS2_32.dll
0x000007feff5f0000 - 0x000007feff5f8000 	C:\Windows\system32\NSI.dll
0x000007fefa3e0000 - 0x000007fefa41b000 	C:\Windows\system32\WINMM.dll
0x000007fefc0c0000 - 0x000007fefc0cc000 	C:\Windows\system32\VERSION.dll
0x00000000774b0000 - 0x00000000774b7000 	C:\Windows\system32\PSAPI.DLL
0x00000000700d0000 - 0x00000000700df000 	C:\Program Files\Java\jdk1.8.0_73\jre\bin\verify.dll
0x0000000068bb0000 - 0x0000000068bd9000 	C:\Program Files\Java\jdk1.8.0_73\jre\bin\java.dll
0x0000000068b90000 - 0x0000000068ba6000 	C:\Program Files\Java\jdk1.8.0_73\jre\bin\zip.dll
0x0000000068b70000 - 0x0000000068b8a000 	C:\Program Files\Java\jdk1.8.0_73\jre\bin\net.dll
0x000007fefc800000 - 0x000007fefc855000 	C:\Windows\system32\mswsock.dll
0x000007fefc7f0000 - 0x000007fefc7f7000 	C:\Windows\System32\wship6.dll
0x0000000068b50000 - 0x0000000068b61000 	C:\Program Files\Java\jdk1.8.0_73\jre\bin\nio.dll
0x000007fef5ab0000 - 0x000007fef5ac2000 	C:\Users\Matt Bird\.gradle\native\19\windows-amd64\native-platform.dll
0x000007fefc860000 - 0x000007fefc878000 	C:\Windows\system32\CRYPTSP.dll
0x000007fefc560000 - 0x000007fefc5a7000 	C:\Windows\system32\rsaenh.dll
0x000007fefcec0000 - 0x000007fefcecf000 	C:\Windows\system32\CRYPTBASE.dll
0x000007fefab30000 - 0x000007fefab57000 	C:\Windows\system32\IPHLPAPI.DLL
0x000007fefab20000 - 0x000007fefab2b000 	C:\Windows\system32\WINNSI.DLL
0x000007fef97b0000 - 0x000007fef97c8000 	C:\Windows\system32\dhcpcsvc.DLL
0x000007fef96b0000 - 0x000007fef96c1000 	C:\Windows\system32\dhcpcsvc6.DLL
0x0000000068f90000 - 0x0000000068f9d000 	C:\Program Files\Java\jdk1.8.0_73\jre\bin\management.dll
0x000007fefac70000 - 0x000007fefad95000 	C:\Windows\system32\dbghelp.dll

VM Arguments:
jvm_args: -Xmx1536m -Dfile.encoding=windows-1252 -Duser.country=NZ -Duser.language=en -Duser.variant 
java_command: org.gradle.launcher.daemon.bootstrap.GradleDaemon 2.14.1
java_class_path (initial): C:\Program Files\Android\Android Studio\gradle\gradle-2.14.1\lib\gradle-launcher-2.14.1.jar
Launcher Type: SUN_STANDARD

Environment Variables:
JAVA_HOME=C:\Program Files\Java\jdk1.8.0_91
PATH=C:\ProgramData\Oracle\Java\javapath;C:\Program Files\Common Files\Microsoft Shared\Windows Live;C:\Program Files (x86)\Common Files\Microsoft Shared\Windows Live;C:\python27_x64\;C:\python27_x64\Scripts;C:\Windows\system32;C:\Windows;C:\Windows\System32\Wbem;C:\Windows\System32\WindowsPowerShell\v1.0\;C:\Program Files\Intel\WiFi\bin\;C:\Program Files\Common Files\Intel\WirelessCommon\;C:\Program Files (x86)\Intel\OpenCL SDK\3.0\bin\x86;C:\Program Files (x86)\Intel\OpenCL SDK\3.0\bin\x64;C:\Program Files (x86)\Google\Cloud SDK\google-cloud-sdk\bin;C:\Program Files (x86)\Autodesk\Backburner\;C:\Program Files (x86)\Windows Live\Shared;C:\Program Files (x86)\Windows Kits\8.1\Windows Performance Toolkit\;C:\Program Files\nodejs\;C:\Matt\Programs\Code\AndroidSDK\platform-tools\;C:\Program Files (x86)\Skype\Phone\;C:\Program Files\Intel\WiFi\bin\;C:\Program Files\Common Files\Intel\WirelessCommon\;C:\Users\Matt Bird\AppData\Roaming\npm
USERNAME=Matt Bird
OS=Windows_NT
PROCESSOR_IDENTIFIER=Intel64 Family 6 Model 58 Stepping 9, GenuineIntel



---------------  S Y S T E M  ---------------

OS: Windows 7 , 64 bit Build 7601 (6.1.7601.23539)

CPU:total 4 (2 cores per cpu, 2 threads per core) family 6 model 58 stepping 9, cmov, cx8, fxsr, mmx, sse, sse2, sse3, ssse3, sse4.1, sse4.2, popcnt, avx, aes, clmul, erms, ht, tsc, tscinvbit, tscinv

Memory: 4k page, physical 10203112k(3805800k free), swap 11823920k(4374912k free)

vm_info: Java HotSpot(TM) 64-Bit Server VM (25.73-b02) for windows-amd64 JRE (1.8.0_73-b02), built on Jan 29 2016 17:38:49 by "java_re" with MS VC++ 10.0 (VS2010)

time: Thu Feb 16 03:56:18 2017
elapsed time: 6 seconds (0d 0h 0m 6s)

