#
# A fatal error has been detected by the Java Runtime Environment:
#
#  EXCEPTION_ACCESS_VIOLATION (0xc0000005) at pc=0x0000000054890c89, pid=5196, tid=8680
#
# JRE version: Java(TM) SE Runtime Environment (8.0_73-b02) (build 1.8.0_73-b02)
# Java VM: Java HotSpot(TM) 64-Bit Server VM (25.73-b02 mixed mode windows-amd64 compressed oops)
# Problematic frame:
# V  [jvm.dll+0xc0c89]
#
# Failed to write core dump. Minidumps are not enabled by default on client versions of Windows
#
# If you would like to submit a bug report, please visit:
#   http://bugreport.java.com/bugreport/crash.jsp
#

---------------  T H R E A D  ---------------

Current thread (0x000000001970a000):  JavaThread "Daemon worker" [_thread_in_vm, id=8680, stack(0x000000001ac90000,0x000000001ad90000)]

siginfo: ExceptionCode=0xc0000005, reading address 0x0000000000000100

Registers:
RAX=0x000000013f495858, RBX=0x0000000000000001, RCX=0x0000000000000200, RDX=0x0000000000000018
RSP=0x000000001ad8c570, RBP=0x000000001ad8c670, RSI=0x000000001970a000, RDI=0x00000000000000e8
R8 =0x000000013f495858, R9 =0x0000000015b60930, R10=0x0000000015b60930, R11=0x0000000000000034
R12=0x000000001ad8c750, R13=0x000000001970a000, R14=0x00000000021e2260, R15=0x000000001ad8c950
RIP=0x0000000054890c89, EFLAGS=0x0000000000010246

Top of Stack: (sp=0x000000001ad8c570)
0x000000001ad8c570:   0000000000000000 00000000549e50e5
0x000000001ad8c580:   0000000000000000 000000001970a000
0x000000001ad8c590:   000000001970a000 0000000019751e10
0x000000001ad8c5a0:   0000000019791720 0000000019791778
0x000000001ad8c5b0:   0000000019791808 00000000000000d8
0x000000001ad8c5c0:   000000001ad8d188 0000000002997a70
0x000000001ad8c5d0:   00000000029956d0 0000000000000000
0x000000001ad8c5e0:   000000001ad8cd30 0000000054a04043
0x000000001ad8c5f0:   000000001970a000 000000001ad8c6a8
0x000000001ad8c600:   0000000002cbe700 0000000002cbe818
0x000000001ad8c610:   0000000054da8238 00000000548673c1
0x000000001ad8c620:   0000000002cbe544 0000000019751dd0
0x000000001ad8c630:   00000000036db2d0 0000000015ae2248
0x000000001ad8c640:   000000001977cc20 00000000549fd851
0x000000001ad8c650:   00000000022bceb0 0000000019751dd0
0x000000001ad8c660:   0000000019751dd0 0000000019e620d0 

Instructions: (pc=0x0000000054890c89)
0x0000000054890c69:   93 b9 00 00 48 89 7b 10 48 89 73 18 4c 89 73 20
0x0000000054890c79:   e9 8f 06 00 00 41 8b 50 0c 48 8b bd b0 00 00 00
0x0000000054890c89:   48 39 04 3a 0f 84 cf 00 00 00 83 fa 18 75 21 48
0x0000000054890c99:   8b d0 48 8b cf e8 3d 30 06 00 48 8b bd b0 00 00 


Register to memory mapping:

RAX=0x000000013f495858 is pointing into metadata
RBX=0x0000000000000001 is an unknown value
RCX=0x0000000000000200 is an unknown value
RDX=0x0000000000000018 is an unknown value
RSP=0x000000001ad8c570 is pointing into the stack for thread: 0x000000001970a000
RBP=0x000000001ad8c670 is pointing into the stack for thread: 0x000000001970a000
RSI=0x000000001970a000 is a thread
RDI=0x00000000000000e8 is an unknown value
R8 =0x000000013f495858 is pointing into metadata
R9 ={method} {0x0000000015b60938} 'toArray' '([Ljava/lang/Object;)[Ljava/lang/Object;' in 'java/util/List'
R10={method} {0x0000000015b60938} 'toArray' '([Ljava/lang/Object;)[Ljava/lang/Object;' in 'java/util/List'
R11=0x0000000000000034 is an unknown value
R12=0x000000001ad8c750 is pointing into the stack for thread: 0x000000001970a000
R13=0x000000001970a000 is a thread
R14=0x00000000021e2260 is an unknown value
R15=0x000000001ad8c950 is pointing into the stack for thread: 0x000000001970a000


Stack: [0x000000001ac90000,0x000000001ad90000],  sp=0x000000001ad8c570,  free space=1009k
Native frames: (J=compiled Java code, j=interpreted, Vv=VM code, C=native code)
V  [jvm.dll+0xc0c89]
V  [jvm.dll+0xc20c7]
V  [jvm.dll+0xc28fa]
V  [jvm.dll+0xc2e85]
V  [jvm.dll+0xbb2c6]
C  0x00000000029b23ac

Java frames: (J=compiled Java code, j=interpreted, Vv=VM code)
j  java.lang.Throwable.getSuppressed()[Ljava/lang/Throwable;+28
j  java.lang.Throwable.printEnclosedStackTrace(Ljava/lang/Throwable$PrintStreamOrWriter;[Ljava/lang/StackTraceElement;Ljava/lang/String;Ljava/lang/String;Ljava/util/Set;)V+253
j  java.lang.Throwable.printEnclosedStackTrace(Ljava/lang/Throwable$PrintStreamOrWriter;[Ljava/lang/StackTraceElement;Ljava/lang/String;Ljava/lang/String;Ljava/util/Set;)V+340
j  java.lang.Throwable.printStackTrace(Ljava/lang/Throwable$PrintStreamOrWriter;)V+161
j  java.lang.Throwable.printStackTrace(Ljava/io/PrintWriter;)V+9
j  org.gradle.tooling.internal.provider.events.DefaultFailure.fromThrowable(Ljava/lang/Throwable;)Lorg/gradle/tooling/internal/provider/events/DefaultFailure;+19
j  org.gradle.tooling.internal.provider.runner.ClientForwardingBuildListener.adaptResult(Lorg/gradle/internal/progress/OperationResult;)Lorg/gradle/tooling/internal/provider/events/AbstractOperationResult;+28
j  org.gradle.tooling.internal.provider.runner.ClientForwardingBuildListener.finished(Lorg/gradle/internal/progress/BuildOperationInternal;Lorg/gradle/internal/progress/OperationResult;)V+19
v  ~StubRoutines::call_stub
J 1659  sun.reflect.NativeMethodAccessorImpl.invoke0(Ljava/lang/reflect/Method;Ljava/lang/Object;[Ljava/lang/Object;)Ljava/lang/Object; (0 bytes) @ 0x0000000002f1c97f [0x0000000002f1c900+0x7f]
J 1658 C1 sun.reflect.NativeMethodAccessorImpl.invoke(Ljava/lang/Object;[Ljava/lang/Object;)Ljava/lang/Object; (104 bytes) @ 0x0000000002f1bbe4 [0x0000000002f1aa40+0x11a4]
J 4128 C2 java.lang.reflect.Method.invoke(Ljava/lang/Object;[Ljava/lang/Object;)Ljava/lang/Object; (62 bytes) @ 0x00000000036db4c4 [0x00000000036db440+0x84]
J 806 C1 org.gradle.internal.dispatch.ReflectionDispatch.dispatch(Lorg/gradle/internal/dispatch/MethodInvocation;)V (42 bytes) @ 0x0000000002cbe544 [0x0000000002cbe1a0+0x3a4]
J 805 C1 org.gradle.internal.dispatch.ReflectionDispatch.dispatch(Ljava/lang/Object;)V (9 bytes) @ 0x0000000002cbddec [0x0000000002cbdc80+0x16c]
j  org.gradle.internal.event.DefaultListenerManager$ListenerDetails.dispatch(Lorg/gradle/internal/dispatch/MethodInvocation;)V+15
j  org.gradle.internal.event.DefaultListenerManager$ListenerDetails.dispatch(Ljava/lang/Object;)V+5
j  org.gradle.internal.event.AbstractBroadcastDispatch.dispatch(Lorg/gradle/internal/dispatch/MethodInvocation;Ljava/util/Iterator;)V+31
j  org.gradle.internal.event.DefaultListenerManager$EventBroadcast$ListenerDispatch.dispatch(Lorg/gradle/internal/dispatch/MethodInvocation;)V+20
j  org.gradle.internal.event.DefaultListenerManager$EventBroadcast$ListenerDispatch.dispatch(Ljava/lang/Object;)V+5
J 789 C1 org.gradle.internal.dispatch.ProxyDispatchAdapter$DispatchingInvocationHandler.invoke(Ljava/lang/Object;Ljava/lang/reflect/Method;[Ljava/lang/Object;)Ljava/lang/Object; (185 bytes) @ 0x0000000002cb531c [0x0000000002cb4180+0x119c]
j  com.sun.proxy.$Proxy14.finished(Lorg/gradle/internal/progress/BuildOperationInternal;Lorg/gradle/internal/progress/OperationResult;)V+20
j  org.gradle.internal.progress.DefaultBuildOperationExecutor.run(Lorg/gradle/internal/progress/BuildOperationDetails;Lorg/gradle/internal/Factory;)Ljava/lang/Object;+249
j  org.gradle.internal.progress.DefaultBuildOperationExecutor.run(Ljava/lang/String;Ljava/lang/Runnable;)V+12
j  org.gradle.initialization.DefaultGradleLauncher.doBuildStages(Lorg/gradle/initialization/DefaultGradleLauncher$Stage;)V+39
j  org.gradle.initialization.DefaultGradleLauncher.access$200(Lorg/gradle/initialization/DefaultGradleLauncher;Lorg/gradle/initialization/DefaultGradleLauncher$Stage;)V+2
j  org.gradle.initialization.DefaultGradleLauncher$1.create()Lorg/gradle/BuildResult;+29
j  org.gradle.initialization.DefaultGradleLauncher$1.create()Ljava/lang/Object;+1
j  org.gradle.internal.progress.DefaultBuildOperationExecutor.run(Lorg/gradle/internal/progress/BuildOperationDetails;Lorg/gradle/internal/Factory;)Ljava/lang/Object;+171
j  org.gradle.internal.progress.DefaultBuildOperationExecutor.run(Ljava/lang/String;Lorg/gradle/internal/Factory;)Ljava/lang/Object;+9
j  org.gradle.initialization.DefaultGradleLauncher.doBuild(Lorg/gradle/initialization/DefaultGradleLauncher$Stage;)Lorg/gradle/BuildResult;+15
j  org.gradle.initialization.DefaultGradleLauncher.getBuildAnalysis()Lorg/gradle/BuildResult;+4
j  org.gradle.launcher.exec.InProcessBuildActionExecuter$DefaultBuildController.configure()Lorg/gradle/api/internal/GradleInternal;+4
j  org.gradle.tooling.internal.provider.runner.ClientProvidedBuildActionRunner.run(Lorg/gradle/internal/invocation/BuildAction;Lorg/gradle/internal/invocation/BuildController;)V+56
j  org.gradle.launcher.exec.ChainingBuildActionRunner.run(Lorg/gradle/internal/invocation/BuildAction;Lorg/gradle/internal/invocation/BuildController;)V+34
j  org.gradle.tooling.internal.provider.runner.SubscribableBuildActionRunner.run(Lorg/gradle/internal/invocation/BuildAction;Lorg/gradle/internal/invocation/BuildController;)V+37
j  org.gradle.launcher.exec.ChainingBuildActionRunner.run(Lorg/gradle/internal/invocation/BuildAction;Lorg/gradle/internal/invocation/BuildController;)V+34
j  org.gradle.launcher.exec.InProcessBuildActionExecuter.execute(Lorg/gradle/internal/invocation/BuildAction;Lorg/gradle/initialization/BuildRequestContext;Lorg/gradle/launcher/exec/BuildActionParameters;Lorg/gradle/internal/service/ServiceRegistry;)Ljava/lang/Object;+77
j  org.gradle.launcher.exec.InProcessBuildActionExecuter.execute(Lorg/gradle/internal/invocation/BuildAction;Lorg/gradle/initialization/BuildRequestContext;Ljava/lang/Object;Lorg/gradle/internal/service/ServiceRegistry;)Ljava/lang/Object;+9
j  org.gradle.launcher.exec.ContinuousBuildActionExecuter.execute(Lorg/gradle/internal/invocation/BuildAction;Lorg/gradle/initialization/BuildRequestContext;Lorg/gradle/launcher/exec/BuildActionParameters;Lorg/gradle/internal/service/ServiceRegistry;)Ljava/lang/Object;+114
j  org.gradle.launcher.exec.ContinuousBuildActionExecuter.execute(Lorg/gradle/internal/invocation/BuildAction;Lorg/gradle/initialization/BuildRequestContext;Ljava/lang/Object;Lorg/gradle/internal/service/ServiceRegistry;)Ljava/lang/Object;+9
j  org.gradle.launcher.daemon.server.exec.ExecuteBuild.doBuild(Lorg/gradle/launcher/daemon/server/api/DaemonCommandExecution;Lorg/gradle/launcher/daemon/protocol/Build;)V+74
j  org.gradle.launcher.daemon.server.exec.BuildCommandOnly.execute(Lorg/gradle/launcher/daemon/server/api/DaemonCommandExecution;)V+49
j  org.gradle.launcher.daemon.server.api.DaemonCommandExecution.proceed()Z+28
j  org.gradle.launcher.daemon.server.exec.WatchForDisconnection.execute(Lorg/gradle/launcher/daemon/server/api/DaemonCommandExecution;)V+19
j  org.gradle.launcher.daemon.server.api.DaemonCommandExecution.proceed()Z+28
j  org.gradle.launcher.daemon.server.exec.ResetDeprecationLogger.execute(Lorg/gradle/launcher/daemon/server/api/DaemonCommandExecution;)V+4
j  org.gradle.launcher.daemon.server.api.DaemonCommandExecution.proceed()Z+28
j  org.gradle.launcher.daemon.server.exec.RequestStopIfSingleUsedDaemon.execute(Lorg/gradle/launcher/daemon/server/api/DaemonCommandExecution;)V+31
j  org.gradle.launcher.daemon.server.api.DaemonCommandExecution.proceed()Z+28
j  org.gradle.launcher.daemon.server.exec.ForwardClientInput$2.call()Ljava/lang/Void;+4
j  org.gradle.launcher.daemon.server.exec.ForwardClientInput$2.call()Ljava/lang/Object;+1
j  org.gradle.util.Swapper.swap(Ljava/lang/Object;Ljava/util/concurrent/Callable;)Ljava/lang/Object;+21
j  org.gradle.launcher.daemon.server.exec.ForwardClientInput.execute(Lorg/gradle/launcher/daemon/server/api/DaemonCommandExecution;)V+63
j  org.gradle.launcher.daemon.server.api.DaemonCommandExecution.proceed()Z+28
j  org.gradle.launcher.daemon.server.health.DaemonHealthTracker.execute(Lorg/gradle/launcher/daemon/server/api/DaemonCommandExecution;)V+35
j  org.gradle.launcher.daemon.server.api.DaemonCommandExecution.proceed()Z+28
j  org.gradle.launcher.daemon.server.exec.LogToClient.doBuild(Lorg/gradle/launcher/daemon/server/api/DaemonCommandExecution;Lorg/gradle/launcher/daemon/protocol/Build;)V+87
j  org.gradle.launcher.daemon.server.exec.BuildCommandOnly.execute(Lorg/gradle/launcher/daemon/server/api/DaemonCommandExecution;)V+49
j  org.gradle.launcher.daemon.server.api.DaemonCommandExecution.proceed()Z+28
j  org.gradle.launcher.daemon.server.exec.EstablishBuildEnvironment.doBuild(Lorg/gradle/launcher/daemon/server/api/DaemonCommandExecution;Lorg/gradle/launcher/daemon/protocol/Build;)V+279
j  org.gradle.launcher.daemon.server.exec.BuildCommandOnly.execute(Lorg/gradle/launcher/daemon/server/api/DaemonCommandExecution;)V+49
j  org.gradle.launcher.daemon.server.api.DaemonCommandExecution.proceed()Z+28
j  org.gradle.launcher.daemon.server.health.HintGCAfterBuild.execute(Lorg/gradle/launcher/daemon/server/api/DaemonCommandExecution;)V+1
j  org.gradle.launcher.daemon.server.api.DaemonCommandExecution.proceed()Z+28
j  org.gradle.launcher.daemon.server.exec.StartBuildOrRespondWithBusy$1.run()V+44
j  org.gradle.launcher.daemon.server.DaemonStateCoordinator$1.run()V+4
j  org.gradle.internal.concurrent.ExecutorPolicy$CatchAndRecordFailures.onExecute(Ljava/lang/Runnable;)V+1
j  org.gradle.internal.concurrent.StoppableExecutorImpl$1.run()V+25
j  java.util.concurrent.ThreadPoolExecutor.runWorker(Ljava/util/concurrent/ThreadPoolExecutor$Worker;)V+95
j  java.util.concurrent.ThreadPoolExecutor$Worker.run()V+5
j  java.lang.Thread.run()V+11
v  ~StubRoutines::call_stub

---------------  P R O C E S S  ---------------

Java Threads: ( => current thread )
  0x000000001b6c5800 JavaThread "Stdin handler" [_thread_blocked, id=7064, stack(0x0000000020740000,0x0000000020840000)]
  0x000000001b6c4800 JavaThread "Asynchronous log dispatcher for org.gradle.launcher.daemon.server.DefaultDaemonConnection@337f28dd" [_thread_blocked, id=7556, stack(0x000000001b510000,0x000000001b610000)]
  0x000000001b6c4000 JavaThread "Cancel handler" [_thread_blocked, id=7904, stack(0x000000001aa60000,0x000000001ab60000)]
  0x000000001b6c3000 JavaThread "Handler for socket connection from /127.0.0.1:49798 to /127.0.0.1:49807" [_thread_in_native, id=9128, stack(0x000000001a950000,0x000000001aa50000)]
  0x000000001b6c1800 JavaThread "File lock request listener" [_thread_in_native, id=8832, stack(0x000000001ca90000,0x000000001cb90000)]
=>0x000000001970a000 JavaThread "Daemon worker" [_thread_in_vm, id=8680, stack(0x000000001ac90000,0x000000001ad90000)]
  0x0000000019785800 JavaThread "Daemon" [_thread_blocked, id=9396, stack(0x000000001a780000,0x000000001a880000)]
  0x000000001939b800 JavaThread "Incoming local TCP Connector on port 49798" [_thread_in_native, id=1108, stack(0x0000000019130000,0x0000000019230000)]
  0x000000001932a800 JavaThread "pool-1-thread-1" [_thread_blocked, id=3056, stack(0x000000001a310000,0x000000001a410000)]
  0x000000001649f000 JavaThread "Service Thread" daemon [_thread_blocked, id=9276, stack(0x0000000018380000,0x0000000018480000)]
  0x0000000017898800 JavaThread "C1 CompilerThread2" daemon [_thread_blocked, id=7196, stack(0x0000000018250000,0x0000000018350000)]
  0x0000000017897000 JavaThread "C2 CompilerThread1" daemon [_thread_blocked, id=7260, stack(0x0000000017660000,0x0000000017760000)]
  0x0000000016495800 JavaThread "C2 CompilerThread0" daemon [_thread_blocked, id=8060, stack(0x0000000018070000,0x0000000018170000)]
  0x0000000016494000 JavaThread "Attach Listener" daemon [_thread_blocked, id=9624, stack(0x0000000017e90000,0x0000000017f90000)]
  0x0000000016493000 JavaThread "Signal Dispatcher" daemon [_thread_blocked, id=4864, stack(0x0000000017ca0000,0x0000000017da0000)]
  0x0000000016439000 JavaThread "Finalizer" daemon [_thread_blocked, id=9604, stack(0x0000000017790000,0x0000000017890000)]
  0x0000000016430000 JavaThread "Reference Handler" daemon [_thread_blocked, id=6512, stack(0x0000000017550000,0x0000000017650000)]
  0x00000000022bf000 JavaThread "main" [_thread_blocked, id=5028, stack(0x00000000025c0000,0x00000000026c0000)]

Other Threads:
  0x000000001642a800 VMThread [stack: 0x00000000172d0000,0x00000000173d0000] [id=9596]
  0x0000000017935000 WatcherThread [stack: 0x0000000018600000,0x0000000018700000] [id=4204]

VM state:not at safepoint (normal execution)

VM Mutex/Monitor currently owned by a thread: None

Heap:
 PSYoungGen      total 161280K, used 128203K [0x00000000e0000000, 0x00000000ea980000, 0x0000000100000000)
  eden space 148992K, 86% used [0x00000000e0000000,0x00000000e7d32c20,0x00000000e9180000)
  from space 12288K, 0% used [0x00000000e9180000,0x00000000e9180000,0x00000000e9d80000)
  to   space 12288K, 0% used [0x00000000e9d80000,0x00000000e9d80000,0x00000000ea980000)
 ParOldGen       total 58880K, used 12737K [0x00000000a0000000, 0x00000000a3980000, 0x00000000e0000000)
  object space 58880K, 21% used [0x00000000a0000000,0x00000000a0c70668,0x00000000a3980000)
 Metaspace       used 43483K, capacity 44448K, committed 44800K, reserved 1087488K
  class space    used 5882K, capacity 6128K, committed 6144K, reserved 1048576K

Card table byte_map: [0x0000000011d50000,0x0000000012060000] byte_map_base: 0x0000000011850000

Marking Bits: (ParMarkBitMap*) 0x0000000054fe0600
 Begin Bits: [0x00000000127a0000, 0x0000000013fa0000)
 End Bits:   [0x0000000013fa0000, 0x00000000157a0000)

Polling page: 0x0000000000450000

CodeCache: size=245760Kb used=15229Kb max_used=15272Kb free=230530Kb
 bounds [0x0000000002990000, 0x0000000003890000, 0x0000000011990000]
 total_blobs=5052 nmethods=4353 adapters=610
 compilation: enabled

Compilation events (10 events):
Event: 31.103 Thread 0x0000000017898800 4727       3       java.lang.invoke.MemberName::init (66 bytes)
Event: 31.103 Thread 0x0000000017898800 nmethod 4727 0x0000000003881d10 code [0x0000000003881e60, 0x0000000003882010]
Event: 31.114 Thread 0x0000000017898800 4728       3       java.util.Formatter$FixedString::<init> (15 bytes)
Event: 31.114 Thread 0x0000000017898800 nmethod 4728 0x0000000003881950 code [0x0000000003881aa0, 0x0000000003881c70]
Event: 31.114 Thread 0x0000000016495800 4729       4       java.nio.Buffer::flip (20 bytes)
Event: 31.115 Thread 0x0000000016495800 nmethod 4729 0x0000000003759490 code [0x00000000037595c0, 0x0000000003759638]
Event: 31.115 Thread 0x0000000017898800 4730   !   3       sun.nio.cs.StreamDecoder::read (196 bytes)
Event: 31.116 Thread 0x0000000017898800 nmethod 4730 0x0000000002b2d390 code [0x0000000002b2d5a0, 0x0000000002b2e2a8]
Event: 31.116 Thread 0x0000000017898800 4731   !   3       sun.nio.cs.StreamDecoder::readBytes (289 bytes)
Event: 31.117 Thread 0x0000000017898800 nmethod 4731 0x0000000002c11950 code [0x0000000002c11c00, 0x0000000002c12ea8]

GC Heap History (10 events):
Event: 5.587 GC heap before
{Heap before GC invocations=5 (full 1):
 PSYoungGen      total 86528K, used 6640K [0x00000000e0000000, 0x00000000e5b00000, 0x0000000100000000)
  eden space 79872K, 0% used [0x00000000e0000000,0x00000000e0000000,0x00000000e4e00000)
  from space 6656K, 99% used [0x00000000e5480000,0x00000000e5afc010,0x00000000e5b00000)
  to   space 6656K, 0% used [0x00000000e4e00000,0x00000000e4e00000,0x00000000e5480000)
 ParOldGen       total 106496K, used 5820K [0x00000000a0000000, 0x00000000a6800000, 0x00000000e0000000)
  object space 106496K, 5% used [0x00000000a0000000,0x00000000a05af258,0x00000000a6800000)
 Metaspace       used 20758K, capacity 21210K, committed 21296K, reserved 1067008K
  class space    used 2759K, capacity 2889K, committed 2944K, reserved 1048576K
Event: 5.696 GC heap after
Heap after GC invocations=5 (full 1):
 PSYoungGen      total 86528K, used 0K [0x00000000e0000000, 0x00000000e5b00000, 0x0000000100000000)
  eden space 79872K, 0% used [0x00000000e0000000,0x00000000e0000000,0x00000000e4e00000)
  from space 6656K, 0% used [0x00000000e5480000,0x00000000e5480000,0x00000000e5b00000)
  to   space 6656K, 0% used [0x00000000e4e00000,0x00000000e4e00000,0x00000000e5480000)
 ParOldGen       total 58880K, used 10465K [0x00000000a0000000, 0x00000000a3980000, 0x00000000e0000000)
  object space 58880K, 17% used [0x00000000a0000000,0x00000000a0a384a8,0x00000000a3980000)
 Metaspace       used 20758K, capacity 21210K, committed 21296K, reserved 1067008K
  class space    used 2759K, capacity 2889K, committed 2944K, reserved 1048576K
}
Event: 7.746 GC heap before
{Heap before GC invocations=6 (full 1):
 PSYoungGen      total 86528K, used 79872K [0x00000000e0000000, 0x00000000e5b00000, 0x0000000100000000)
  eden space 79872K, 100% used [0x00000000e0000000,0x00000000e4e00000,0x00000000e4e00000)
  from space 6656K, 0% used [0x00000000e5480000,0x00000000e5480000,0x00000000e5b00000)
  to   space 6656K, 0% used [0x00000000e4e00000,0x00000000e4e00000,0x00000000e5480000)
 ParOldGen       total 58880K, used 10465K [0x00000000a0000000, 0x00000000a3980000, 0x00000000e0000000)
  object space 58880K, 17% used [0x00000000a0000000,0x00000000a0a384a8,0x00000000a3980000)
 Metaspace       used 27354K, capacity 27986K, committed 28160K, reserved 1073152K
  class space    used 3842K, capacity 4033K, committed 4096K, reserved 1048576K
Event: 7.756 GC heap after
Heap after GC invocations=6 (full 1):
 PSYoungGen      total 86528K, used 6651K [0x00000000e0000000, 0x00000000eaa80000, 0x0000000100000000)
  eden space 79872K, 0% used [0x00000000e0000000,0x00000000e0000000,0x00000000e4e00000)
  from space 6656K, 99% used [0x00000000e4e00000,0x00000000e547ecf8,0x00000000e5480000)
  to   space 11776K, 0% used [0x00000000e9f00000,0x00000000e9f00000,0x00000000eaa80000)
 ParOldGen       total 58880K, used 12872K [0x00000000a0000000, 0x00000000a3980000, 0x00000000e0000000)
  object space 58880K, 21% used [0x00000000a0000000,0x00000000a0c920f8,0x00000000a3980000)
 Metaspace       used 27354K, capacity 27986K, committed 28160K, reserved 1073152K
  class space    used 3842K, capacity 4033K, committed 4096K, reserved 1048576K
}
Event: 13.260 GC heap before
{Heap before GC invocations=7 (full 1):
 PSYoungGen      total 86528K, used 86523K [0x00000000e0000000, 0x00000000eaa80000, 0x0000000100000000)
  eden space 79872K, 100% used [0x00000000e0000000,0x00000000e4e00000,0x00000000e4e00000)
  from space 6656K, 99% used [0x00000000e4e00000,0x00000000e547ecf8,0x00000000e5480000)
  to   space 11776K, 0% used [0x00000000e9f00000,0x00000000e9f00000,0x00000000eaa80000)
 ParOldGen       total 58880K, used 12872K [0x00000000a0000000, 0x00000000a3980000, 0x00000000e0000000)
  object space 58880K, 21% used [0x00000000a0000000,0x00000000a0c920f8,0x00000000a3980000)
 Metaspace       used 32951K, capacity 33548K, committed 33920K, reserved 1079296K
  class space    used 4533K, capacity 4713K, committed 4736K, reserved 1048576K
Event: 13.469 GC heap after
Heap after GC invocations=7 (full 1):
 PSYoungGen      total 159744K, used 9969K [0x00000000e0000000, 0x00000000ea980000, 0x0000000100000000)
  eden space 148992K, 0% used [0x00000000e0000000,0x00000000e0000000,0x00000000e9180000)
  from space 10752K, 92% used [0x00000000e9f00000,0x00000000ea8bc778,0x00000000ea980000)
  to   space 12288K, 0% used [0x00000000e9180000,0x00000000e9180000,0x00000000e9d80000)
 ParOldGen       total 58880K, used 12880K [0x00000000a0000000, 0x00000000a3980000, 0x00000000e0000000)
  object space 58880K, 21% used [0x00000000a0000000,0x00000000a0c940f8,0x00000000a3980000)
 Metaspace       used 32951K, capacity 33548K, committed 33920K, reserved 1079296K
  class space    used 4533K, capacity 4713K, committed 4736K, reserved 1048576K
}
Event: 13.844 GC heap before
{Heap before GC invocations=8 (full 1):
 PSYoungGen      total 159744K, used 19256K [0x00000000e0000000, 0x00000000ea980000, 0x0000000100000000)
  eden space 148992K, 6% used [0x00000000e0000000,0x00000000e09118b8,0x00000000e9180000)
  from space 10752K, 92% used [0x00000000e9f00000,0x00000000ea8bc778,0x00000000ea980000)
  to   space 12288K, 0% used [0x00000000e9180000,0x00000000e9180000,0x00000000e9d80000)
 ParOldGen       total 58880K, used 12880K [0x00000000a0000000, 0x00000000a3980000, 0x00000000e0000000)
  object space 58880K, 21% used [0x00000000a0000000,0x00000000a0c940f8,0x00000000a3980000)
 Metaspace       used 34024K, capacity 34700K, committed 35072K, reserved 1079296K
  class space    used 4641K, capacity 4841K, committed 4864K, reserved 1048576K
Event: 13.853 GC heap after
Heap after GC invocations=8 (full 1):
 PSYoungGen      total 161280K, used 5937K [0x00000000e0000000, 0x00000000ea980000, 0x0000000100000000)
  eden space 148992K, 0% used [0x00000000e0000000,0x00000000e0000000,0x00000000e9180000)
  from space 12288K, 48% used [0x00000000e9180000,0x00000000e974c570,0x00000000e9d80000)
  to   space 12288K, 0% used [0x00000000e9d80000,0x00000000e9d80000,0x00000000ea980000)
 ParOldGen       total 58880K, used 12888K [0x00000000a0000000, 0x00000000a3980000, 0x00000000e0000000)
  object space 58880K, 21% used [0x00000000a0000000,0x00000000a0c960f8,0x00000000a3980000)
 Metaspace       used 34024K, capacity 34700K, committed 35072K, reserved 1079296K
  class space    used 4641K, capacity 4841K, committed 4864K, reserved 1048576K
}
Event: 13.853 GC heap before
{Heap before GC invocations=9 (full 2):
 PSYoungGen      total 161280K, used 5937K [0x00000000e0000000, 0x00000000ea980000, 0x0000000100000000)
  eden space 148992K, 0% used [0x00000000e0000000,0x00000000e0000000,0x00000000e9180000)
  from space 12288K, 48% used [0x00000000e9180000,0x00000000e974c570,0x00000000e9d80000)
  to   space 12288K, 0% used [0x00000000e9d80000,0x00000000e9d80000,0x00000000ea980000)
 ParOldGen       total 58880K, used 12888K [0x00000000a0000000, 0x00000000a3980000, 0x00000000e0000000)
  object space 58880K, 21% used [0x00000000a0000000,0x00000000a0c960f8,0x00000000a3980000)
 Metaspace       used 34024K, capacity 34700K, committed 35072K, reserved 1079296K
  class space    used 4641K, capacity 4841K, committed 4864K, reserved 1048576K
Event: 13.954 GC heap after
Heap after GC invocations=9 (full 2):
 PSYoungGen      total 161280K, used 0K [0x00000000e0000000, 0x00000000ea980000, 0x0000000100000000)
  eden space 148992K, 0% used [0x00000000e0000000,0x00000000e0000000,0x00000000e9180000)
  from space 12288K, 0% used [0x00000000e9180000,0x00000000e9180000,0x00000000e9d80000)
  to   space 12288K, 0% used [0x00000000e9d80000,0x00000000e9d80000,0x00000000ea980000)
 ParOldGen       total 58880K, used 12737K [0x00000000a0000000, 0x00000000a3980000, 0x00000000e0000000)
  object space 58880K, 21% used [0x00000000a0000000,0x00000000a0c70668,0x00000000a3980000)
 Metaspace       used 34024K, capacity 34700K, committed 35072K, reserved 1079296K
  class space    used 4641K, capacity 4841K, committed 4864K, reserved 1048576K
}

Deoptimization events (10 events):
Event: 30.159 Thread 0x000000001970a000 Uncommon trap: reason=class_check action=maybe_recompile pc=0x0000000002ab9354 method=java.util.AbstractList$Itr.hasNext()Z @ 8
Event: 30.159 Thread 0x000000001970a000 Uncommon trap: reason=class_check action=maybe_recompile pc=0x0000000002ab9354 method=java.util.AbstractList$Itr.hasNext()Z @ 8
Event: 30.159 Thread 0x000000001970a000 Uncommon trap: reason=class_check action=maybe_recompile pc=0x0000000002ab9354 method=java.util.AbstractList$Itr.hasNext()Z @ 8
Event: 30.226 Thread 0x000000001970a000 Uncommon trap: reason=unstable_if action=reinterpret pc=0x0000000002f65304 method=sun.misc.MetaIndex.mayContain(Ljava/lang/String;)Z @ 38
Event: 30.306 Thread 0x000000001970a000 Uncommon trap: reason=unstable_if action=reinterpret pc=0x0000000002e30090 method=java.io.DataInputStream.readUTF(Ljava/io/DataInput;)Ljava/lang/String; @ 31
Event: 30.415 Thread 0x000000001970a000 Uncommon trap: reason=class_check action=maybe_recompile pc=0x0000000003728734 method=java.io.FilterInputStream.read()I @ 4
Event: 30.415 Thread 0x000000001970a000 Uncommon trap: reason=class_check action=maybe_recompile pc=0x0000000003728734 method=java.io.FilterInputStream.read()I @ 4
Event: 30.415 Thread 0x000000001970a000 Uncommon trap: reason=class_check action=maybe_recompile pc=0x0000000003728734 method=java.io.FilterInputStream.read()I @ 4
Event: 30.415 Thread 0x000000001970a000 Uncommon trap: reason=class_check action=maybe_recompile pc=0x0000000003728734 method=java.io.FilterInputStream.read()I @ 4
Event: 30.713 Thread 0x000000001970a000 Uncommon trap: reason=unstable_if action=reinterpret pc=0x000000000377b22c method=com.sun.org.apache.xerces.internal.impl.XMLEntityScanner.scanContent(Lcom/sun/org/apache/xerces/internal/xni/XMLString;)I @ 481

Internal exceptions (10 events):
Event: 30.965 Thread 0x000000001970a000 Exception <a 'sun/nio/fs/WindowsException'> (0x00000000e6913698) thrown at [D:\re\puppet\workspace\8-2-build-windows-amd64-cygwin\jdk8u73\6086\hotspot\src\share\vm\prims\jni.cpp, line 709]
Event: 30.965 Thread 0x000000001970a000 Exception <a 'sun/nio/fs/WindowsException'> (0x00000000e6913fc8) thrown at [D:\re\puppet\workspace\8-2-build-windows-amd64-cygwin\jdk8u73\6086\hotspot\src\share\vm\prims\jni.cpp, line 709]
Event: 30.965 Thread 0x000000001970a000 Exception <a 'sun/nio/fs/WindowsException'> (0x00000000e69162d0) thrown at [D:\re\puppet\workspace\8-2-build-windows-amd64-cygwin\jdk8u73\6086\hotspot\src\share\vm\prims\jni.cpp, line 709]
Event: 30.965 Thread 0x000000001970a000 Exception <a 'sun/nio/fs/WindowsException'> (0x00000000e6916c40) thrown at [D:\re\puppet\workspace\8-2-build-windows-amd64-cygwin\jdk8u73\6086\hotspot\src\share\vm\prims\jni.cpp, line 709]
Event: 30.965 Thread 0x000000001970a000 Exception <a 'sun/nio/fs/WindowsException'> (0x00000000e6918228) thrown at [D:\re\puppet\workspace\8-2-build-windows-amd64-cygwin\jdk8u73\6086\hotspot\src\share\vm\prims\jni.cpp, line 709]
Event: 30.966 Thread 0x000000001970a000 Exception <a 'sun/nio/fs/WindowsException'> (0x00000000e6918bd0) thrown at [D:\re\puppet\workspace\8-2-build-windows-amd64-cygwin\jdk8u73\6086\hotspot\src\share\vm\prims\jni.cpp, line 709]
Event: 31.079 Thread 0x000000001970a000 Exception <a 'java/lang/NoSuchMethodError': java.lang.Object.lambda$comparing$77a9974f$1(Ljava/util/function/Function;Ljava/lang/Object;Ljava/lang/Object;)I> (0x00000000e78da8b0) thrown at [D:\re\puppet\workspace\8-2-build-windows-amd64-cygwin\jdk8u73\6086ø“5ªÙ?@
Event: 31.082 Thread 0x000000001970a000 Exception <a 'java/lang/NoSuchMethodError': java.lang.Object.lambda$thenComparing$36697e65$1(Ljava/util/Comparator;Ljava/lang/Object;Ljava/lang/Object;)I> (0x00000000e78f0a98) thrown at [D:\re\puppet\workspace\8-2-build-windows-amd64-cygwin\jdk8u73\6086\hoÚ2O?@
Event: 31.103 Thread 0x000000001970a000 Exception <a 'java/lang/NoSuchMethodError': java.lang.Object.lambda$maxBy$24(Ljava/util/Comparator;Ljava/lang/Object;Ljava/lang/Object;)Ljava/lang/Object;> (0x00000000e7a46708) thrown at [D:\re\puppet\workspace\8-2-build-windows-amd64-cygwin\jdk8u73\6086\h˝…‰Yê?@
Event: 31.119 Thread 0x000000001970a000 Exception <a 'sun/nio/fs/WindowsException'> (0x00000000e7ae3518) thrown at [D:\re\puppet\workspace\8-2-build-windows-amd64-cygwin\jdk8u73\6086\hotspot\src\share\vm\prims\jni.cpp, line 709]

Events (10 events):
Event: 31.135 loading class com/android/repository/api/ConsoleProgressIndicator
Event: 31.135 loading class com/android/repository/api/ConsoleProgressIndicator done
Event: 31.136 loading class org/gradle/api/ProjectState
Event: 31.136 loading class org/gradle/api/ProjectState done
Event: 31.136 Thread 0x000000001970a000 DEOPT PACKING pc=0x0000000002cc0534 sp=0x000000001ad8d5b0
Event: 31.136 Thread 0x000000001970a000 DEOPT UNPACKING pc=0x00000000029d787f sp=0x000000001ad8d360 mode 0
Event: 31.136 Thread 0x000000001970a000 DEOPT PACKING pc=0x0000000002cbf7f4 sp=0x000000001ad8d6a0
Event: 31.138 Thread 0x000000001970a000 DEOPT UNPACKING pc=0x00000000029d787f sp=0x000000001ad8d3c8 mode 0
Event: 31.138 Executing VM operation: RevokeBias
Event: 31.139 Executing VM operation: RevokeBias done


Dynamic libraries:
0x000000013f440000 - 0x000000013f477000 	C:\Program Files\Java\jdk1.8.0_73\bin\java.exe
0x0000000077290000 - 0x000000007743a000 	C:\Windows\SYSTEM32\ntdll.dll
0x0000000077170000 - 0x000000007728f000 	C:\Windows\system32\kernel32.dll
0x000007fefd2d0000 - 0x000007fefd33a000 	C:\Windows\system32\KERNELBASE.dll
0x000007fefd560000 - 0x000007fefd63b000 	C:\Windows\system32\ADVAPI32.dll
0x000007feff480000 - 0x000007feff51f000 	C:\Windows\system32\msvcrt.dll
0x000007fefe6a0000 - 0x000007fefe6bf000 	C:\Windows\SYSTEM32\sechost.dll
0x000007fefec30000 - 0x000007fefed5d000 	C:\Windows\system32\RPCRT4.dll
0x0000000077070000 - 0x000000007716a000 	C:\Windows\system32\USER32.dll
0x000007fefee80000 - 0x000007fefeee7000 	C:\Windows\system32\GDI32.dll
0x000007feff470000 - 0x000007feff47e000 	C:\Windows\system32\LPK.dll
0x000007fefe9a0000 - 0x000007fefea6a000 	C:\Windows\system32\USP10.dll
0x000007fefb130000 - 0x000007fefb324000 	C:\Windows\WinSxS\amd64_microsoft.windows.common-controls_6595b64144ccf1df_6.0.7601.18837_none_fa3b1e3d17594757\COMCTL32.dll
0x000007fefed60000 - 0x000007fefedd1000 	C:\Windows\system32\SHLWAPI.dll
0x000007fefce00000 - 0x000007fefce57000 	C:\Windows\system32\apphelp.dll
0x000007fef3c40000 - 0x000007fef3c91000 	C:\Windows\AppPatch\AppPatch64\AcGenral.DLL
0x000007fefcdd0000 - 0x000007fefcdf5000 	C:\Windows\system32\SspiCli.dll
0x000007feff230000 - 0x000007feff433000 	C:\Windows\system32\ole32.dll
0x000007fefd640000 - 0x000007fefe3ca000 	C:\Windows\system32\SHELL32.dll
0x00000000739c0000 - 0x00000000739c3000 	C:\Windows\system32\sfc.dll
0x000007fef6a50000 - 0x000007fef6a60000 	C:\Windows\system32\sfc_os.DLL
0x000007fefd350000 - 0x000007fefd36e000 	C:\Windows\system32\USERENV.dll
0x000007fefcfd0000 - 0x000007fefcfdf000 	C:\Windows\system32\profapi.dll
0x000007fefac70000 - 0x000007fefac88000 	C:\Windows\system32\dwmapi.dll
0x000007fef4db0000 - 0x000007fef4dc8000 	C:\Windows\system32\MPR.dll
0x000007fefec00000 - 0x000007fefec2e000 	C:\Windows\system32\IMM32.DLL
0x000007fefe7f0000 - 0x000007fefe8f9000 	C:\Windows\system32\MSCTF.dll
0x000000006f6b0000 - 0x000000006f782000 	C:\Program Files\Java\jdk1.8.0_73\jre\bin\msvcr100.dll
0x00000000547d0000 - 0x0000000055060000 	C:\Program Files\Java\jdk1.8.0_73\jre\bin\server\jvm.dll
0x000007fefa3e0000 - 0x000007fefa3e9000 	C:\Windows\system32\WSOCK32.dll
0x000007fefe6c0000 - 0x000007fefe70d000 	C:\Windows\system32\WS2_32.dll
0x000007feff460000 - 0x000007feff468000 	C:\Windows\system32\NSI.dll
0x000007fefa9d0000 - 0x000007fefaa0b000 	C:\Windows\system32\WINMM.dll
0x000007fefc060000 - 0x000007fefc06c000 	C:\Windows\system32\VERSION.dll
0x0000000077460000 - 0x0000000077467000 	C:\Windows\system32\PSAPI.DLL
0x0000000073090000 - 0x000000007309f000 	C:\Program Files\Java\jdk1.8.0_73\jre\bin\verify.dll
0x0000000073060000 - 0x0000000073089000 	C:\Program Files\Java\jdk1.8.0_73\jre\bin\java.dll
0x0000000073040000 - 0x0000000073056000 	C:\Program Files\Java\jdk1.8.0_73\jre\bin\zip.dll
0x0000000073020000 - 0x000000007303a000 	C:\Program Files\Java\jdk1.8.0_73\jre\bin\net.dll
0x000007fefc7a0000 - 0x000007fefc7f5000 	C:\Windows\system32\mswsock.dll
0x000007fefc790000 - 0x000007fefc797000 	C:\Windows\System32\wship6.dll
0x0000000073000000 - 0x0000000073011000 	C:\Program Files\Java\jdk1.8.0_73\jre\bin\nio.dll
0x000007feed970000 - 0x000007feed982000 	C:\Users\Matt Bird\.gradle\native\19\windows-amd64\native-platform.dll
0x000007fefc800000 - 0x000007fefc818000 	C:\Windows\system32\CRYPTSP.dll
0x000007fefc500000 - 0x000007fefc547000 	C:\Windows\system32\rsaenh.dll
0x000007fefce60000 - 0x000007fefce6f000 	C:\Windows\system32\CRYPTBASE.dll
0x000007fefa390000 - 0x000007fefa3b7000 	C:\Windows\system32\IPHLPAPI.DLL
0x000007fefa380000 - 0x000007fefa38b000 	C:\Windows\system32\WINNSI.DLL
0x000007fef9580000 - 0x000007fef9598000 	C:\Windows\system32\dhcpcsvc.DLL
0x000007fef9560000 - 0x000007fef9571000 	C:\Windows\system32\dhcpcsvc6.DLL
0x00000000730a0000 - 0x00000000730ad000 	C:\Program Files\Java\jdk1.8.0_73\jre\bin\management.dll
0x000007fefa400000 - 0x000007fefa525000 	C:\Windows\system32\dbghelp.dll

VM Arguments:
jvm_args: -Xmx1536m -Dfile.encoding=windows-1252 -Duser.country=NZ -Duser.language=en -Duser.variant 
java_command: org.gradle.launcher.daemon.bootstrap.GradleDaemon 2.14.1
java_class_path (initial): C:\Program Files\Android\Android Studio\gradle\gradle-2.14.1\lib\gradle-launcher-2.14.1.jar
Launcher Type: SUN_STANDARD

Environment Variables:
JAVA_HOME=C:\Program Files\Java\jdk1.8.0_91
PATH=C:\ProgramData\Oracle\Java\javapath;C:\Program Files\Common Files\Microsoft Shared\Windows Live;C:\Program Files (x86)\Common Files\Microsoft Shared\Windows Live;C:\python27_x64\;C:\python27_x64\Scripts;C:\Windows\system32;C:\Windows;C:\Windows\System32\Wbem;C:\Windows\System32\WindowsPowerShell\v1.0\;C:\Program Files\Intel\WiFi\bin\;C:\Program Files\Common Files\Intel\WirelessCommon\;C:\Program Files (x86)\Intel\OpenCL SDK\3.0\bin\x86;C:\Program Files (x86)\Intel\OpenCL SDK\3.0\bin\x64;C:\Program Files (x86)\Google\Cloud SDK\google-cloud-sdk\bin;C:\Program Files (x86)\Autodesk\Backburner\;C:\Program Files (x86)\Windows Live\Shared;C:\Program Files (x86)\Windows Kits\8.1\Windows Performance Toolkit\;C:\Program Files\nodejs\;C:\Matt\Programs\Code\AndroidSDK\platform-tools\;C:\Program Files (x86)\Skype\Phone\;C:\Program Files\Intel\WiFi\bin\;C:\Program Files\Common Files\Intel\WirelessCommon\;C:\Users\Matt Bird\AppData\Roaming\npm
USERNAME=Matt Bird
OS=Windows_NT
PROCESSOR_IDENTIFIER=Intel64 Family 6 Model 58 Stepping 9, GenuineIntel



---------------  S Y S T E M  ---------------

OS: Windows 7 , 64 bit Build 7601 (6.1.7601.23539)

CPU:total 4 (2 cores per cpu, 2 threads per core) family 6 model 58 stepping 9, cmov, cx8, fxsr, mmx, sse, sse2, sse3, ssse3, sse4.1, sse4.2, popcnt, avx, aes, clmul, erms, ht, tsc, tscinvbit, tscinv

Memory: 4k page, physical 10203112k(3338780k free), swap 11029000k(2625696k free)

vm_info: Java HotSpot(TM) 64-Bit Server VM (25.73-b02) for windows-amd64 JRE (1.8.0_73-b02), built on Jan 29 2016 17:38:49 by "java_re" with MS VC++ 10.0 (VS2010)

time: Sat Feb 18 01:16:13 2017
elapsed time: 31 seconds (0d 0h 0m 31s)

