#
# A fatal error has been detected by the Java Runtime Environment:
#
#  EXCEPTION_ACCESS_VIOLATION (0xc0000005) at pc=0x0000000052c4333b, pid=7608, tid=1180
#
# JRE version: Java(TM) SE Runtime Environment (8.0_73-b02) (build 1.8.0_73-b02)
# Java VM: Java HotSpot(TM) 64-Bit Server VM (25.73-b02 mixed mode windows-amd64 compressed oops)
# Problematic frame:
# V  [jvm.dll+0x11333b]
#
# Failed to write core dump. Minidumps are not enabled by default on client versions of Windows
#
# If you would like to submit a bug report, please visit:
#   http://bugreport.java.com/bugreport/crash.jsp
#

---------------  T H R E A D  ---------------

Current thread (0x000000000224e000):  GCTaskThread [stack: 0x00000000125c0000,0x00000000126c0000] [id=1180]

siginfo: ExceptionCode=0xc0000005, reading address 0x00000007138b5a48

Registers:
RAX=0x00000000128f0000, RBX=0x00000000e278c188, RCX=0x0000000000000003, RDX=0x0000000000000001
RSP=0x00000000126bf530, RBP=0x00000000e29cc17c, RSI=0x00000000164f70d0, RDI=0x00000000164f70d0
R8 =0x00000007138b5a40, R9 =0x000000013f2716d0, R10=0x000000000000000c, R11=0x0000000053127cf8
R12=0x00000000e29cc180, R13=0x000000013f271938, R14=0x000000013f271940, R15=0x00000000e29cc170
RIP=0x0000000052c4333b, EFLAGS=0x0000000000010202

Top of Stack: (sp=0x00000000126bf530)
0x00000000126bf530:   000000013f2716d0 00000000e2b22a1c
0x00000000126bf540:   00000000164f70d0 0000000052d4b2e2
0x00000000126bf550:   0000000000000000 00000000000003d8
0x00000000126bf560:   000000000224e898 000000000224a390
0x00000000126bf570:   0000000000000beb 0000000052f228d0
0x00000000126bf580:   00000000164f70d0 00000000164655d0
0x00000000126bf590:   00000000164f70d0 000000000224e4c0
0x00000000126bf5a0:   0000000000000000 0000000000000c00
0x00000000126bf5b0:   0000000000000000 0000000000000000
0x00000000126bf5c0:   0000000000000000 000000001932f800
0x00000000126bf5d0:   0000000000000001 0000000052c68c01
0x00000000126bf5e0:   0000891811482103 000000000224e898
0x00000000126bf5f0:   000000000224e4c0 00000000000003d8
0x00000000126bf600:   000000000224e4c0 000000000224a390
0x00000000126bf610:   000000000224e4b0 00000000164655d0
0x00000000126bf620:   00000000164f70d0 0000000052f1f633 

Instructions: (pc=0x0000000052c4333b)
0x0000000052c4331b:   6e 00 84 d2 74 16 44 8b 43 08 8b 0d 65 34 68 00
0x0000000052c4332b:   49 d3 e0 4c 03 05 53 34 68 00 eb 04 4c 8b 43 08
0x0000000052c4333b:   45 8b 48 08 45 85 c9 7e 0c 41 f6 c1 01 75 4b 41
0x0000000052c4334b:   c1 f9 03 eb 57 79 43 84 d2 41 8b c9 b8 10 00 00 


Register to memory mapping:

RAX=0x00000000128f0000 is an unknown value
RBX=0x00000000e278c188 is an oop

[error occurred during error reporting (printing register info), id 0xc0000005]

Stack: [0x00000000125c0000,0x00000000126c0000],  sp=0x00000000126bf530,  free space=1021k
Native frames: (J=compiled Java code, j=interpreted, Vv=VM code, C=native code)
V  [jvm.dll+0x11333b]
V  [jvm.dll+0x3f28d0]
V  [jvm.dll+0x3ef633]
V  [jvm.dll+0x3ed3fe]
V  [jvm.dll+0x29a10a]
C  [msvcr100.dll+0x21d9f]
C  [msvcr100.dll+0x21e3b]
C  [kernel32.dll+0x159cd]
C  [ntdll.dll+0x2a2e1]


---------------  P R O C E S S  ---------------

Java Threads: ( => current thread )
  0x0000000019331000 JavaThread "Stdin handler" [_thread_blocked, id=9996, stack(0x0000000019f70000,0x000000001a070000)]
  0x000000001932f800 JavaThread "Asynchronous log dispatcher for org.gradle.launcher.daemon.server.DefaultDaemonConnection@5ae4cb6d" [_thread_blocked, id=756, stack(0x000000001ae20000,0x000000001af20000)]
  0x000000001938a800 JavaThread "Daemon worker" [_thread_blocked, id=9588, stack(0x000000001ac70000,0x000000001ad70000)]
  0x0000000019388800 JavaThread "Cancel handler" [_thread_blocked, id=5192, stack(0x000000001aa90000,0x000000001ab90000)]
  0x000000001931c000 JavaThread "Handler for socket connection from /127.0.0.1:49938 to /127.0.0.1:49939" [_thread_in_native, id=7408, stack(0x000000001a8e0000,0x000000001a9e0000)]
  0x0000000019315000 JavaThread "Daemon" [_thread_blocked, id=9604, stack(0x000000001a720000,0x000000001a820000)]
  0x0000000019468800 JavaThread "Incoming local TCP Connector on port 49938" [_thread_in_native, id=4176, stack(0x0000000018420000,0x0000000018520000)]
  0x00000000195e4000 JavaThread "pool-1-thread-1" [_thread_blocked, id=6056, stack(0x000000001a2b0000,0x000000001a3b0000)]
  0x0000000017ec7800 JavaThread "Service Thread" daemon [_thread_blocked, id=4720, stack(0x0000000018300000,0x0000000018400000)]
  0x00000000165e4000 JavaThread "C1 CompilerThread2" daemon [_thread_blocked, id=7644, stack(0x0000000017b20000,0x0000000017c20000)]
  0x00000000165e3000 JavaThread "C2 CompilerThread1" daemon [_thread_blocked, id=8964, stack(0x0000000017d70000,0x0000000017e70000)]
  0x00000000165e1000 JavaThread "C2 CompilerThread0" daemon [_thread_blocked, id=3892, stack(0x0000000017c50000,0x0000000017d50000)]
  0x00000000165ee800 JavaThread "Attach Listener" daemon [_thread_blocked, id=8020, stack(0x0000000017970000,0x0000000017a70000)]
  0x00000000165ed800 JavaThread "Signal Dispatcher" daemon [_thread_blocked, id=4384, stack(0x0000000017860000,0x0000000017960000)]
  0x0000000016581000 JavaThread "Finalizer" daemon [_thread_blocked, id=5780, stack(0x00000000175e0000,0x00000000176e0000)]
  0x0000000016580000 JavaThread "Reference Handler" daemon [_thread_blocked, id=6956, stack(0x0000000017720000,0x0000000017820000)]
  0x00000000023ff000 JavaThread "main" [_thread_blocked, id=8376, stack(0x00000000026a0000,0x00000000027a0000)]

Other Threads:
  0x000000001657a800 VMThread [stack: 0x0000000017480000,0x0000000017580000] [id=4840]
  0x0000000017ee8000 WatcherThread [stack: 0x0000000018530000,0x0000000018630000] [id=7036]

=>0x000000000224e000 (exited) GCTaskThread [stack: 0x00000000125c0000,0x00000000126c0000] [id=1180]

VM state:at safepoint (normal execution)

VM Mutex/Monitor currently owned by a thread:  ([mutex/lock_event])
[0x00000000023fc830] Threads_lock - owner thread: 0x000000001657a800
[0x00000000023fcd30] Heap_lock - owner thread: 0x000000001938a800

Heap:
 PSYoungGen      total 46592K, used 6640K [0x00000000e0000000, 0x00000000e5b00000, 0x0000000100000000)
  eden space 39936K, 0% used [0x00000000e0000000,0x00000000e0000000,0x00000000e2700000)
  from space 6656K, 99% used [0x00000000e2700000,0x00000000e2d7c030,0x00000000e2d80000)
  to   space 6656K, 0% used [0x00000000e5480000,0x00000000e5480000,0x00000000e5b00000)
 ParOldGen       total 106496K, used 5586K [0x00000000a0000000, 0x00000000a6800000, 0x00000000e0000000)
  object space 106496K, 5% used [0x00000000a0000000,0x00000000a0574b38,0x00000000a6800000)
 Metaspace       used 20898K, capacity 21228K, committed 21296K, reserved 1067008K
  class space    used 2829K, capacity 2939K, committed 2944K, reserved 1048576K

Card table byte_map: [0x0000000011e30000,0x0000000012140000] byte_map_base: 0x0000000011930000

Marking Bits: (ParMarkBitMap*) 0x0000000053340600
 Begin Bits: [0x00000000128f0000, 0x00000000140f0000)
 End Bits:   [0x00000000140f0000, 0x00000000158f0000)

Polling page: 0x0000000000240000

CodeCache: size=245760Kb used=6745Kb max_used=6747Kb free=239014Kb
 bounds [0x0000000002a70000, 0x0000000003120000, 0x0000000011a70000]
 total_blobs=2355 nmethods=1734 adapters=531
 compilation: enabled

Compilation events (10 events):
Event: 4.189 Thread 0x00000000165e3000 1582 %     4       java.util.Properties$LineReader::readLine @ 21 (468 bytes)
Event: 4.204 Thread 0x00000000165e3000 nmethod 1582% 0x0000000003105110 code [0x00000000031052a0, 0x0000000003105d48]
Event: 4.204 Thread 0x00000000165e3000 1664       4       java.lang.AbstractStringBuilder::<init> (12 bytes)
Event: 4.205 Thread 0x00000000165e3000 nmethod 1664 0x0000000003106b90 code [0x0000000003106ce0, 0x0000000003106df8]
Event: 4.205 Thread 0x00000000165e3000 1724       4       sun.reflect.generics.parser.SignatureParser::advance (37 bytes)
Event: 4.205 Thread 0x00000000165e3000 nmethod 1724 0x00000000030ed650 code [0x00000000030ed780, 0x00000000030ed7d8]
Event: 4.205 Thread 0x00000000165e3000 1731       4       java.lang.CharacterDataLatin1::isWhitespace (23 bytes)
Event: 4.206 Thread 0x00000000165e3000 nmethod 1731 0x0000000003106910 code [0x0000000003106a40, 0x0000000003106ad8]
Event: 4.349 Thread 0x00000000165e4000 1739       1       java.util.logging.Logger::getName (5 bytes)
Event: 4.349 Thread 0x00000000165e4000 nmethod 1739 0x0000000003106650 code [0x00000000031067a0, 0x00000000031068b0]

GC Heap History (7 events):
Event: 1.358 GC heap before
{Heap before GC invocations=1 (full 0):
 PSYoungGen      total 46592K, used 39936K [0x00000000e0000000, 0x00000000e3400000, 0x0000000100000000)
  eden space 39936K, 100% used [0x00000000e0000000,0x00000000e2700000,0x00000000e2700000)
  from space 6656K, 0% used [0x00000000e2d80000,0x00000000e2d80000,0x00000000e3400000)
  to   space 6656K, 0% used [0x00000000e2700000,0x00000000e2700000,0x00000000e2d80000)
 ParOldGen       total 106496K, used 0K [0x00000000a0000000, 0x00000000a6800000, 0x00000000e0000000)
  object space 106496K, 0% used [0x00000000a0000000,0x00000000a0000000,0x00000000a6800000)
 Metaspace       used 8117K, capacity 8374K, committed 8704K, reserved 1056768K
  class space    used 1067K, capacity 1153K, committed 1280K, reserved 1048576K
Event: 1.365 GC heap after
Heap after GC invocations=1 (full 0):
 PSYoungGen      total 46592K, used 5329K [0x00000000e0000000, 0x00000000e3400000, 0x0000000100000000)
  eden space 39936K, 0% used [0x00000000e0000000,0x00000000e0000000,0x00000000e2700000)
  from space 6656K, 80% used [0x00000000e2700000,0x00000000e2c34798,0x00000000e2d80000)
  to   space 6656K, 0% used [0x00000000e2d80000,0x00000000e2d80000,0x00000000e3400000)
 ParOldGen       total 106496K, used 8K [0x00000000a0000000, 0x00000000a6800000, 0x00000000e0000000)
  object space 106496K, 0% used [0x00000000a0000000,0x00000000a0002000,0x00000000a6800000)
 Metaspace       used 8117K, capacity 8374K, committed 8704K, reserved 1056768K
  class space    used 1067K, capacity 1153K, committed 1280K, reserved 1048576K
}
Event: 2.990 GC heap before
{Heap before GC invocations=2 (full 0):
 PSYoungGen      total 46592K, used 45265K [0x00000000e0000000, 0x00000000e3400000, 0x0000000100000000)
  eden space 39936K, 100% used [0x00000000e0000000,0x00000000e2700000,0x00000000e2700000)
  from space 6656K, 80% used [0x00000000e2700000,0x00000000e2c34798,0x00000000e2d80000)
  to   space 6656K, 0% used [0x00000000e2d80000,0x00000000e2d80000,0x00000000e3400000)
 ParOldGen       total 106496K, used 8K [0x00000000a0000000, 0x00000000a6800000, 0x00000000e0000000)
  object space 106496K, 0% used [0x00000000a0000000,0x00000000a0002000,0x00000000a6800000)
 Metaspace       used 16310K, capacity 16592K, committed 16640K, reserved 1062912K
  class space    used 2172K, capacity 2256K, committed 2304K, reserved 1048576K
Event: 3.001 GC heap after
Heap after GC invocations=2 (full 0):
 PSYoungGen      total 46592K, used 6645K [0x00000000e0000000, 0x00000000e3400000, 0x0000000100000000)
  eden space 39936K, 0% used [0x00000000e0000000,0x00000000e0000000,0x00000000e2700000)
  from space 6656K, 99% used [0x00000000e2d80000,0x00000000e33fd6b0,0x00000000e3400000)
  to   space 6656K, 0% used [0x00000000e2700000,0x00000000e2700000,0x00000000e2d80000)
 ParOldGen       total 106496K, used 1998K [0x00000000a0000000, 0x00000000a6800000, 0x00000000e0000000)
  object space 106496K, 1% used [0x00000000a0000000,0x00000000a01f39a8,0x00000000a6800000)
 Metaspace       used 16310K, capacity 16592K, committed 16640K, reserved 1062912K
  class space    used 2172K, capacity 2256K, committed 2304K, reserved 1048576K
}
Event: 4.350 GC heap before
{Heap before GC invocations=3 (full 0):
 PSYoungGen      total 46592K, used 46401K [0x00000000e0000000, 0x00000000e3400000, 0x0000000100000000)
  eden space 39936K, 99% used [0x00000000e0000000,0x00000000e26d30e8,0x00000000e2700000)
  from space 6656K, 99% used [0x00000000e2d80000,0x00000000e33fd6b0,0x00000000e3400000)
  to   space 6656K, 0% used [0x00000000e2700000,0x00000000e2700000,0x00000000e2d80000)
 ParOldGen       total 106496K, used 1998K [0x00000000a0000000, 0x00000000a6800000, 0x00000000e0000000)
  object space 106496K, 1% used [0x00000000a0000000,0x00000000a01f39a8,0x00000000a6800000)
 Metaspace       used 20898K, capacity 21228K, committed 21296K, reserved 1067008K
  class space    used 2829K, capacity 2939K, committed 2944K, reserved 1048576K
Event: 4.395 GC heap after
Heap after GC invocations=3 (full 0):
 PSYoungGen      total 46592K, used 6640K [0x00000000e0000000, 0x00000000e5b00000, 0x0000000100000000)
  eden space 39936K, 0% used [0x00000000e0000000,0x00000000e0000000,0x00000000e2700000)
  from space 6656K, 99% used [0x00000000e2700000,0x00000000e2d7c030,0x00000000e2d80000)
  to   space 6656K, 0% used [0x00000000e5480000,0x00000000e5480000,0x00000000e5b00000)
 ParOldGen       total 106496K, used 5586K [0x00000000a0000000, 0x00000000a6800000, 0x00000000e0000000)
  object space 106496K, 5% used [0x00000000a0000000,0x00000000a0574b38,0x00000000a6800000)
 Metaspace       used 20898K, capacity 21228K, committed 21296K, reserved 1067008K
  class space    used 2829K, capacity 2939K, committed 2944K, reserved 1048576K
}
Event: 4.395 GC heap before
{Heap before GC invocations=4 (full 1):
 PSYoungGen      total 46592K, used 6640K [0x00000000e0000000, 0x00000000e5b00000, 0x0000000100000000)
  eden space 39936K, 0% used [0x00000000e0000000,0x00000000e0000000,0x00000000e2700000)
  from space 6656K, 99% used [0x00000000e2700000,0x00000000e2d7c030,0x00000000e2d80000)
  to   space 6656K, 0% used [0x00000000e5480000,0x00000000e5480000,0x00000000e5b00000)
 ParOldGen       total 106496K, used 5586K [0x00000000a0000000, 0x00000000a6800000, 0x00000000e0000000)
  object space 106496K, 5% used [0x00000000a0000000,0x00000000a0574b38,0x00000000a6800000)
 Metaspace       used 20898K, capacity 21228K, committed 21296K, reserved 1067008K
  class space    used 2829K, capacity 2939K, committed 2944K, reserved 1048576K

Deoptimization events (10 events):
Event: 3.421 Thread 0x000000001938a800 Uncommon trap: reason=bimorphic action=maybe_recompile pc=0x0000000002edc6f0 method=java.lang.ClassLoader.loadClass(Ljava/lang/String;Z)Ljava/lang/Class; @ 38
Event: 3.421 Thread 0x000000001938a800 Uncommon trap: reason=bimorphic action=maybe_recompile pc=0x0000000002edc6f0 method=java.lang.ClassLoader.loadClass(Ljava/lang/String;Z)Ljava/lang/Class; @ 38
Event: 3.444 Thread 0x000000001938a800 Uncommon trap: reason=class_check action=maybe_recompile pc=0x0000000002c40fac method=sun.misc.URLClassPath.getLoader(I)Lsun/misc/URLClassPath$Loader; @ 193
Event: 3.456 Thread 0x000000001938a800 Uncommon trap: reason=class_check action=maybe_recompile pc=0x0000000002c40fac method=sun.misc.URLClassPath.getLoader(I)Lsun/misc/URLClassPath$Loader; @ 193
Event: 3.821 Thread 0x000000001938a800 Uncommon trap: reason=unstable_if action=reinterpret pc=0x0000000002eb1060 method=java.util.HashMap.hash(Ljava/lang/Object;)I @ 1
Event: 4.089 Thread 0x000000001938a800 Uncommon trap: reason=unstable_if action=reinterpret pc=0x0000000002eb2b3c method=java.util.HashMap.getNode(ILjava/lang/Object;)Ljava/util/HashMap$Node; @ 53
Event: 4.089 Thread 0x000000001938a800 Uncommon trap: reason=unstable_if action=reinterpret pc=0x0000000002ec437c method=java.util.HashMap.hash(Ljava/lang/Object;)I @ 1
Event: 4.089 Thread 0x000000001938a800 Uncommon trap: reason=unstable_if action=reinterpret pc=0x0000000002eb8d70 method=java.util.HashMap.putVal(ILjava/lang/Object;Ljava/lang/Object;ZZ)Ljava/lang/Object; @ 85
Event: 4.116 Thread 0x000000001938a800 Uncommon trap: reason=class_check action=maybe_recompile pc=0x0000000002efba00 method=java.lang.reflect.Method.equals(Ljava/lang/Object;)Z @ 5
Event: 4.120 Thread 0x000000001938a800 Uncommon trap: reason=class_check action=maybe_recompile pc=0x0000000002efba00 method=java.lang.reflect.Method.equals(Ljava/lang/Object;)Z @ 5

Internal exceptions (10 events):
Event: 3.597 Thread 0x000000001938a800 Exception <a 'java/lang/ClassNotFoundException': org/gradle/api/internal/project/AbstractPluginAwareCustomizer> (0x00000000e18589d8) thrown at [D:\re\puppet\workspace\8-2-build-windows-amd64-cygwin\jdk8u73\6086\hotspot\src\share\vm\classfile\systemDictiona‡„-Ü…@
Event: 3.598 Thread 0x000000001938a800 Exception <a 'java/lang/ClassNotFoundException': org/gradle/initialization/BaseSettingsCustomizer> (0x00000000e187ae90) thrown at [D:\re\puppet\workspace\8-2-build-windows-amd64-cygwin\jdk8u73\6086\hotspot\src\share\vm\classfile\systemDictionary.cpp, line G6(«ñœ@
Event: 3.601 Thread 0x000000001938a800 Exception <a 'java/lang/ClassNotFoundException': org/gradle/initialization/DefaultSettingsCustomizer> (0x00000000e18bda18) thrown at [D:\re\puppet\workspace\8-2-build-windows-amd64-cygwin\jdk8u73\6086\hotspot\src\share\vm\classfile\systemDictionary.cpp, liëÌ¬˚˚—@
Event: 3.603 Thread 0x000000001938a800 Exception <a 'java/lang/ClassNotFoundException': org/gradle/initialization/DefaultSettings_DecoratedCustomizer> (0x00000000e18e40d8) thrown at [D:\re\puppet\workspace\8-2-build-windows-amd64-cygwin\jdk8u73\6086\hotspot\src\share\vm\classfile\systemDictionaûäè%Á@
Event: 3.613 Thread 0x000000001938a800 Exception <a 'java/lang/NoSuchMethodError': <clinit>> (0x00000000e19754c0) thrown at [D:\re\puppet\workspace\8-2-build-windows-amd64-cygwin\jdk8u73\6086\hotspot\src\share\vm\prims\jni.cpp, line 1591]
Event: 3.615 Thread 0x000000001938a800 Exception <a 'java/lang/NoSuchMethodError': <clinit>> (0x00000000e1992eb8) thrown at [D:\re\puppet\workspace\8-2-build-windows-amd64-cygwin\jdk8u73\6086\hotspot\src\share\vm\prims\jni.cpp, line 1591]
Event: 3.615 Thread 0x000000001938a800 Exception <a 'java/lang/NoSuchMethodError': <clinit>> (0x00000000e1993fa0) thrown at [D:\re\puppet\workspace\8-2-build-windows-amd64-cygwin\jdk8u73\6086\hotspot\src\share\vm\prims\jni.cpp, line 1591]
Event: 3.615 Thread 0x000000001938a800 Exception <a 'java/lang/NoSuchMethodError': <clinit>> (0x00000000e1995930) thrown at [D:\re\puppet\workspace\8-2-build-windows-amd64-cygwin\jdk8u73\6086\hotspot\src\share\vm\prims\jni.cpp, line 1591]
Event: 3.821 Thread 0x000000001938a800 Implicit null exception at 0x0000000002eb0e55 to 0x0000000002eb1051
Event: 4.089 Thread 0x000000001938a800 Implicit null exception at 0x0000000002ec3d9b to 0x0000000002ec4369

Events (10 events):
Event: 4.316 Executing VM operation: EnableBiasedLocking done
Event: 4.348 loading class com/google/common/util/concurrent/AbstractFuture$Sync
Event: 4.348 loading class com/google/common/util/concurrent/AbstractFuture$Sync done
Event: 4.348 loading class com/google/common/util/concurrent/ExecutionList
Event: 4.348 loading class com/google/common/util/concurrent/ExecutionList done
Event: 4.349 loading class com/google/common/base/Stopwatch
Event: 4.349 loading class com/google/common/base/Stopwatch done
Event: 4.350 loading class com/google/common/cache/LocalCache$WeakEntry
Event: 4.350 loading class com/google/common/cache/LocalCache$WeakEntry done
Event: 4.350 Executing VM operation: CollectForMetadataAllocation


Dynamic libraries:
0x000000013f230000 - 0x000000013f267000 	C:\Program Files\Java\jdk1.8.0_73\bin\java.exe
0x0000000077290000 - 0x000000007743a000 	C:\Windows\SYSTEM32\ntdll.dll
0x0000000077170000 - 0x000000007728f000 	C:\Windows\system32\kernel32.dll
0x000007fefd2d0000 - 0x000007fefd33a000 	C:\Windows\system32\KERNELBASE.dll
0x000007fefd560000 - 0x000007fefd63b000 	C:\Windows\system32\ADVAPI32.dll
0x000007feff480000 - 0x000007feff51f000 	C:\Windows\system32\msvcrt.dll
0x000007fefe6a0000 - 0x000007fefe6bf000 	C:\Windows\SYSTEM32\sechost.dll
0x000007fefec30000 - 0x000007fefed5d000 	C:\Windows\system32\RPCRT4.dll
0x0000000077070000 - 0x000000007716a000 	C:\Windows\system32\USER32.dll
0x000007fefee80000 - 0x000007fefeee7000 	C:\Windows\system32\GDI32.dll
0x000007feff470000 - 0x000007feff47e000 	C:\Windows\system32\LPK.dll
0x000007fefe9a0000 - 0x000007fefea6a000 	C:\Windows\system32\USP10.dll
0x000007fefb130000 - 0x000007fefb324000 	C:\Windows\WinSxS\amd64_microsoft.windows.common-controls_6595b64144ccf1df_6.0.7601.18837_none_fa3b1e3d17594757\COMCTL32.dll
0x000007fefed60000 - 0x000007fefedd1000 	C:\Windows\system32\SHLWAPI.dll
0x000007fefce00000 - 0x000007fefce57000 	C:\Windows\system32\apphelp.dll
0x000007fef3c50000 - 0x000007fef3ca1000 	C:\Windows\AppPatch\AppPatch64\AcGenral.DLL
0x000007fefcdd0000 - 0x000007fefcdf5000 	C:\Windows\system32\SspiCli.dll
0x000007feff230000 - 0x000007feff433000 	C:\Windows\system32\ole32.dll
0x000007fefd640000 - 0x000007fefe3ca000 	C:\Windows\system32\SHELL32.dll
0x00000000739c0000 - 0x00000000739c3000 	C:\Windows\system32\sfc.dll
0x000007fef6a50000 - 0x000007fef6a60000 	C:\Windows\system32\sfc_os.DLL
0x000007fefd350000 - 0x000007fefd36e000 	C:\Windows\system32\USERENV.dll
0x000007fefcfd0000 - 0x000007fefcfdf000 	C:\Windows\system32\profapi.dll
0x000007fefac70000 - 0x000007fefac88000 	C:\Windows\system32\dwmapi.dll
0x000007fef4db0000 - 0x000007fef4dc8000 	C:\Windows\system32\MPR.dll
0x000007fefec00000 - 0x000007fefec2e000 	C:\Windows\system32\IMM32.DLL
0x000007fefe7f0000 - 0x000007fefe8f9000 	C:\Windows\system32\MSCTF.dll
0x000000006e410000 - 0x000000006e4e2000 	C:\Program Files\Java\jdk1.8.0_73\jre\bin\msvcr100.dll
0x0000000052b30000 - 0x00000000533c0000 	C:\Program Files\Java\jdk1.8.0_73\jre\bin\server\jvm.dll
0x000007fefa3e0000 - 0x000007fefa3e9000 	C:\Windows\system32\WSOCK32.dll
0x000007fefe6c0000 - 0x000007fefe70d000 	C:\Windows\system32\WS2_32.dll
0x000007feff460000 - 0x000007feff468000 	C:\Windows\system32\NSI.dll
0x000007fefa9d0000 - 0x000007fefaa0b000 	C:\Windows\system32\WINMM.dll
0x000007fefc060000 - 0x000007fefc06c000 	C:\Windows\system32\VERSION.dll
0x0000000077460000 - 0x0000000077467000 	C:\Windows\system32\PSAPI.DLL
0x0000000073090000 - 0x000000007309f000 	C:\Program Files\Java\jdk1.8.0_73\jre\bin\verify.dll
0x0000000073060000 - 0x0000000073089000 	C:\Program Files\Java\jdk1.8.0_73\jre\bin\java.dll
0x0000000073040000 - 0x0000000073056000 	C:\Program Files\Java\jdk1.8.0_73\jre\bin\zip.dll
0x0000000073020000 - 0x000000007303a000 	C:\Program Files\Java\jdk1.8.0_73\jre\bin\net.dll
0x000007fefc7a0000 - 0x000007fefc7f5000 	C:\Windows\system32\mswsock.dll
0x000007fefc790000 - 0x000007fefc797000 	C:\Windows\System32\wship6.dll
0x0000000073000000 - 0x0000000073011000 	C:\Program Files\Java\jdk1.8.0_73\jre\bin\nio.dll
0x000007feecc80000 - 0x000007feecc92000 	C:\Users\Matt Bird\.gradle\native\19\windows-amd64\native-platform.dll
0x000007fefc800000 - 0x000007fefc818000 	C:\Windows\system32\CRYPTSP.dll
0x000007fefc500000 - 0x000007fefc547000 	C:\Windows\system32\rsaenh.dll
0x000007fefce60000 - 0x000007fefce6f000 	C:\Windows\system32\CRYPTBASE.dll
0x000007fefa390000 - 0x000007fefa3b7000 	C:\Windows\system32\IPHLPAPI.DLL
0x000007fefa380000 - 0x000007fefa38b000 	C:\Windows\system32\WINNSI.DLL
0x000007fef9580000 - 0x000007fef9598000 	C:\Windows\system32\dhcpcsvc.DLL
0x000007fef9560000 - 0x000007fef9571000 	C:\Windows\system32\dhcpcsvc6.DLL
0x00000000730a0000 - 0x00000000730ad000 	C:\Program Files\Java\jdk1.8.0_73\jre\bin\management.dll
0x000007fefa400000 - 0x000007fefa525000 	C:\Windows\system32\dbghelp.dll

VM Arguments:
jvm_args: -Xmx1536m -Dfile.encoding=windows-1252 -Duser.country=NZ -Duser.language=en -Duser.variant 
java_command: org.gradle.launcher.daemon.bootstrap.GradleDaemon 2.14.1
java_class_path (initial): C:\Program Files\Android\Android Studio\gradle\gradle-2.14.1\lib\gradle-launcher-2.14.1.jar
Launcher Type: SUN_STANDARD

Environment Variables:
JAVA_HOME=C:\Program Files\Java\jdk1.8.0_91
PATH=C:\ProgramData\Oracle\Java\javapath;C:\Program Files\Common Files\Microsoft Shared\Windows Live;C:\Program Files (x86)\Common Files\Microsoft Shared\Windows Live;C:\python27_x64\;C:\python27_x64\Scripts;C:\Windows\system32;C:\Windows;C:\Windows\System32\Wbem;C:\Windows\System32\WindowsPowerShell\v1.0\;C:\Program Files\Intel\WiFi\bin\;C:\Program Files\Common Files\Intel\WirelessCommon\;C:\Program Files (x86)\Intel\OpenCL SDK\3.0\bin\x86;C:\Program Files (x86)\Intel\OpenCL SDK\3.0\bin\x64;C:\Program Files (x86)\Google\Cloud SDK\google-cloud-sdk\bin;C:\Program Files (x86)\Autodesk\Backburner\;C:\Program Files (x86)\Windows Live\Shared;C:\Program Files (x86)\Windows Kits\8.1\Windows Performance Toolkit\;C:\Program Files\nodejs\;C:\Matt\Programs\Code\AndroidSDK\platform-tools\;C:\Program Files (x86)\Skype\Phone\;C:\Program Files\Intel\WiFi\bin\;C:\Program Files\Common Files\Intel\WirelessCommon\;C:\Users\Matt Bird\AppData\Roaming\npm
USERNAME=Matt Bird
OS=Windows_NT
PROCESSOR_IDENTIFIER=Intel64 Family 6 Model 58 Stepping 9, GenuineIntel



---------------  S Y S T E M  ---------------

OS: Windows 7 , 64 bit Build 7601 (6.1.7601.23539)

CPU:total 4 (2 cores per cpu, 2 threads per core) family 6 model 58 stepping 9, cmov, cx8, fxsr, mmx, sse, sse2, sse3, ssse3, sse4.1, sse4.2, popcnt, avx, aes, clmul, erms, ht, tsc, tscinvbit, tscinv

Memory: 4k page, physical 10203112k(3262000k free), swap 11029000k(2649136k free)

vm_info: Java HotSpot(TM) 64-Bit Server VM (25.73-b02) for windows-amd64 JRE (1.8.0_73-b02), built on Jan 29 2016 17:38:49 by "java_re" with MS VC++ 10.0 (VS2010)

time: Sat Feb 18 01:21:43 2017
elapsed time: 4 seconds (0d 0h 0m 4s)

