#
# A fatal error has been detected by the Java Runtime Environment:
#
#  EXCEPTION_ACCESS_VIOLATION (0xc0000005) at pc=0x000000005c985edd, pid=8304, tid=8400
#
# JRE version: Java(TM) SE Runtime Environment (8.0_73-b02) (build 1.8.0_73-b02)
# Java VM: Java HotSpot(TM) 64-Bit Server VM (25.73-b02 mixed mode windows-amd64 compressed oops)
# Problematic frame:
# V  [jvm.dll+0x4b5edd]
#
# Failed to write core dump. Minidumps are not enabled by default on client versions of Windows
#
# If you would like to submit a bug report, please visit:
#   http://bugreport.java.com/bugreport/crash.jsp
#

---------------  T H R E A D  ---------------

Current thread (0x0000000056451800):  JavaThread "C2 CompilerThread0" daemon [_thread_in_native, id=8400, stack(0x0000000057e00000,0x0000000057f00000)]

siginfo: ExceptionCode=0xc0000005, reading address 0xffffffffffffffff

Registers:
RAX=0x000000005f634b80, RBX=0x009c000000000000, RCX=0x0000000057efc3e0, RDX=0x0000000000002000
RSP=0x0000000057efbed0, RBP=0x000000005bce2678, RSI=0x0000000000000dce, RDI=0x0000000057efc400
R8 =0x0000000000004000, R9 =0x0000000000000000, R10=0x00000000607273f0, R11=0x0000000000000000
R12=0x0000000057efbff8, R13=0x0000000057efc068, R14=0x000000005cf1b950, R15=0x0000000000000001
RIP=0x000000005c985edd, EFLAGS=0x0000000000010206

Top of Stack: (sp=0x0000000057efbed0)
0x0000000057efbed0:   000000005644ca70 000000005c59ccea
0x0000000057efbee0:   000000005f62ccb0 0000000000000080
0x0000000057efbef0:   0000000057efc018 000000005c98a000
0x0000000057efbf00:   000000000000005a 0000000057efc3e0
0x0000000057efbf10:   0000000000000080 000000005c9bce1a
0x0000000057efbf20:   0000000000000002 0000000057efc068
0x0000000057efbf30:   000000005cf1b950 0000000057efc400
0x0000000057efbf40:   0000000057efc3e0 000000005c98b178
0x0000000057efbf50:   000000005cf1b540 0000000000000008
0x0000000057efbf60:   0000000057efc018 0000000057efbff8
0x0000000057efbf70:   000000005f61ee90 000000005644ca70
0x0000000057efbf80:   0000000000000000 0000000000000002
0x0000000057efbf90:   000000005db72190 000000005bb1b9e0
0x0000000057efbfa0:   000000005644ca70 0000000057efc3e0
0x0000000057efbfb0:   0000000057efc0c0 000000005c98d297
0x0000000057efbfc0:   0000000057efc3e0 0000000057efc018 

Instructions: (pc=0x000000005c985edd)
0x000000005c985ebd:   ec 20 8b 72 28 8b 51 28 48 8d 79 20 3b f2 73 0a
0x000000005c985ecd:   48 8b 47 10 48 8b 1c f0 eb 02 33 db 48 83 e3 fe
0x000000005c985edd:   48 8b 43 08 48 83 38 00 75 34 8b 43 28 3b c2 73
0x000000005c985eed:   0c 8b c8 48 8b 47 10 48 8b 1c c8 eb 02 33 db 48 


Register to memory mapping:

RAX=0x000000005f634b80 is an unknown value
RBX=0x009c000000000000 is an unknown value
RCX=0x0000000057efc3e0 is pointing into the stack for thread: 0x0000000056451800
RDX=0x0000000000002000 is an unknown value
RSP=0x0000000057efbed0 is pointing into the stack for thread: 0x0000000056451800
RBP=0x000000005bce2678 is an unknown value
RSI=0x0000000000000dce is an unknown value
RDI=0x0000000057efc400 is pointing into the stack for thread: 0x0000000056451800
R8 =0x0000000000004000 is an unknown value
R9 =0x0000000000000000 is an unknown value
R10=0x00000000607273f0 is an unknown value
R11=0x0000000000000000 is an unknown value
R12=0x0000000057efbff8 is pointing into the stack for thread: 0x0000000056451800
R13=0x0000000057efc068 is pointing into the stack for thread: 0x0000000056451800
R14=0x000000005cf1b950 is an unknown value
R15=0x0000000000000001 is an unknown value


Stack: [0x0000000057e00000,0x0000000057f00000],  sp=0x0000000057efbed0,  free space=1007k
Native frames: (J=compiled Java code, j=interpreted, Vv=VM code, C=native code)
V  [jvm.dll+0x4b5edd]
V  [jvm.dll+0x4ba000]
V  [jvm.dll+0x4bb178]
V  [jvm.dll+0x4bd297]
V  [jvm.dll+0x46f401]
V  [jvm.dll+0x47013e]
V  [jvm.dll+0x453492]
V  [jvm.dll+0xa4932]
V  [jvm.dll+0xa526f]
V  [jvm.dll+0x243234]
V  [jvm.dll+0x29a10a]
C  [msvcr100.dll+0x21d9f]
C  [msvcr100.dll+0x21e3b]
C  [kernel32.dll+0x159cd]
C  [ntdll.dll+0x2a2e1]


Current CompileTask:
C2:2179590 15117       4       org.gradle.api.internal.artifacts.ivyservice.resolveengine.artifact.DefaultArtifactSet::getArtifacts (186 bytes)


---------------  P R O C E S S  ---------------

Java Threads: ( => current thread )
  0x000000005d48b800 JavaThread "Stdin handler" [_thread_blocked, id=2844, stack(0x000000005a540000,0x000000005a640000)]
  0x000000005d489800 JavaThread "Asynchronous log dispatcher for org.gradle.launcher.daemon.server.DefaultDaemonConnection@3c11a76d" [_thread_blocked, id=7940, stack(0x0000000061820000,0x0000000061920000)]
  0x000000005d482800 JavaThread "Cancel handler" [_thread_blocked, id=8500, stack(0x000000005aaa0000,0x000000005aba0000)]
  0x000000005d488800 JavaThread "Handler for socket connection from /127.0.0.1:60445 to /127.0.0.1:62815" [_thread_in_native, id=8768, stack(0x000000005a7b0000,0x000000005a8b0000)]
  0x000000005d488000 JavaThread "Daemon worker Thread 6" [_thread_in_vm, id=4576, stack(0x000000005a8b0000,0x000000005a9b0000)]
  0x000000005d484000 JavaThread "Daemon Thread 6" [_thread_blocked, id=7356, stack(0x000000005a650000,0x000000005a750000)]
  0x000000005d486800 JavaThread "pool-6-thread-2" [_thread_blocked, id=8888, stack(0x000000005fef0000,0x000000005fff0000)]
  0x000000005d485000 JavaThread "pool-6-thread-1" [_thread_blocked, id=7360, stack(0x0000000063980000,0x0000000063a80000)]
  0x000000005d482000 JavaThread "File lock request listener" [_thread_in_native, id=6324, stack(0x000000005e7c0000,0x000000005e8c0000)]
  0x00000000593b7800 JavaThread "Incoming local TCP Connector on port 60445" [_thread_in_native, id=7764, stack(0x000000005a210000,0x000000005a310000)]
  0x0000000057f24000 JavaThread "pool-1-thread-1" [_thread_blocked, id=5424, stack(0x0000000058e00000,0x0000000058f00000)]
  0x0000000057f88000 JavaThread "Service Thread" daemon [_thread_blocked, id=7836, stack(0x0000000057460000,0x0000000057560000)]
  0x0000000056457800 JavaThread "C1 CompilerThread2" daemon [_thread_blocked, id=5380, stack(0x0000000058380000,0x0000000058480000)]
  0x0000000056456800 JavaThread "C2 CompilerThread1" daemon [_thread_in_native, id=8392, stack(0x0000000057b90000,0x0000000057c90000)]
=>0x0000000056451800 JavaThread "C2 CompilerThread0" daemon [_thread_in_native, id=8400, stack(0x0000000057e00000,0x0000000057f00000)]
  0x000000005645f000 JavaThread "Attach Listener" daemon [_thread_blocked, id=7148, stack(0x0000000057d00000,0x0000000057e00000)]
  0x000000005645d800 JavaThread "Signal Dispatcher" daemon [_thread_blocked, id=5884, stack(0x0000000057a90000,0x0000000057b90000)]
  0x00000000563f7000 JavaThread "Finalizer" daemon [_thread_blocked, id=3924, stack(0x0000000057930000,0x0000000057a30000)]
  0x00000000563f0000 JavaThread "Reference Handler" daemon [_thread_blocked, id=7084, stack(0x0000000057770000,0x0000000057870000)]
  0x00000000001af000 JavaThread "main" [_thread_blocked, id=8912, stack(0x0000000002720000,0x0000000002820000)]

Other Threads:
  0x00000000563ea800 VMThread [stack: 0x00000000575b0000,0x00000000576b0000] [id=2968]
  0x0000000057fa4800 WatcherThread [stack: 0x00000000584e0000,0x00000000585e0000] [id=8244]

VM state:not at safepoint (normal execution)

VM Mutex/Monitor currently owned by a thread: None

Heap:
 PSYoungGen      total 296448K, used 34801K [0x00000000e0000000, 0x00000000f3880000, 0x0000000100000000)
  eden space 273920K, 12% used [0x00000000e0000000,0x00000000e21fc4d0,0x00000000f0b80000)
  from space 22528K, 0% used [0x00000000f0b80000,0x00000000f0b80000,0x00000000f2180000)
  to   space 23040K, 0% used [0x00000000f2200000,0x00000000f2200000,0x00000000f3880000)
 ParOldGen       total 162304K, used 100708K [0x00000000a0000000, 0x00000000a9e80000, 0x00000000e0000000)
  object space 162304K, 62% used [0x00000000a0000000,0x00000000a6259028,0x00000000a9e80000)
 Metaspace       used 85708K, capacity 94098K, committed 94296K, reserved 1130496K
  class space    used 12262K, capacity 14116K, committed 14208K, reserved 1048576K

Card table byte_map: [0x0000000011eb0000,0x00000000121c0000] byte_map_base: 0x00000000119b0000

Marking Bits: (ParMarkBitMap*) 0x000000005cce0600
 Begin Bits: [0x0000000012760000, 0x0000000013f60000)
 End Bits:   [0x0000000013f60000, 0x0000000015760000)

Polling page: 0x0000000000140000

CodeCache: size=245760Kb used=42939Kb max_used=42982Kb free=202820Kb
 bounds [0x0000000002af0000, 0x0000000005530000, 0x0000000011af0000]
 total_blobs=13285 nmethods=12529 adapters=667
 compilation: enabled

Compilation events (10 events):
Event: 2179.298 Thread 0x0000000056457800 nmethod 15129 0x000000000472fd10 code [0x000000000472ff20, 0x00000000047309d8]
Event: 2179.298 Thread 0x0000000056457800 15130       3       com.google.common.cache.LocalCache$Segment::runUnlockedCleanup (15 bytes)
Event: 2179.299 Thread 0x0000000056457800 nmethod 15130 0x000000000472f590 code [0x000000000472f720, 0x000000000472fba8]
Event: 2179.299 Thread 0x0000000056457800 15131   !   3       com.google.common.cache.LocalCache::processPendingNotifications (47 bytes)
Event: 2179.300 Thread 0x0000000056457800 nmethod 15131 0x0000000003a2e750 code [0x0000000003a2e940, 0x0000000003a2f3a8]
Event: 2179.302 Thread 0x0000000056457800 15132       3       org.gradle.model.internal.inspect.AbstractMethodRuleAction::<init> (15 bytes)
Event: 2179.302 Thread 0x0000000056457800 nmethod 15132 0x00000000031e0350 code [0x00000000031e04a0, 0x00000000031e0670]
Event: 2179.302 Thread 0x0000000056457800 15133   !   3       org.gradle.model.internal.inspect.ModelRuleSourceDetector::getDeclaredSources (40 bytes)
Event: 2179.305 Thread 0x0000000056457800 nmethod 15133 0x0000000003992750 code [0x0000000003992aa0, 0x0000000003994598]
Event: 2179.305 Thread 0x0000000056457800 15134       3       org.gradle.model.internal.inspect.ModelRuleSourceDetector$3::<init> (10 bytes)

GC Heap History (10 events):
Event: 1804.253 GC heap before
{Heap before GC invocations=28 (full 9):
 PSYoungGen      total 263680K, used 14441K [0x00000000e0000000, 0x00000000f3780000, 0x0000000100000000)
  eden space 241152K, 0% used [0x00000000e0000000,0x00000000e0000000,0x00000000eeb80000)
  from space 22528K, 64% used [0x00000000eeb80000,0x00000000ef99a608,0x00000000f0180000)
  to   space 22528K, 0% used [0x00000000f2180000,0x00000000f2180000,0x00000000f3780000)
 ParOldGen       total 162304K, used 75961K [0x00000000a0000000, 0x00000000a9e80000, 0x00000000e0000000)
  object space 162304K, 46% used [0x00000000a0000000,0x00000000a4a2e4b8,0x00000000a9e80000)
 Metaspace       used 80070K, capacity 86148K, committed 86360K, reserved 1122304K
  class space    used 11248K, capacity 12670K, committed 12672K, reserved 1048576K
Event: 1805.336 GC heap after
Heap after GC invocations=28 (full 9):
 PSYoungGen      total 263680K, used 0K [0x00000000e0000000, 0x00000000f3780000, 0x0000000100000000)
  eden space 241152K, 0% used [0x00000000e0000000,0x00000000e0000000,0x00000000eeb80000)
  from space 22528K, 0% used [0x00000000eeb80000,0x00000000eeb80000,0x00000000f0180000)
  to   space 22528K, 0% used [0x00000000f2180000,0x00000000f2180000,0x00000000f3780000)
 ParOldGen       total 162304K, used 81285K [0x00000000a0000000, 0x00000000a9e80000, 0x00000000e0000000)
  object space 162304K, 50% used [0x00000000a0000000,0x00000000a4f614c8,0x00000000a9e80000)
 Metaspace       used 79804K, capacity 85634K, committed 86360K, reserved 1122304K
  class space    used 11182K, capacity 12534K, committed 12672K, reserved 1048576K
}
Event: 1998.168 GC heap before
{Heap before GC invocations=29 (full 9):
 PSYoungGen      total 263680K, used 74809K [0x00000000e0000000, 0x00000000f3780000, 0x0000000100000000)
  eden space 241152K, 31% used [0x00000000e0000000,0x00000000e490e6d0,0x00000000eeb80000)
  from space 22528K, 0% used [0x00000000eeb80000,0x00000000eeb80000,0x00000000f0180000)
  to   space 22528K, 0% used [0x00000000f2180000,0x00000000f2180000,0x00000000f3780000)
 ParOldGen       total 162304K, used 81285K [0x00000000a0000000, 0x00000000a9e80000, 0x00000000e0000000)
  object space 162304K, 50% used [0x00000000a0000000,0x00000000a4f614c8,0x00000000a9e80000)
 Metaspace       used 81073K, capacity 87278K, committed 87384K, reserved 1124352K
  class space    used 11406K, capacity 12848K, committed 12928K, reserved 1048576K
Event: 1998.179 GC heap after
Heap after GC invocations=29 (full 9):
 PSYoungGen      total 296448K, used 5340K [0x00000000e0000000, 0x00000000f3780000, 0x0000000100000000)
  eden space 273920K, 0% used [0x00000000e0000000,0x00000000e0000000,0x00000000f0b80000)
  from space 22528K, 23% used [0x00000000f2180000,0x00000000f26b7010,0x00000000f3780000)
  to   space 22528K, 0% used [0x00000000f0b80000,0x00000000f0b80000,0x00000000f2180000)
 ParOldGen       total 162304K, used 81293K [0x00000000a0000000, 0x00000000a9e80000, 0x00000000e0000000)
  object space 162304K, 50% used [0x00000000a0000000,0x00000000a4f634c8,0x00000000a9e80000)
 Metaspace       used 81073K, capacity 87278K, committed 87384K, reserved 1124352K
  class space    used 11406K, capacity 12848K, committed 12928K, reserved 1048576K
}
Event: 1998.179 GC heap before
{Heap before GC invocations=30 (full 10):
 PSYoungGen      total 296448K, used 5340K [0x00000000e0000000, 0x00000000f3780000, 0x0000000100000000)
  eden space 273920K, 0% used [0x00000000e0000000,0x00000000e0000000,0x00000000f0b80000)
  from space 22528K, 23% used [0x00000000f2180000,0x00000000f26b7010,0x00000000f3780000)
  to   space 22528K, 0% used [0x00000000f0b80000,0x00000000f0b80000,0x00000000f2180000)
 ParOldGen       total 162304K, used 81293K [0x00000000a0000000, 0x00000000a9e80000, 0x00000000e0000000)
  object space 162304K, 50% used [0x00000000a0000000,0x00000000a4f634c8,0x00000000a9e80000)
 Metaspace       used 81073K, capacity 87278K, committed 87384K, reserved 1124352K
  class space    used 11406K, capacity 12848K, committed 12928K, reserved 1048576K
Event: 1998.670 GC heap after
Heap after GC invocations=30 (full 10):
 PSYoungGen      total 296448K, used 0K [0x00000000e0000000, 0x00000000f3780000, 0x0000000100000000)
  eden space 273920K, 0% used [0x00000000e0000000,0x00000000e0000000,0x00000000f0b80000)
  from space 22528K, 0% used [0x00000000f2180000,0x00000000f2180000,0x00000000f3780000)
  to   space 22528K, 0% used [0x00000000f0b80000,0x00000000f0b80000,0x00000000f2180000)
 ParOldGen       total 162304K, used 85900K [0x00000000a0000000, 0x00000000a9e80000, 0x00000000e0000000)
  object space 162304K, 52% used [0x00000000a0000000,0x00000000a53e3138,0x00000000a9e80000)
 Metaspace       used 81073K, capacity 87278K, committed 87384K, reserved 1124352K
  class space    used 11406K, capacity 12848K, committed 12928K, reserved 1048576K
}
Event: 2138.424 GC heap before
{Heap before GC invocations=31 (full 10):
 PSYoungGen      total 296448K, used 221449K [0x00000000e0000000, 0x00000000f3780000, 0x0000000100000000)
  eden space 273920K, 80% used [0x00000000e0000000,0x00000000ed8426c8,0x00000000f0b80000)
  from space 22528K, 0% used [0x00000000f2180000,0x00000000f2180000,0x00000000f3780000)
  to   space 22528K, 0% used [0x00000000f0b80000,0x00000000f0b80000,0x00000000f2180000)
 ParOldGen       total 162304K, used 85900K [0x00000000a0000000, 0x00000000a9e80000, 0x00000000e0000000)
  object space 162304K, 52% used [0x00000000a0000000,0x00000000a53e3138,0x00000000a9e80000)
 Metaspace       used 85505K, capacity 93782K, committed 93912K, reserved 1128448K
  class space    used 12225K, capacity 14052K, committed 14080K, reserved 1048576K
Event: 2138.612 GC heap after
Heap after GC invocations=31 (full 10):
 PSYoungGen      total 296448K, used 15636K [0x00000000e0000000, 0x00000000f3880000, 0x0000000100000000)
  eden space 273920K, 0% used [0x00000000e0000000,0x00000000e0000000,0x00000000f0b80000)
  from space 22528K, 69% used [0x00000000f0b80000,0x00000000f1ac5278,0x00000000f2180000)
  to   space 23040K, 0% used [0x00000000f2200000,0x00000000f2200000,0x00000000f3880000)
 ParOldGen       total 162304K, used 85908K [0x00000000a0000000, 0x00000000a9e80000, 0x00000000e0000000)
  object space 162304K, 52% used [0x00000000a0000000,0x00000000a53e5138,0x00000000a9e80000)
 Metaspace       used 85505K, capacity 93782K, committed 93912K, reserved 1128448K
  class space    used 12225K, capacity 14052K, committed 14080K, reserved 1048576K
}
Event: 2138.612 GC heap before
{Heap before GC invocations=32 (full 11):
 PSYoungGen      total 296448K, used 15636K [0x00000000e0000000, 0x00000000f3880000, 0x0000000100000000)
  eden space 273920K, 0% used [0x00000000e0000000,0x00000000e0000000,0x00000000f0b80000)
  from space 22528K, 69% used [0x00000000f0b80000,0x00000000f1ac5278,0x00000000f2180000)
  to   space 23040K, 0% used [0x00000000f2200000,0x00000000f2200000,0x00000000f3880000)
 ParOldGen       total 162304K, used 85908K [0x00000000a0000000, 0x00000000a9e80000, 0x00000000e0000000)
  object space 162304K, 52% used [0x00000000a0000000,0x00000000a53e5138,0x00000000a9e80000)
 Metaspace       used 85505K, capacity 93782K, committed 93912K, reserved 1128448K
  class space    used 12225K, capacity 14052K, committed 14080K, reserved 1048576K
Event: 2139.581 GC heap after
Heap after GC invocations=32 (full 11):
 PSYoungGen      total 296448K, used 0K [0x00000000e0000000, 0x00000000f3880000, 0x0000000100000000)
  eden space 273920K, 0% used [0x00000000e0000000,0x00000000e0000000,0x00000000f0b80000)
  from space 22528K, 0% used [0x00000000f0b80000,0x00000000f0b80000,0x00000000f2180000)
  to   space 23040K, 0% used [0x00000000f2200000,0x00000000f2200000,0x00000000f3880000)
 ParOldGen       total 162304K, used 100708K [0x00000000a0000000, 0x00000000a9e80000, 0x00000000e0000000)
  object space 162304K, 62% used [0x00000000a0000000,0x00000000a6259028,0x00000000a9e80000)
 Metaspace       used 85505K, capacity 93782K, committed 93912K, reserved 1128448K
  class space    used 12225K, capacity 14052K, committed 14080K, reserved 1048576K
}

Deoptimization events (10 events):
Event: 1584.333 Thread 0x000000005d484000 Uncommon trap: reason=unstable_if action=reinterpret pc=0x000000000507b104 method=java.io.ObjectOutputStream.writeObject0(Ljava/lang/Object;Z)V @ 235
Event: 1584.336 Thread 0x000000005d484000 Uncommon trap: reason=bimorphic action=maybe_recompile pc=0x0000000004c65a98 method=java.io.ObjectOutputStream.writeNonProxyDesc(Ljava/io/ObjectStreamClass;Z)V @ 44
Event: 1584.336 Thread 0x000000005d484000 Uncommon trap: reason=bimorphic action=maybe_recompile pc=0x0000000004c65a98 method=java.io.ObjectOutputStream.writeNonProxyDesc(Ljava/io/ObjectStreamClass;Z)V @ 44
Event: 1584.336 Thread 0x000000005d484000 Uncommon trap: reason=bimorphic action=maybe_recompile pc=0x0000000004c65a98 method=java.io.ObjectOutputStream.writeNonProxyDesc(Ljava/io/ObjectStreamClass;Z)V @ 44
Event: 1584.336 Thread 0x000000005d484000 Uncommon trap: reason=bimorphic action=maybe_recompile pc=0x0000000004c65a98 method=java.io.ObjectOutputStream.writeNonProxyDesc(Ljava/io/ObjectStreamClass;Z)V @ 44
Event: 2137.201 Thread 0x000000005d488000 Uncommon trap: reason=unstable_if action=reinterpret pc=0x00000000037390a0 method=java.lang.ref.SoftReference.get()Ljava/lang/Object; @ 6
Event: 2137.289 Thread 0x000000005d488000 Uncommon trap: reason=unstable_if action=reinterpret pc=0x0000000002bf2a64 method=java.lang.ref.SoftReference.get()Ljava/lang/Object; @ 6
Event: 2139.595 Thread 0x000000005d484000 Uncommon trap: reason=unloaded action=reinterpret pc=0x0000000003a66e10 method=com.esotericsoftware.kryo.io.Output.flush()V @ 28
Event: 2139.598 Thread 0x000000005d484000 Uncommon trap: reason=unstable_if action=reinterpret pc=0x0000000003a8a9b0 method=java.lang.ref.SoftReference.get()Ljava/lang/Object; @ 6
Event: 2139.598 Thread 0x000000005d484000 Uncommon trap: reason=unstable_if action=reinterpret pc=0x0000000003191af8 method=java.lang.ref.SoftReference.get()Ljava/lang/Object; @ 6

Internal exceptions (10 events):
Event: 2178.275 Thread 0x000000005d488000 Exception <a 'java/lang/NoSuchMethodError': <clinit>> (0x00000000e04a79e0) thrown at [D:\re\puppet\workspace\8-2-build-windows-amd64-cygwin\jdk8u73\6086\hotspot\src\share\vm\prims\jni.cpp, line 1591]
Event: 2178.276 Thread 0x000000005d488000 Exception <a 'java/lang/NoSuchMethodError': <clinit>> (0x00000000e04b34b8) thrown at [D:\re\puppet\workspace\8-2-build-windows-amd64-cygwin\jdk8u73\6086\hotspot\src\share\vm\prims\jni.cpp, line 1591]
Event: 2178.287 Thread 0x000000005d488000 Exception <a 'java/lang/NoSuchMethodError': <clinit>> (0x00000000e0501fe0) thrown at [D:\re\puppet\workspace\8-2-build-windows-amd64-cygwin\jdk8u73\6086\hotspot\src\share\vm\prims\jni.cpp, line 1591]
Event: 2178.288 Thread 0x000000005d488000 Exception <a 'java/lang/NoSuchMethodError': <clinit>> (0x00000000e050fcb8) thrown at [D:\re\puppet\workspace\8-2-build-windows-amd64-cygwin\jdk8u73\6086\hotspot\src\share\vm\prims\jni.cpp, line 1591]
Event: 2178.725 Thread 0x000000005d488000 Exception <a 'java/lang/ClassNotFoundException': ijinit308_11diyjuzivtbvd1gpbi4wk1tvBeanInfo> (0x00000000e0676cd0) thrown at [D:\re\puppet\workspace\8-2-build-windows-amd64-cygwin\jdk8u73\6086\hotspot\src\share\vm\classfile\systemDictionary.cpp, line 210]
Event: 2178.726 Thread 0x000000005d488000 Exception <a 'java/lang/ClassNotFoundException': ijinit308_11diyjuzivtbvd1gpbi4wk1tvCustomizer> (0x00000000e0680270) thrown at [D:\re\puppet\workspace\8-2-build-windows-amd64-cygwin\jdk8u73\6086\hotspot\src\share\vm\classfile\systemDictionary.cpp, line 210øñÜâ¡@
Event: 2178.750 Thread 0x000000005d488000 Exception <a 'java/lang/ClassNotFoundException': JetGradlePluginBeanInfo> (0x00000000e089a4b8) thrown at [D:\re\puppet\workspace\8-2-build-windows-amd64-cygwin\jdk8u73\6086\hotspot\src\share\vm\classfile\systemDictionary.cpp, line 210]
Event: 2178.750 Thread 0x000000005d488000 Exception <a 'java/lang/ClassNotFoundException': JetGradlePluginCustomizer> (0x00000000e08a1980) thrown at [D:\re\puppet\workspace\8-2-build-windows-amd64-cygwin\jdk8u73\6086\hotspot\src\share\vm\classfile\systemDictionary.cpp, line 210]
Event: 2178.753 Thread 0x000000005d488000 Exception <a 'java/lang/ClassNotFoundException': org/jetbrains/plugins/gradle/tooling/internal/ExtraModelBuilderBeanInfo> (0x00000000e08cdba8) thrown at [D:\re\puppet\workspace\8-2-build-windows-amd64-cygwin\jdk8u73\6086\hotspot\src\share\vm\classfile\syst
Event: 2178.753 Thread 0x000000005d488000 Exception <a 'java/lang/ClassNotFoundException': org/jetbrains/plugins/gradle/tooling/internal/ExtraModelBuilderCustomizer> (0x00000000e08db1c0) thrown at [D:\re\puppet\workspace\8-2-build-windows-amd64-cygwin\jdk8u73\6086\hotspot\src\share\vm\classfile\sy¬¼•îŒ¡@

Events (10 events):
Event: 2178.752 loading class groovy/runtime/metaclass/org/jetbrains/plugins/gradle/tooling/internal/ExtraModelBuilderMetaClass
Event: 2178.752 loading class groovy/runtime/metaclass/org/jetbrains/plugins/gradle/tooling/internal/ExtraModelBuilderMetaClass done
Event: 2178.753 loading class org/jetbrains/plugins/gradle/tooling/internal/ExtraModelBuilderBeanInfo
Event: 2178.753 loading class org/jetbrains/plugins/gradle/tooling/internal/ExtraModelBuilderBeanInfo done
Event: 2178.753 loading class org/jetbrains/plugins/gradle/tooling/internal/ExtraModelBuilderBeanInfo
Event: 2178.753 loading class org/jetbrains/plugins/gradle/tooling/internal/ExtraModelBuilderBeanInfo done
Event: 2178.753 loading class org/jetbrains/plugins/gradle/tooling/internal/ExtraModelBuilderCustomizer
Event: 2178.753 loading class org/jetbrains/plugins/gradle/tooling/internal/ExtraModelBuilderCustomizer done
Event: 2178.753 loading class org/jetbrains/plugins/gradle/tooling/internal/ExtraModelBuilderCustomizer
Event: 2178.753 loading class org/jetbrains/plugins/gradle/tooling/internal/ExtraModelBuilderCustomizer done


Dynamic libraries:
0x000000013f3a0000 - 0x000000013f3d7000 	C:\Program Files\Java\jdk1.8.0_73\bin\java.exe
0x0000000077680000 - 0x000000007782a000 	C:\Windows\SYSTEM32\ntdll.dll
0x0000000077560000 - 0x000000007767f000 	C:\Windows\system32\kernel32.dll
0x000007fefd700000 - 0x000007fefd76a000 	C:\Windows\system32\KERNELBASE.dll
0x000007feff0e0000 - 0x000007feff1bb000 	C:\Windows\system32\ADVAPI32.dll
0x000007fefdbd0000 - 0x000007fefdc6f000 	C:\Windows\system32\msvcrt.dll
0x000007fefefc0000 - 0x000007fefefdf000 	C:\Windows\SYSTEM32\sechost.dll
0x000007feff2d0000 - 0x000007feff3fd000 	C:\Windows\system32\RPCRT4.dll
0x0000000077460000 - 0x000000007755a000 	C:\Windows\system32\USER32.dll
0x000007fefed10000 - 0x000007fefed77000 	C:\Windows\system32\GDI32.dll
0x000007feff980000 - 0x000007feff98e000 	C:\Windows\system32\LPK.dll
0x000007fefedd0000 - 0x000007fefee9a000 	C:\Windows\system32\USP10.dll
0x000007fefb520000 - 0x000007fefb714000 	C:\Windows\WinSxS\amd64_microsoft.windows.common-controls_6595b64144ccf1df_6.0.7601.18837_none_fa3b1e3d17594757\COMCTL32.dll
0x000007fefef40000 - 0x000007fefefb1000 	C:\Windows\system32\SHLWAPI.dll
0x000007fefd1f0000 - 0x000007fefd247000 	C:\Windows\system32\apphelp.dll
0x000007fef29e0000 - 0x000007fef2a31000 	C:\Windows\AppPatch\AppPatch64\AcGenral.DLL
0x000007fefd1c0000 - 0x000007fefd1e5000 	C:\Windows\system32\SspiCli.dll
0x000007feff400000 - 0x000007feff603000 	C:\Windows\system32\ole32.dll
0x000007fefdc70000 - 0x000007fefe9fa000 	C:\Windows\system32\SHELL32.dll
0x0000000073db0000 - 0x0000000073db3000 	C:\Windows\system32\sfc.dll
0x000007fef6be0000 - 0x000007fef6bf0000 	C:\Windows\system32\sfc_os.DLL
0x000007fefd5d0000 - 0x000007fefd5ee000 	C:\Windows\system32\USERENV.dll
0x000007fefd3c0000 - 0x000007fefd3cf000 	C:\Windows\system32\profapi.dll
0x000007fefaed0000 - 0x000007fefaee8000 	C:\Windows\system32\dwmapi.dll
0x000007fef5c50000 - 0x000007fef5c68000 	C:\Windows\system32\MPR.dll
0x000007fefea00000 - 0x000007fefea2e000 	C:\Windows\system32\IMM32.DLL
0x000007feff1c0000 - 0x000007feff2c9000 	C:\Windows\system32\MSCTF.dll
0x000000006c0e0000 - 0x000000006c1b2000 	C:\Program Files\Java\jdk1.8.0_73\jre\bin\msvcr100.dll
0x000000005c4d0000 - 0x000000005cd60000 	C:\Program Files\Java\jdk1.8.0_73\jre\bin\server\jvm.dll
0x000007fefa920000 - 0x000007fefa929000 	C:\Windows\system32\WSOCK32.dll
0x000007fefed80000 - 0x000007fefedcd000 	C:\Windows\system32\WS2_32.dll
0x000007fefdbc0000 - 0x000007fefdbc8000 	C:\Windows\system32\NSI.dll
0x000007fefade0000 - 0x000007fefae1b000 	C:\Windows\system32\WINMM.dll
0x000007fefc450000 - 0x000007fefc45c000 	C:\Windows\system32\VERSION.dll
0x0000000077840000 - 0x0000000077847000 	C:\Windows\system32\PSAPI.DLL
0x0000000073460000 - 0x000000007346f000 	C:\Program Files\Java\jdk1.8.0_73\jre\bin\verify.dll
0x0000000072360000 - 0x0000000072389000 	C:\Program Files\Java\jdk1.8.0_73\jre\bin\java.dll
0x0000000073440000 - 0x0000000073456000 	C:\Program Files\Java\jdk1.8.0_73\jre\bin\zip.dll
0x00000000733e0000 - 0x00000000733fa000 	C:\Program Files\Java\jdk1.8.0_73\jre\bin\net.dll
0x000007fefcb90000 - 0x000007fefcbe5000 	C:\Windows\system32\mswsock.dll
0x000007fefcb80000 - 0x000007fefcb87000 	C:\Windows\System32\wship6.dll
0x0000000072060000 - 0x0000000072071000 	C:\Program Files\Java\jdk1.8.0_73\jre\bin\nio.dll
0x000007fef3660000 - 0x000007fef3672000 	C:\Users\Matt Bird\.gradle\native\19\windows-amd64\native-platform.dll
0x000007fefcbf0000 - 0x000007fefcc08000 	C:\Windows\system32\CRYPTSP.dll
0x000007fefc8f0000 - 0x000007fefc937000 	C:\Windows\system32\rsaenh.dll
0x000007fefd250000 - 0x000007fefd25f000 	C:\Windows\system32\CRYPTBASE.dll
0x000007fefa8e0000 - 0x000007fefa907000 	C:\Windows\system32\IPHLPAPI.DLL
0x000007fefa8d0000 - 0x000007fefa8db000 	C:\Windows\system32\WINNSI.DLL
0x000007fef9970000 - 0x000007fef9988000 	C:\Windows\system32\dhcpcsvc.DLL
0x000007fef9950000 - 0x000007fef9961000 	C:\Windows\system32\dhcpcsvc6.DLL
0x0000000072350000 - 0x000000007235d000 	C:\Program Files\Java\jdk1.8.0_73\jre\bin\management.dll
0x0000000072030000 - 0x0000000072054000 	C:\Program Files\Java\jdk1.8.0_73\jre\bin\sunec.dll
0x0000000072020000 - 0x000000007202b000 	C:\Program Files\Java\jdk1.8.0_73\jre\bin\sunmscapi.dll
0x000007fefd460000 - 0x000007fefd5cd000 	C:\Windows\system32\CRYPT32.dll
0x000007fefd3b0000 - 0x000007fefd3bf000 	C:\Windows\system32\MSASN1.dll
0x000007fefa930000 - 0x000007fefaa55000 	C:\Windows\system32\dbghelp.dll

VM Arguments:
jvm_args: -Xmx1536m -Dfile.encoding=windows-1252 -Duser.country=NZ -Duser.language=en -Duser.variant 
java_command: org.gradle.launcher.daemon.bootstrap.GradleDaemon 2.14.1
java_class_path (initial): C:\Program Files\Android\Android Studio\gradle\gradle-2.14.1\lib\gradle-launcher-2.14.1.jar
Launcher Type: SUN_STANDARD

Environment Variables:
JAVA_HOME=C:\Program Files\Java\jdk1.8.0_91
PATH=C:\ProgramData\Oracle\Java\javapath;C:\Program Files\Common Files\Microsoft Shared\Windows Live;C:\Program Files (x86)\Common Files\Microsoft Shared\Windows Live;C:\python27_x64\;C:\python27_x64\Scripts;C:\Windows\system32;C:\Windows;C:\Windows\System32\Wbem;C:\Windows\System32\WindowsPowerShell\v1.0\;C:\Program Files\Intel\WiFi\bin\;C:\Program Files\Common Files\Intel\WirelessCommon\;C:\Program Files (x86)\Intel\OpenCL SDK\3.0\bin\x86;C:\Program Files (x86)\Intel\OpenCL SDK\3.0\bin\x64;C:\Program Files (x86)\Google\Cloud SDK\google-cloud-sdk\bin;C:\Program Files (x86)\Autodesk\Backburner\;C:\Program Files (x86)\Windows Live\Shared;C:\Program Files (x86)\Windows Kits\8.1\Windows Performance Toolkit\;C:\Program Files\nodejs\;C:\Matt\Programs\Code\AndroidSDK\platform-tools\;C:\Program Files (x86)\Skype\Phone\;C:\Program Files\Intel\WiFi\bin\;C:\Program Files\Common Files\Intel\WirelessCommon\;C:\Users\Matt Bird\AppData\Roaming\npm
USERNAME=Matt Bird
OS=Windows_NT
PROCESSOR_IDENTIFIER=Intel64 Family 6 Model 58 Stepping 9, GenuineIntel



---------------  S Y S T E M  ---------------

OS: Windows 7 , 64 bit Build 7601 (6.1.7601.23539)

CPU:total 4 (2 cores per cpu, 2 threads per core) family 6 model 58 stepping 9, cmov, cx8, fxsr, mmx, sse, sse2, sse3, ssse3, sse4.1, sse4.2, popcnt, avx, aes, clmul, erms, ht, tsc, tscinvbit, tscinv

Memory: 4k page, physical 10203112k(3733560k free), swap 11078268k(4214292k free)

vm_info: Java HotSpot(TM) 64-Bit Server VM (25.73-b02) for windows-amd64 JRE (1.8.0_73-b02), built on Jan 29 2016 17:38:49 by "java_re" with MS VC++ 10.0 (VS2010)

time: Thu Feb 23 17:22:56 2017
elapsed time: 2179 seconds (0d 0h 36m 19s)

