#
# A fatal error has been detected by the Java Runtime Environment:
#
#  EXCEPTION_ACCESS_VIOLATION (0xc0000005) at pc=0x0000000051a8a46a, pid=1344, tid=7456
#
# JRE version: Java(TM) SE Runtime Environment (8.0_73-b02) (build 1.8.0_73-b02)
# Java VM: Java HotSpot(TM) 64-Bit Server VM (25.73-b02 mixed mode windows-amd64 compressed oops)
# Problematic frame:
# V  [jvm.dll+0x47a46a]
#
# Failed to write core dump. Minidumps are not enabled by default on client versions of Windows
#
# If you would like to submit a bug report, please visit:
#   http://bugreport.java.com/bugreport/crash.jsp
#

---------------  T H R E A D  ---------------

Current thread (0x00000000175f3800):  JavaThread "C2 CompilerThread1" daemon [_thread_in_native, id=7456, stack(0x0000000018090000,0x0000000018190000)]

siginfo: ExceptionCode=0xc0000005, reading address 0xffffffffffffffff

Registers:
RAX=0x0000000000000008, RBX=0x0000000000000008, RCX=0x000000001e9da030, RDX=0x000000001e9cb800
RSP=0x000000001818b870, RBP=0x000000001e9d9fe0, RSI=0x0000000000000000, RDI=0x0000000000000000
R8 =0x0000000000000000, R9 =0x000000001e9b0050, R10=0x000000001e9da030, R11=0x000000001e9cb800
R12=0x000000001e9b0050, R13=0x000000001de678f0, R14=0x005100001cf2b900, R15=0x0000000000000018
RIP=0x0000000051a8a46a, EFLAGS=0x0000000000010202

Top of Stack: (sp=0x000000001818b870)
0x000000001818b870:   0000000000000008 0000000000000000
0x000000001818b880:   0000000000000001 000000001de678f0
0x000000001818b890:   0000000000000864 000000001b3ef060
0x000000001818b8a0:   00000000001bfa88 000000001b402bd0
0x000000001818b8b0:   000000001de678f0 000000001b402bd0
0x000000001818b8c0:   00000000161be660 0000000051c7db68
0x000000001818b8d0:   00000000161be660 0000000000000400
0x000000001818b8e0:   000000001f726d40 0000000000000002
0x000000001818b8f0:   0000000000000002 00000000161be660
0x000000001818b900:   0000000000000000 000000001fdc3a70
0x000000001818b910:   00000000161be660 000000001818bd60
0x000000001818b920:   0000000000000001 000000001818ba40
0x000000001818b930:   000000001818bd80 0000000051acd03f
0x000000001818b940:   000000001818bd60 0000000000000fda
0x000000001818b950:   000000001e9b0050 000000001e9d9fe0
0x000000001818b960:   000000001fdc3ac0 000000001fdcba58 

Instructions: (pc=0x0000000051a8a46a)
0x0000000051a8a44a:   8d 2c 92 48 c1 e5 04 49 03 ec 48 ff ca 48 89 54
0x0000000051a8a45a:   24 20 48 89 ac 24 e8 00 00 00 4c 8b 75 00 8b fe
0x0000000051a8a46a:   41 83 7e 18 00 0f 86 b6 00 00 00 48 8b de 0f 1f
0x0000000051a8a47a:   84 00 00 00 00 00 49 8b 46 08 48 8b 0c 03 48 85 


Register to memory mapping:

RAX=0x0000000000000008 is an unknown value
RBX=0x0000000000000008 is an unknown value
RCX=0x000000001e9da030 is an unknown value
RDX=0x000000001e9cb800 is an unknown value
RSP=0x000000001818b870 is pointing into the stack for thread: 0x00000000175f3800
RBP=0x000000001e9d9fe0 is an unknown value
RSI=0x0000000000000000 is an unknown value
RDI=0x0000000000000000 is an unknown value
R8 =0x0000000000000000 is an unknown value
R9 =0x000000001e9b0050 is an unknown value
R10=0x000000001e9da030 is an unknown value
R11=0x000000001e9cb800 is an unknown value
R12=0x000000001e9b0050 is an unknown value
R13=0x000000001de678f0 is an unknown value
R14=0x005100001cf2b900 is an unknown value
R15=0x0000000000000018 is an unknown value


Stack: [0x0000000018090000,0x0000000018190000],  sp=0x000000001818b870,  free space=1006k
Native frames: (J=compiled Java code, j=interpreted, Vv=VM code, C=native code)
V  [jvm.dll+0x47a46a]
V  [jvm.dll+0x4bd03f]
V  [jvm.dll+0x46eb35]
V  [jvm.dll+0x47013e]
V  [jvm.dll+0x453492]
V  [jvm.dll+0xa4932]
V  [jvm.dll+0xa526f]
V  [jvm.dll+0x243234]
V  [jvm.dll+0x29a10a]
C  [msvcr100.dll+0x21d9f]
C  [msvcr100.dll+0x21e3b]
C  [kernel32.dll+0x159cd]
C  [ntdll.dll+0x2a2e1]


Current CompileTask:
C2:  13974 4398       4       java.net.URLClassLoader$1::run (5 bytes)


---------------  P R O C E S S  ---------------

Java Threads: ( => current thread )
  0x000000001936a800 JavaThread "File lock request listener" [_thread_in_native, id=2592, stack(0x000000001a860000,0x000000001a960000)]
  0x000000001922b800 JavaThread "Stdin handler" [_thread_blocked, id=9616, stack(0x000000001aad0000,0x000000001abd0000)]
  0x00000000191cf800 JavaThread "Asynchronous log dispatcher for org.gradle.launcher.daemon.server.DefaultDaemonConnection@4577d516" [_thread_blocked, id=5056, stack(0x000000001a9c0000,0x000000001aac0000)]
  0x00000000191d3000 JavaThread "Daemon worker" [_thread_in_native, id=9340, stack(0x000000001a600000,0x000000001a700000)]
  0x0000000019114000 JavaThread "Cancel handler" [_thread_blocked, id=9632, stack(0x000000001a700000,0x000000001a800000)]
  0x00000000190fd800 JavaThread "Handler for socket connection from /127.0.0.1:50040 to /127.0.0.1:50041" [_thread_in_native, id=2868, stack(0x000000001a460000,0x000000001a560000)]
  0x00000000190fb000 JavaThread "Daemon" [_thread_blocked, id=9488, stack(0x000000001a2a0000,0x000000001a3a0000)]
  0x0000000019053800 JavaThread "Incoming local TCP Connector on port 50040" [_thread_in_native, id=2980, stack(0x0000000019f60000,0x000000001a060000)]
  0x0000000019047000 JavaThread "pool-1-thread-1" [_thread_blocked, id=6716, stack(0x0000000019e10000,0x0000000019f10000)]
  0x000000001766e000 JavaThread "Service Thread" daemon [_thread_blocked, id=9824, stack(0x0000000017f60000,0x0000000018060000)]
  0x00000000175f4800 JavaThread "C1 CompilerThread2" daemon [_thread_blocked, id=9264, stack(0x00000000181a0000,0x00000000182a0000)]
=>0x00000000175f3800 JavaThread "C2 CompilerThread1" daemon [_thread_in_native, id=7456, stack(0x0000000018090000,0x0000000018190000)]
  0x00000000161c5000 JavaThread "C2 CompilerThread0" daemon [_thread_in_native, id=6864, stack(0x0000000017de0000,0x0000000017ee0000)]
  0x00000000161c4000 JavaThread "Attach Listener" daemon [_thread_blocked, id=9780, stack(0x0000000017a70000,0x0000000017b70000)]
  0x00000000161c3000 JavaThread "Signal Dispatcher" daemon [_thread_blocked, id=7480, stack(0x0000000017bc0000,0x0000000017cc0000)]
  0x000000001616a000 JavaThread "Finalizer" daemon [_thread_blocked, id=8932, stack(0x00000000174f0000,0x00000000175f0000)]
  0x0000000016161000 JavaThread "Reference Handler" daemon [_thread_blocked, id=6852, stack(0x00000000173f0000,0x00000000174f0000)]
  0x00000000004af000 JavaThread "main" [_thread_blocked, id=8444, stack(0x0000000002350000,0x0000000002450000)]

Other Threads:
  0x000000001615b800 VMThread [stack: 0x00000000171c0000,0x00000000172c0000] [id=5004]
  0x0000000017694000 WatcherThread [stack: 0x0000000017ce0000,0x0000000017de0000] [id=8656]

VM state:not at safepoint (normal execution)

VM Mutex/Monitor currently owned by a thread: None

Heap:
 PSYoungGen      total 166400K, used 91711K [0x00000000e0000000, 0x00000000ef780000, 0x0000000100000000)
  eden space 159744K, 57% used [0x00000000e0000000,0x00000000e598fcd0,0x00000000e9c00000)
  from space 6656K, 0% used [0x00000000e9c00000,0x00000000e9c00000,0x00000000ea280000)
  to   space 14848K, 0% used [0x00000000ee900000,0x00000000ee900000,0x00000000ef780000)
 ParOldGen       total 107520K, used 20289K [0x00000000a0000000, 0x00000000a6900000, 0x00000000e0000000)
  object space 107520K, 18% used [0x00000000a0000000,0x00000000a13d0798,0x00000000a6900000)
 Metaspace       used 42454K, capacity 43386K, committed 43776K, reserved 1087488K
  class space    used 5824K, capacity 6061K, committed 6144K, reserved 1048576K

Card table byte_map: [0x0000000011ae0000,0x0000000011df0000] byte_map_base: 0x00000000115e0000

Marking Bits: (ParMarkBitMap*) 0x0000000051e20600
 Begin Bits: [0x00000000124d0000, 0x0000000013cd0000)
 End Bits:   [0x0000000013cd0000, 0x00000000154d0000)

Polling page: 0x0000000000440000

CodeCache: size=245760Kb used=14446Kb max_used=14446Kb free=231313Kb
 bounds [0x0000000002720000, 0x0000000003550000, 0x0000000011720000]
 total_blobs=4845 nmethods=4144 adapters=612
 compilation: enabled

Compilation events (10 events):
Event: 13.863 Thread 0x00000000175f4800 4406       1       java.net.URI::getScheme (5 bytes)
Event: 13.863 Thread 0x00000000175f4800 nmethod 4406 0x0000000003533c90 code [0x0000000003533de0, 0x0000000003533ef0]
Event: 13.863 Thread 0x00000000175f4800 4407       3       org.gradle.api.internal.DefaultDomainObjectCollection$IteratorImpl::next (18 bytes)
Event: 13.863 Thread 0x00000000175f4800 nmethod 4407 0x0000000003533810 code [0x0000000003533980, 0x0000000003533bc8]
Event: 13.863 Thread 0x00000000175f4800 4409       3       org.gradle.api.internal.artifacts.ivyservice.resolveengine.excludes.ModuleExcludeRuleFilters::intersect (58 bytes)
Event: 13.864 Thread 0x00000000175f4800 nmethod 4409 0x0000000003531e10 code [0x0000000003532060, 0x0000000003533048]
Event: 13.864 Thread 0x00000000175f4800 4408       1       org.gradle.api.internal.artifacts.configurations.DefaultConfiguration::getArtifacts (5 bytes)
Event: 13.865 Thread 0x00000000175f4800 nmethod 4408 0x0000000003531b50 code [0x0000000003531ca0, 0x0000000003531db0]
Event: 13.936 Thread 0x00000000175f4800 4410       3       org.apache.ivy.core.IvyContext::getCurrentStack (31 bytes)
Event: 13.937 Thread 0x00000000175f4800 nmethod 4410 0x0000000003545a90 code [0x0000000003545c80, 0x0000000003546508]

GC Heap History (10 events):
Event: 7.323 GC heap before
{Heap before GC invocations=3 (full 0):
 PSYoungGen      total 86528K, used 50774K [0x00000000e0000000, 0x00000000e5b00000, 0x0000000100000000)
  eden space 79872K, 55% used [0x00000000e0000000,0x00000000e2b16520,0x00000000e4e00000)
  from space 6656K, 99% used [0x00000000e5480000,0x00000000e5aff448,0x00000000e5b00000)
  to   space 6656K, 0% used [0x00000000e4e00000,0x00000000e4e00000,0x00000000e5480000)
 ParOldGen       total 106496K, used 1699K [0x00000000a0000000, 0x00000000a6800000, 0x00000000e0000000)
  object space 106496K, 1% used [0x00000000a0000000,0x00000000a01a8e40,0x00000000a6800000)
 Metaspace       used 20757K, capacity 21258K, committed 21296K, reserved 1067008K
  class space    used 2780K, capacity 2921K, committed 2944K, reserved 1048576K
Event: 7.419 GC heap after
Heap after GC invocations=3 (full 0):
 PSYoungGen      total 86528K, used 6624K [0x00000000e0000000, 0x00000000ea900000, 0x0000000100000000)
  eden space 79872K, 0% used [0x00000000e0000000,0x00000000e0000000,0x00000000e4e00000)
  from space 6656K, 99% used [0x00000000e4e00000,0x00000000e5478040,0x00000000e5480000)
  to   space 6656K, 0% used [0x00000000ea280000,0x00000000ea280000,0x00000000ea900000)
 ParOldGen       total 106496K, used 5872K [0x00000000a0000000, 0x00000000a6800000, 0x00000000e0000000)
  object space 106496K, 5% used [0x00000000a0000000,0x00000000a05bc3f8,0x00000000a6800000)
 Metaspace       used 20757K, capacity 21258K, committed 21296K, reserved 1067008K
  class space    used 2780K, capacity 2921K, committed 2944K, reserved 1048576K
}
Event: 7.419 GC heap before
{Heap before GC invocations=4 (full 1):
 PSYoungGen      total 86528K, used 6624K [0x00000000e0000000, 0x00000000ea900000, 0x0000000100000000)
  eden space 79872K, 0% used [0x00000000e0000000,0x00000000e0000000,0x00000000e4e00000)
  from space 6656K, 99% used [0x00000000e4e00000,0x00000000e5478040,0x00000000e5480000)
  to   space 6656K, 0% used [0x00000000ea280000,0x00000000ea280000,0x00000000ea900000)
 ParOldGen       total 106496K, used 5872K [0x00000000a0000000, 0x00000000a6800000, 0x00000000e0000000)
  object space 106496K, 5% used [0x00000000a0000000,0x00000000a05bc3f8,0x00000000a6800000)
 Metaspace       used 20757K, capacity 21258K, committed 21296K, reserved 1067008K
  class space    used 2780K, capacity 2921K, committed 2944K, reserved 1048576K
Event: 7.500 GC heap after
Heap after GC invocations=4 (full 1):
 PSYoungGen      total 86528K, used 0K [0x00000000e0000000, 0x00000000ea900000, 0x0000000100000000)
  eden space 79872K, 0% used [0x00000000e0000000,0x00000000e0000000,0x00000000e4e00000)
  from space 6656K, 0% used [0x00000000e4e00000,0x00000000e4e00000,0x00000000e5480000)
  to   space 6656K, 0% used [0x00000000ea280000,0x00000000ea280000,0x00000000ea900000)
 ParOldGen       total 68608K, used 10573K [0x00000000a0000000, 0x00000000a4300000, 0x00000000e0000000)
  object space 68608K, 15% used [0x00000000a0000000,0x00000000a0a53790,0x00000000a4300000)
 Metaspace       used 20757K, capacity 21258K, committed 21296K, reserved 1067008K
  class space    used 2780K, capacity 2921K, committed 2944K, reserved 1048576K
}
Event: 9.204 GC heap before
{Heap before GC invocations=5 (full 1):
 PSYoungGen      total 86528K, used 79872K [0x00000000e0000000, 0x00000000ea900000, 0x0000000100000000)
  eden space 79872K, 100% used [0x00000000e0000000,0x00000000e4e00000,0x00000000e4e00000)
  from space 6656K, 0% used [0x00000000e4e00000,0x00000000e4e00000,0x00000000e5480000)
  to   space 6656K, 0% used [0x00000000ea280000,0x00000000ea280000,0x00000000ea900000)
 ParOldGen       total 68608K, used 10573K [0x00000000a0000000, 0x00000000a4300000, 0x00000000e0000000)
  object space 68608K, 15% used [0x00000000a0000000,0x00000000a0a53790,0x00000000a4300000)
 Metaspace       used 27334K, capacity 27970K, committed 28160K, reserved 1073152K
  class space    used 3854K, capacity 4065K, committed 4096K, reserved 1048576K
Event: 9.250 GC heap after
Heap after GC invocations=5 (full 1):
 PSYoungGen      total 141824K, used 6651K [0x00000000e0000000, 0x00000000ea900000, 0x0000000100000000)
  eden space 135168K, 0% used [0x00000000e0000000,0x00000000e0000000,0x00000000e8400000)
  from space 6656K, 99% used [0x00000000ea280000,0x00000000ea8fef10,0x00000000ea900000)
  to   space 6656K, 0% used [0x00000000e9c00000,0x00000000e9c00000,0x00000000ea280000)
 ParOldGen       total 68608K, used 12854K [0x00000000a0000000, 0x00000000a4300000, 0x00000000e0000000)
  object space 68608K, 18% used [0x00000000a0000000,0x00000000a0c8d878,0x00000000a4300000)
 Metaspace       used 27334K, capacity 27970K, committed 28160K, reserved 1073152K
  class space    used 3854K, capacity 4065K, committed 4096K, reserved 1048576K
}
Event: 11.734 GC heap before
{Heap before GC invocations=6 (full 1):
 PSYoungGen      total 141824K, used 121549K [0x00000000e0000000, 0x00000000ea900000, 0x0000000100000000)
  eden space 135168K, 85% used [0x00000000e0000000,0x00000000e7034820,0x00000000e8400000)
  from space 6656K, 99% used [0x00000000ea280000,0x00000000ea8fef10,0x00000000ea900000)
  to   space 6656K, 0% used [0x00000000e9c00000,0x00000000e9c00000,0x00000000ea280000)
 ParOldGen       total 68608K, used 12854K [0x00000000a0000000, 0x00000000a4300000, 0x00000000e0000000)
  object space 68608K, 18% used [0x00000000a0000000,0x00000000a0c8d878,0x00000000a4300000)
 Metaspace       used 34476K, capacity 35150K, committed 35456K, reserved 1079296K
  class space    used 4745K, capacity 4940K, committed 4992K, reserved 1048576K
Event: 11.760 GC heap after
Heap after GC invocations=6 (full 1):
 PSYoungGen      total 166400K, used 6644K [0x00000000e0000000, 0x00000000ef780000, 0x0000000100000000)
  eden space 159744K, 0% used [0x00000000e0000000,0x00000000e0000000,0x00000000e9c00000)
  from space 6656K, 99% used [0x00000000e9c00000,0x00000000ea27d358,0x00000000ea280000)
  to   space 14848K, 0% used [0x00000000ee900000,0x00000000ee900000,0x00000000ef780000)
 ParOldGen       total 68608K, used 19257K [0x00000000a0000000, 0x00000000a4300000, 0x00000000e0000000)
  object space 68608K, 28% used [0x00000000a0000000,0x00000000a12ce480,0x00000000a4300000)
 Metaspace       used 34476K, capacity 35150K, committed 35456K, reserved 1079296K
  class space    used 4745K, capacity 4940K, committed 4992K, reserved 1048576K
}
Event: 11.760 GC heap before
{Heap before GC invocations=7 (full 2):
 PSYoungGen      total 166400K, used 6644K [0x00000000e0000000, 0x00000000ef780000, 0x0000000100000000)
  eden space 159744K, 0% used [0x00000000e0000000,0x00000000e0000000,0x00000000e9c00000)
  from space 6656K, 99% used [0x00000000e9c00000,0x00000000ea27d358,0x00000000ea280000)
  to   space 14848K, 0% used [0x00000000ee900000,0x00000000ee900000,0x00000000ef780000)
 ParOldGen       total 68608K, used 19257K [0x00000000a0000000, 0x00000000a4300000, 0x00000000e0000000)
  object space 68608K, 28% used [0x00000000a0000000,0x00000000a12ce480,0x00000000a4300000)
 Metaspace       used 34476K, capacity 35150K, committed 35456K, reserved 1079296K
  class space    used 4745K, capacity 4940K, committed 4992K, reserved 1048576K
Event: 11.902 GC heap after
Heap after GC invocations=7 (full 2):
 PSYoungGen      total 166400K, used 0K [0x00000000e0000000, 0x00000000ef780000, 0x0000000100000000)
  eden space 159744K, 0% used [0x00000000e0000000,0x00000000e0000000,0x00000000e9c00000)
  from space 6656K, 0% used [0x00000000e9c00000,0x00000000e9c00000,0x00000000ea280000)
  to   space 14848K, 0% used [0x00000000ee900000,0x00000000ee900000,0x00000000ef780000)
 ParOldGen       total 107520K, used 20289K [0x00000000a0000000, 0x00000000a6900000, 0x00000000e0000000)
  object space 107520K, 18% used [0x00000000a0000000,0x00000000a13d0798,0x00000000a6900000)
 Metaspace       used 34476K, capacity 35150K, committed 35456K, reserved 1079296K
  class space    used 4745K, capacity 4940K, committed 4992K, reserved 1048576K
}

Deoptimization events (10 events):
Event: 12.025 Thread 0x00000000191d3000 Uncommon trap: reason=unstable_if action=reinterpret pc=0x0000000002f0212c method=java.security.CodeSource.getCertificates()[Ljava/security/cert/Certificate; @ 22
Event: 12.053 Thread 0x00000000191d3000 Uncommon trap: reason=unstable_if action=reinterpret pc=0x0000000002fea4bc method=java.util.LinkedHashMap.get(Ljava/lang/Object;)Ljava/lang/Object; @ 20
Event: 12.695 Thread 0x00000000191d3000 Uncommon trap: reason=class_check action=maybe_recompile pc=0x00000000030b5254 method=java.util.AbstractList$Itr.hasNext()Z @ 8
Event: 12.697 Thread 0x00000000191d3000 Uncommon trap: reason=class_check action=maybe_recompile pc=0x00000000030b5254 method=java.util.AbstractList$Itr.hasNext()Z @ 8
Event: 12.697 Thread 0x00000000191d3000 Uncommon trap: reason=class_check action=maybe_recompile pc=0x00000000030b5254 method=java.util.AbstractList$Itr.hasNext()Z @ 8
Event: 12.697 Thread 0x00000000191d3000 Uncommon trap: reason=class_check action=maybe_recompile pc=0x00000000030b5254 method=java.util.AbstractList$Itr.hasNext()Z @ 8
Event: 12.821 Thread 0x00000000191d3000 Uncommon trap: reason=unstable_if action=reinterpret pc=0x0000000002c7e01c method=sun.misc.MetaIndex.mayContain(Ljava/lang/String;)Z @ 38
Event: 12.823 Thread 0x00000000191d3000 Uncommon trap: reason=unstable_if action=reinterpret pc=0x0000000002d81544 method=sun.misc.MetaIndex.mayContain(Ljava/lang/String;)Z @ 38
Event: 12.970 Thread 0x00000000191d3000 Uncommon trap: reason=unstable_if action=reinterpret pc=0x0000000002b4f3b8 method=java.io.DataInputStream.readUTF(Ljava/io/DataInput;)Ljava/lang/String; @ 31
Event: 13.196 Thread 0x00000000191d3000 Uncommon trap: reason=unstable_if action=reinterpret pc=0x00000000033e5cec method=com.sun.org.apache.xerces.internal.impl.XMLEntityScanner.scanContent(Lcom/sun/org/apache/xerces/internal/xni/XMLString;)I @ 481

Internal exceptions (10 events):
Event: 13.373 Thread 0x00000000191d3000 Exception <a 'sun/nio/fs/WindowsException'> (0x00000000e3f909d0) thrown at [D:\re\puppet\workspace\8-2-build-windows-amd64-cygwin\jdk8u73\6086\hotspot\src\share\vm\prims\jni.cpp, line 709]
Event: 13.373 Thread 0x00000000191d3000 Exception <a 'sun/nio/fs/WindowsException'> (0x00000000e3f91300) thrown at [D:\re\puppet\workspace\8-2-build-windows-amd64-cygwin\jdk8u73\6086\hotspot\src\share\vm\prims\jni.cpp, line 709]
Event: 13.373 Thread 0x00000000191d3000 Exception <a 'sun/nio/fs/WindowsException'> (0x00000000e3f93608) thrown at [D:\re\puppet\workspace\8-2-build-windows-amd64-cygwin\jdk8u73\6086\hotspot\src\share\vm\prims\jni.cpp, line 709]
Event: 13.373 Thread 0x00000000191d3000 Exception <a 'sun/nio/fs/WindowsException'> (0x00000000e3f93f78) thrown at [D:\re\puppet\workspace\8-2-build-windows-amd64-cygwin\jdk8u73\6086\hotspot\src\share\vm\prims\jni.cpp, line 709]
Event: 13.373 Thread 0x00000000191d3000 Exception <a 'sun/nio/fs/WindowsException'> (0x00000000e3f95560) thrown at [D:\re\puppet\workspace\8-2-build-windows-amd64-cygwin\jdk8u73\6086\hotspot\src\share\vm\prims\jni.cpp, line 709]
Event: 13.373 Thread 0x00000000191d3000 Exception <a 'sun/nio/fs/WindowsException'> (0x00000000e3f95f08) thrown at [D:\re\puppet\workspace\8-2-build-windows-amd64-cygwin\jdk8u73\6086\hotspot\src\share\vm\prims\jni.cpp, line 709]
Event: 13.517 Thread 0x00000000191d3000 Exception <a 'java/lang/NoSuchMethodError': java.lang.Object.lambda$comparing$77a9974f$1(Ljava/util/function/Function;Ljava/lang/Object;Ljava/lang/Object;)I> (0x00000000e4e3af60) thrown at [D:\re\puppet\workspace\8-2-build-windows-amd64-cygwin\jdk8u73\6086•bæóÈ+@
Event: 13.523 Thread 0x00000000191d3000 Exception <a 'java/lang/NoSuchMethodError': java.lang.Object.lambda$thenComparing$36697e65$1(Ljava/util/Comparator;Ljava/lang/Object;Ljava/lang/Object;)I> (0x00000000e4e51148) thrown at [D:\re\puppet\workspace\8-2-build-windows-amd64-cygwin\jdk8u73\6086\hoÓzè·+@
Event: 13.553 Thread 0x00000000191d3000 Exception <a 'java/lang/NoSuchMethodError': java.lang.Object.lambda$maxBy$24(Ljava/util/Comparator;Ljava/lang/Object;Ljava/lang/Object;)Ljava/lang/Object;> (0x00000000e4fa6fc8) thrown at [D:\re\puppet\workspace\8-2-build-windows-amd64-cygwin\jdk8u73\6086\hiY ˆ&+@
Event: 13.574 Thread 0x00000000191d3000 Exception <a 'sun/nio/fs/WindowsException'> (0x00000000e5043a00) thrown at [D:\re\puppet\workspace\8-2-build-windows-amd64-cygwin\jdk8u73\6086\hotspot\src\share\vm\prims\jni.cpp, line 709]

Events (10 events):
Event: 13.853 loading class com/google/wireless/android/sdk/stats/AndroidStudioStats$GradleBuildVariant$1
Event: 13.853 loading class com/google/wireless/android/sdk/stats/AndroidStudioStats$GradleBuildVariant$1 done
Event: 13.853 loading class com/google/wireless/android/sdk/stats/AndroidStudioStats$GradleBuildVariant$VariantType
Event: 13.853 loading class com/google/wireless/android/sdk/stats/AndroidStudioStats$GradleBuildVariant$VariantType done
Event: 13.854 loading class com/google/wireless/android/sdk/stats/AndroidStudioStats$GradleBuildVariant$VariantType$1
Event: 13.854 loading class com/google/wireless/android/sdk/stats/AndroidStudioStats$GradleBuildVariant$VariantType$1 done
Event: 13.854 loading class com/google/wireless/android/sdk/stats/AndroidStudioStats$GradleBuildVariant$Builder
Event: 13.854 loading class com/google/wireless/android/sdk/stats/AndroidStudioStats$GradleBuildVariant$Builder done
Event: 13.856 loading class com/android/build/gradle/internal/VariantDimensionData$1
Event: 13.856 loading class com/android/build/gradle/internal/VariantDimensionData$1 done


Dynamic libraries:
0x000000013f8e0000 - 0x000000013f917000 	C:\Program Files\Java\jdk1.8.0_73\bin\java.exe
0x00000000772f0000 - 0x000000007749a000 	C:\Windows\SYSTEM32\ntdll.dll
0x00000000771d0000 - 0x00000000772ef000 	C:\Windows\system32\kernel32.dll
0x000007fefd0a0000 - 0x000007fefd10a000 	C:\Windows\system32\KERNELBASE.dll
0x000007fefe190000 - 0x000007fefe26b000 	C:\Windows\system32\ADVAPI32.dll
0x000007fefd3e0000 - 0x000007fefd47f000 	C:\Windows\system32\msvcrt.dll
0x000007feff580000 - 0x000007feff59f000 	C:\Windows\SYSTEM32\sechost.dll
0x000007feff1d0000 - 0x000007feff2fd000 	C:\Windows\system32\RPCRT4.dll
0x00000000770d0000 - 0x00000000771ca000 	C:\Windows\system32\USER32.dll
0x000007fefe120000 - 0x000007fefe187000 	C:\Windows\system32\GDI32.dll
0x000007feff0a0000 - 0x000007feff0ae000 	C:\Windows\system32\LPK.dll
0x000007feff0b0000 - 0x000007feff17a000 	C:\Windows\system32\USP10.dll
0x000007fefb070000 - 0x000007fefb264000 	C:\Windows\WinSxS\amd64_microsoft.windows.common-controls_6595b64144ccf1df_6.0.7601.18837_none_fa3b1e3d17594757\COMCTL32.dll
0x000007fefd9b0000 - 0x000007fefda21000 	C:\Windows\system32\SHLWAPI.dll
0x000007fefce60000 - 0x000007fefceb7000 	C:\Windows\system32\apphelp.dll
0x000007fef5ba0000 - 0x000007fef5bf1000 	C:\Windows\AppPatch\AppPatch64\AcGenral.DLL
0x000007fefce30000 - 0x000007fefce55000 	C:\Windows\system32\SspiCli.dll
0x000007fefde90000 - 0x000007fefe093000 	C:\Windows\system32\ole32.dll
0x000007fefe310000 - 0x000007feff09a000 	C:\Windows\system32\SHELL32.dll
0x0000000073a20000 - 0x0000000073a23000 	C:\Windows\system32\sfc.dll
0x000007fef5e70000 - 0x000007fef5e80000 	C:\Windows\system32\sfc_os.DLL
0x000007fefd3c0000 - 0x000007fefd3de000 	C:\Windows\system32\USERENV.dll
0x000007fefd030000 - 0x000007fefd03f000 	C:\Windows\system32\profapi.dll
0x000007fefa2f0000 - 0x000007fefa308000 	C:\Windows\system32\dwmapi.dll
0x000007fef4ef0000 - 0x000007fef4f08000 	C:\Windows\system32\MPR.dll
0x000007feff5c0000 - 0x000007feff5ee000 	C:\Windows\system32\IMM32.DLL
0x000007fefd480000 - 0x000007fefd589000 	C:\Windows\system32\MSCTF.dll
0x0000000065da0000 - 0x0000000065e72000 	C:\Program Files\Java\jdk1.8.0_73\jre\bin\msvcr100.dll
0x0000000051610000 - 0x0000000051ea0000 	C:\Program Files\Java\jdk1.8.0_73\jre\bin\server\jvm.dll
0x000007fefae50000 - 0x000007fefae59000 	C:\Windows\system32\WSOCK32.dll
0x000007feff180000 - 0x000007feff1cd000 	C:\Windows\system32\WS2_32.dll
0x000007feff5f0000 - 0x000007feff5f8000 	C:\Windows\system32\NSI.dll
0x000007fefa3e0000 - 0x000007fefa41b000 	C:\Windows\system32\WINMM.dll
0x000007fefc0c0000 - 0x000007fefc0cc000 	C:\Windows\system32\VERSION.dll
0x00000000774b0000 - 0x00000000774b7000 	C:\Windows\system32\PSAPI.DLL
0x00000000700e0000 - 0x00000000700ef000 	C:\Program Files\Java\jdk1.8.0_73\jre\bin\verify.dll
0x0000000068bd0000 - 0x0000000068bf9000 	C:\Program Files\Java\jdk1.8.0_73\jre\bin\java.dll
0x0000000068bb0000 - 0x0000000068bc6000 	C:\Program Files\Java\jdk1.8.0_73\jre\bin\zip.dll
0x0000000068b90000 - 0x0000000068baa000 	C:\Program Files\Java\jdk1.8.0_73\jre\bin\net.dll
0x000007fefc800000 - 0x000007fefc855000 	C:\Windows\system32\mswsock.dll
0x000007fefc7f0000 - 0x000007fefc7f7000 	C:\Windows\System32\wship6.dll
0x0000000068b70000 - 0x0000000068b81000 	C:\Program Files\Java\jdk1.8.0_73\jre\bin\nio.dll
0x000007fef5ab0000 - 0x000007fef5ac2000 	C:\Users\Matt Bird\.gradle\native\19\windows-amd64\native-platform.dll
0x000007fefc860000 - 0x000007fefc878000 	C:\Windows\system32\CRYPTSP.dll
0x000007fefc560000 - 0x000007fefc5a7000 	C:\Windows\system32\rsaenh.dll
0x000007fefcec0000 - 0x000007fefcecf000 	C:\Windows\system32\CRYPTBASE.dll
0x000007fefab30000 - 0x000007fefab57000 	C:\Windows\system32\IPHLPAPI.DLL
0x000007fefab20000 - 0x000007fefab2b000 	C:\Windows\system32\WINNSI.DLL
0x000007fef97b0000 - 0x000007fef97c8000 	C:\Windows\system32\dhcpcsvc.DLL
0x000007fef96b0000 - 0x000007fef96c1000 	C:\Windows\system32\dhcpcsvc6.DLL
0x00000000700d0000 - 0x00000000700dd000 	C:\Program Files\Java\jdk1.8.0_73\jre\bin\management.dll
0x000007fefac70000 - 0x000007fefad95000 	C:\Windows\system32\dbghelp.dll

VM Arguments:
jvm_args: -Xmx1536m -Dfile.encoding=windows-1252 -Duser.country=NZ -Duser.language=en -Duser.variant 
java_command: org.gradle.launcher.daemon.bootstrap.GradleDaemon 2.14.1
java_class_path (initial): C:\Program Files\Android\Android Studio\gradle\gradle-2.14.1\lib\gradle-launcher-2.14.1.jar
Launcher Type: SUN_STANDARD

Environment Variables:
JAVA_HOME=C:\Program Files\Java\jdk1.8.0_91
PATH=C:\ProgramData\Oracle\Java\javapath;C:\Program Files\Common Files\Microsoft Shared\Windows Live;C:\Program Files (x86)\Common Files\Microsoft Shared\Windows Live;C:\python27_x64\;C:\python27_x64\Scripts;C:\Windows\system32;C:\Windows;C:\Windows\System32\Wbem;C:\Windows\System32\WindowsPowerShell\v1.0\;C:\Program Files\Intel\WiFi\bin\;C:\Program Files\Common Files\Intel\WirelessCommon\;C:\Program Files (x86)\Intel\OpenCL SDK\3.0\bin\x86;C:\Program Files (x86)\Intel\OpenCL SDK\3.0\bin\x64;C:\Program Files (x86)\Google\Cloud SDK\google-cloud-sdk\bin;C:\Program Files (x86)\Autodesk\Backburner\;C:\Program Files (x86)\Windows Live\Shared;C:\Program Files (x86)\Windows Kits\8.1\Windows Performance Toolkit\;C:\Program Files\nodejs\;C:\Matt\Programs\Code\AndroidSDK\platform-tools\;C:\Program Files (x86)\Skype\Phone\;C:\Program Files\Intel\WiFi\bin\;C:\Program Files\Common Files\Intel\WirelessCommon\;C:\Users\Matt Bird\AppData\Roaming\npm
USERNAME=Matt Bird
OS=Windows_NT
PROCESSOR_IDENTIFIER=Intel64 Family 6 Model 58 Stepping 9, GenuineIntel



---------------  S Y S T E M  ---------------

OS: Windows 7 , 64 bit Build 7601 (6.1.7601.23539)

CPU:total 4 (2 cores per cpu, 2 threads per core) family 6 model 58 stepping 9, cmov, cx8, fxsr, mmx, sse, sse2, sse3, ssse3, sse4.1, sse4.2, popcnt, avx, aes, clmul, erms, ht, tsc, tscinvbit, tscinv

Memory: 4k page, physical 10203112k(4141940k free), swap 11823920k(4819288k free)

vm_info: Java HotSpot(TM) 64-Bit Server VM (25.73-b02) for windows-amd64 JRE (1.8.0_73-b02), built on Jan 29 2016 17:38:49 by "java_re" with MS VC++ 10.0 (VS2010)

time: Thu Feb 16 03:42:59 2017
elapsed time: 13 seconds (0d 0h 0m 13s)

