#
# A fatal error has been detected by the Java Runtime Environment:
#
#  EXCEPTION_ACCESS_VIOLATION (0xc0000005) at pc=0x0000000002bd68c5, pid=9120, tid=9188
#
# JRE version: Java(TM) SE Runtime Environment (8.0_73-b02) (build 1.8.0_73-b02)
# Java VM: Java HotSpot(TM) 64-Bit Server VM (25.73-b02 mixed mode windows-amd64 compressed oops)
# Problematic frame:
# J 558 C2 sun.misc.URLClassPath$JarLoader.getResource(Ljava/lang/String;Z)Lsun/misc/Resource; (85 bytes) @ 0x0000000002bd68c5 [0x0000000002bd6880+0x45]
#
# Failed to write core dump. Minidumps are not enabled by default on client versions of Windows
#
# If you would like to submit a bug report, please visit:
#   http://bugreport.java.com/bugreport/crash.jsp
#

---------------  T H R E A D  ---------------

Current thread (0x0000000019091000):  JavaThread "Daemon worker" [_thread_in_Java, id=9188, stack(0x000000001a9c0000,0x000000001aac0000)]

siginfo: ExceptionCode=0xc0000005, reading address 0x0000000000ca000c

Registers:
RAX=0x00000000e3164388, RBX=0x00000000e3164388, RCX=0x0000000019081570, RDX=0x00000000e3164388
RSP=0x000000001aab9bc0, RBP=0x0000000000000025, RSI=0x00000000e3164388, RDI=0x0000000000000029
R8 =0x0000000000ca0000, R9 =0x0000000000000000, R10=0x0000000000000011, R11=0x0000000027f1c029
R12=0x0000000000000000, R13=0x0000000000000000, R14=0x000000001aab9af8, R15=0x0000000019091000
RIP=0x0000000002bd68c5, EFLAGS=0x0000000000010206

Top of Stack: (sp=0x000000001aab9bc0)
0x000000001aab9bc0:   00000000e002ff00 00000000e31608f8
0x000000001aab9bd0:   e31608f800000000 00000000e3160a48
0x000000001aab9be0:   0000000000000011 0000000054ce0c30
0x000000001aab9bf0:   000000001aabac78 0000000000000000
0x000000001aab9c00:   0000000019091000 000000001aab9cf0
0x000000001aab9c10:   0000000000000025 0000000002c0a330
0x000000001aab9c20:   0000000018511490 00000000190912a8
0x000000001aab9c30:   0000000017e95a00 000000006e424e7e
0x000000001aab9c40:   000000000000002c 00000000e002ff00
0x000000001aab9c50:   0000000000000000 00000000e31452d0
0x000000001aab9c60:   00000000e002fe20 00000000a0004108
0x000000001aab9c70:   0000000000000011 00000000029408da
0x000000001aab9c80:   000000001aab9e30 0000000002ae73a4
0x000000001aab9c90:   0000000000000000 0000000000000000
0x000000001aab9ca0:   0000000000000000 0000000000000000
0x000000001aab9cb0:   0000000000000000 0000000000000000 

Instructions: (pc=0x0000000002bd68c5)
0x0000000002bd68a5:   ff ff 55 48 83 ec 50 44 89 4c 24 10 4c 89 04 24
0x0000000002bd68b5:   48 8b f2 44 8b 42 24 45 85 c0 0f 84 8a 01 00 00
0x0000000002bd68c5:   45 0f b6 58 0c 45 85 db 0f 84 b2 00 00 00 4c 8b
0x0000000002bd68d5:   2c 24 41 8b 4d 0c 8b 79 0c 8b ef 83 c5 fa 85 ed 


Register to memory mapping:

RAX=0x00000000e3164388 is an oop
sun.misc.URLClassPath$JarLoader 
 - klass: 'sun/misc/URLClassPath$JarLoader'
RBX=0x00000000e3164388 is an oop
sun.misc.URLClassPath$JarLoader 
 - klass: 'sun/misc/URLClassPath$JarLoader'
RCX=0x0000000019081570 is an unknown value
RDX=0x00000000e3164388 is an oop
sun.misc.URLClassPath$JarLoader 
 - klass: 'sun/misc/URLClassPath$JarLoader'
RSP=0x000000001aab9bc0 is pointing into the stack for thread: 0x0000000019091000
RBP=0x0000000000000025 is an unknown value
RSI=0x00000000e3164388 is an oop
sun.misc.URLClassPath$JarLoader 
 - klass: 'sun/misc/URLClassPath$JarLoader'
RDI=0x0000000000000029 is an unknown value
R8 =0x0000000000ca0000 is an unknown value
R9 =0x0000000000000000 is an unknown value
R10=0x0000000000000011 is an unknown value
R11=0x0000000027f1c029 is an unknown value
R12=0x0000000000000000 is an unknown value
R13=0x0000000000000000 is an unknown value
R14=0x000000001aab9af8 is pointing into the stack for thread: 0x0000000019091000
R15=0x0000000019091000 is a thread


Stack: [0x000000001a9c0000,0x000000001aac0000],  sp=0x000000001aab9bc0,  free space=998k
Native frames: (J=compiled Java code, j=interpreted, Vv=VM code, C=native code)
C  0x0000000002bd68c5


---------------  P R O C E S S  ---------------

Java Threads: ( => current thread )
  0x0000000019093800 JavaThread "Stdin handler" [_thread_blocked, id=8968, stack(0x000000001aac0000,0x000000001abc0000)]
  0x0000000019092800 JavaThread "Asynchronous log dispatcher for org.gradle.launcher.daemon.server.DefaultDaemonConnection@f9475fc" [_thread_blocked, id=5096, stack(0x000000001a870000,0x000000001a970000)]
=>0x0000000019091000 JavaThread "Daemon worker" [_thread_in_Java, id=9188, stack(0x000000001a9c0000,0x000000001aac0000)]
  0x000000001908c800 JavaThread "Cancel handler" [_thread_blocked, id=7940, stack(0x000000001a5c0000,0x000000001a6c0000)]
  0x0000000019077800 JavaThread "Handler for socket connection from /127.0.0.1:57844 to /127.0.0.1:57845" [_thread_in_native, id=7608, stack(0x000000001a6e0000,0x000000001a7e0000)]
  0x0000000019074800 JavaThread "Daemon" [_thread_blocked, id=7512, stack(0x000000001a410000,0x000000001a510000)]
  0x0000000018dfd000 JavaThread "Incoming local TCP Connector on port 57844" [_thread_in_native, id=9552, stack(0x000000001a030000,0x000000001a130000)]
  0x00000000192a1800 JavaThread "pool-1-thread-1" [_thread_blocked, id=6836, stack(0x0000000019f30000,0x000000001a030000)]
  0x0000000017e81000 JavaThread "Service Thread" daemon [_thread_blocked, id=7532, stack(0x0000000017a30000,0x0000000017b30000)]
  0x0000000016418800 JavaThread "C1 CompilerThread2" daemon [_thread_blocked, id=8708, stack(0x0000000017d20000,0x0000000017e20000)]
  0x0000000016417000 JavaThread "C2 CompilerThread1" daemon [_thread_blocked, id=7632, stack(0x0000000017b50000,0x0000000017c50000)]
  0x0000000016411800 JavaThread "C2 CompilerThread0" daemon [_thread_blocked, id=3676, stack(0x00000000177d0000,0x00000000178d0000)]
  0x000000001641f000 JavaThread "Attach Listener" daemon [_thread_blocked, id=4724, stack(0x0000000017930000,0x0000000017a30000)]
  0x000000001641d800 JavaThread "Signal Dispatcher" daemon [_thread_blocked, id=2996, stack(0x00000000175c0000,0x00000000176c0000)]
  0x00000000163b7000 JavaThread "Finalizer" daemon [_thread_blocked, id=9936, stack(0x00000000176c0000,0x00000000177c0000)]
  0x00000000163b0000 JavaThread "Reference Handler" daemon [_thread_blocked, id=5492, stack(0x0000000017320000,0x0000000017420000)]
  0x0000000001ddf000 JavaThread "main" [_thread_blocked, id=8648, stack(0x0000000002570000,0x0000000002670000)]

Other Threads:
  0x00000000163aa800 VMThread [stack: 0x00000000174b0000,0x00000000175b0000] [id=8168]
  0x0000000017e9f800 WatcherThread [stack: 0x00000000183d0000,0x00000000184d0000] [id=7508]

VM state:not at safepoint (normal execution)

VM Mutex/Monitor currently owned by a thread: None

Heap:
 PSYoungGen      total 46592K, used 7099K [0x00000000e0000000, 0x00000000e3400000, 0x0000000100000000)
  eden space 39936K, 1% used [0x00000000e0000000,0x00000000e006f1d8,0x00000000e2700000)
  from space 6656K, 99% used [0x00000000e2d80000,0x00000000e33ffd20,0x00000000e3400000)
  to   space 6656K, 0% used [0x00000000e2700000,0x00000000e2700000,0x00000000e2d80000)
 ParOldGen       total 106496K, used 1700K [0x00000000a0000000, 0x00000000a6800000, 0x00000000e0000000)
  object space 106496K, 1% used [0x00000000a0000000,0x00000000a01a9358,0x00000000a6800000)
 Metaspace       used 16262K, capacity 16622K, committed 16896K, reserved 1064960K
  class space    used 2163K, capacity 2269K, committed 2304K, reserved 1048576K

Card table byte_map: [0x0000000011d00000,0x0000000012010000] byte_map_base: 0x0000000011800000

Marking Bits: (ParMarkBitMap*) 0x0000000054fe0600
 Begin Bits: [0x0000000012720000, 0x0000000013f20000)
 End Bits:   [0x0000000013f20000, 0x0000000015720000)

Polling page: 0x0000000000540000

CodeCache: size=245760Kb used=4797Kb max_used=4810Kb free=240962Kb
 bounds [0x0000000002940000, 0x0000000002e00000, 0x0000000011940000]
 total_blobs=1812 nmethods=1439 adapters=285
 compilation: enabled

Compilation events (10 events):
Event: 3.016 Thread 0x0000000016418800 1434       3       java.util.ArrayList::<init> (61 bytes)
Event: 3.017 Thread 0x0000000016417000 nmethod 1432 0x0000000002de95d0 code [0x0000000002de9720, 0x0000000002de97c8]
Event: 3.017 Thread 0x0000000016418800 nmethod 1434 0x0000000002deb4d0 code [0x0000000002deb6e0, 0x0000000002dec158]
Event: 3.017 Thread 0x0000000016418800 1433       3       java.lang.reflect.Proxy::isProxyClass (25 bytes)
Event: 3.018 Thread 0x0000000016418800 nmethod 1433 0x0000000002dea4d0 code [0x0000000002dea6e0, 0x0000000002deb078]
Event: 3.019 Thread 0x0000000016418800 1435       3       java.lang.reflect.Method::getGenericReturnType (20 bytes)
Event: 3.020 Thread 0x0000000016418800 nmethod 1435 0x0000000002ded3d0 code [0x0000000002ded5c0, 0x0000000002dedfb8]
Event: 3.020 Thread 0x0000000016418800 1436       3       java.lang.reflect.Method::hasGenericInformation (13 bytes)
Event: 3.020 Thread 0x0000000016418800 nmethod 1436 0x0000000002dea150 code [0x0000000002dea2a0, 0x0000000002dea470]
Event: 3.020 Thread 0x0000000016418800 1437   !   3       java.lang.Class::getTypeName (79 bytes)

GC Heap History (4 events):
Event: 1.411 GC heap before
{Heap before GC invocations=1 (full 0):
 PSYoungGen      total 46592K, used 39936K [0x00000000e0000000, 0x00000000e3400000, 0x0000000100000000)
  eden space 39936K, 100% used [0x00000000e0000000,0x00000000e2700000,0x00000000e2700000)
  from space 6656K, 0% used [0x00000000e2d80000,0x00000000e2d80000,0x00000000e3400000)
  to   space 6656K, 0% used [0x00000000e2700000,0x00000000e2700000,0x00000000e2d80000)
 ParOldGen       total 106496K, used 0K [0x00000000a0000000, 0x00000000a6800000, 0x00000000e0000000)
  object space 106496K, 0% used [0x00000000a0000000,0x00000000a0000000,0x00000000a6800000)
 Metaspace       used 7399K, capacity 7648K, committed 7808K, reserved 1056768K
  class space    used 982K, capacity 1056K, committed 1152K, reserved 1048576K
Event: 1.420 GC heap after
Heap after GC invocations=1 (full 0):
 PSYoungGen      total 46592K, used 5139K [0x00000000e0000000, 0x00000000e3400000, 0x0000000100000000)
  eden space 39936K, 0% used [0x00000000e0000000,0x00000000e0000000,0x00000000e2700000)
  from space 6656K, 77% used [0x00000000e2700000,0x00000000e2c04fc8,0x00000000e2d80000)
  to   space 6656K, 0% used [0x00000000e2d80000,0x00000000e2d80000,0x00000000e3400000)
 ParOldGen       total 106496K, used 8K [0x00000000a0000000, 0x00000000a6800000, 0x00000000e0000000)
  object space 106496K, 0% used [0x00000000a0000000,0x00000000a0002000,0x00000000a6800000)
 Metaspace       used 7399K, capacity 7648K, committed 7808K, reserved 1056768K
  class space    used 982K, capacity 1056K, committed 1152K, reserved 1048576K
}
Event: 3.001 GC heap before
{Heap before GC invocations=2 (full 0):
 PSYoungGen      total 46592K, used 45075K [0x00000000e0000000, 0x00000000e3400000, 0x0000000100000000)
  eden space 39936K, 100% used [0x00000000e0000000,0x00000000e2700000,0x00000000e2700000)
  from space 6656K, 77% used [0x00000000e2700000,0x00000000e2c04fc8,0x00000000e2d80000)
  to   space 6656K, 0% used [0x00000000e2d80000,0x00000000e2d80000,0x00000000e3400000)
 ParOldGen       total 106496K, used 8K [0x00000000a0000000, 0x00000000a6800000, 0x00000000e0000000)
  object space 106496K, 0% used [0x00000000a0000000,0x00000000a0002000,0x00000000a6800000)
 Metaspace       used 16227K, capacity 16558K, committed 16640K, reserved 1062912K
  class space    used 2159K, capacity 2269K, committed 2304K, reserved 1048576K
Event: 3.013 GC heap after
Heap after GC invocations=2 (full 0):
 PSYoungGen      total 46592K, used 6655K [0x00000000e0000000, 0x00000000e3400000, 0x0000000100000000)
  eden space 39936K, 0% used [0x00000000e0000000,0x00000000e0000000,0x00000000e2700000)
  from space 6656K, 99% used [0x00000000e2d80000,0x00000000e33ffd20,0x00000000e3400000)
  to   space 6656K, 0% used [0x00000000e2700000,0x00000000e2700000,0x00000000e2d80000)
 ParOldGen       total 106496K, used 1700K [0x00000000a0000000, 0x00000000a6800000, 0x00000000e0000000)
  object space 106496K, 1% used [0x00000000a0000000,0x00000000a01a9358,0x00000000a6800000)
 Metaspace       used 16227K, capacity 16558K, committed 16640K, reserved 1062912K
  class space    used 2159K, capacity 2269K, committed 2304K, reserved 1048576K
}

Deoptimization events (10 events):
Event: 1.425 Thread 0x0000000001ddf000 Uncommon trap: reason=unstable_if action=reinterpret pc=0x0000000002b940fc method=java.util.HashMap.getNode(ILjava/lang/Object;)Ljava/util/HashMap$Node; @ 129
Event: 1.425 Thread 0x0000000001ddf000 Uncommon trap: reason=bimorphic action=maybe_recompile pc=0x0000000002bbfec4 method=java.util.HashMap.putVal(ILjava/lang/Object;Ljava/lang/Object;ZZ)Ljava/lang/Object; @ 203
Event: 1.648 Thread 0x0000000001ddf000 Uncommon trap: reason=unstable_if action=reinterpret pc=0x0000000002c2213c method=java.io.WinNTFileSystem.normalize(Ljava/lang/String;II)Ljava/lang/String; @ 90
Event: 1.686 Thread 0x0000000001ddf000 Uncommon trap: reason=unstable_if action=reinterpret pc=0x0000000002c35cfc method=java.lang.String.substring(I)Ljava/lang/String; @ 35
Event: 2.390 Thread 0x0000000018dfd000 Uncommon trap: reason=bimorphic action=maybe_recompile pc=0x0000000002bbfe84 method=java.util.HashMap.putVal(ILjava/lang/Object;Ljava/lang/Object;ZZ)Ljava/lang/Object; @ 91
Event: 2.392 Thread 0x0000000018dfd000 Uncommon trap: reason=bimorphic action=maybe_recompile pc=0x0000000002bb7268 method=java.util.HashMap.putVal(ILjava/lang/Object;Ljava/lang/Object;ZZ)Ljava/lang/Object; @ 91
Event: 2.537 Thread 0x0000000019091000 Uncommon trap: reason=bimorphic action=maybe_recompile pc=0x0000000002d4d8f4 method=java.util.HashMap.putVal(ILjava/lang/Object;Ljava/lang/Object;ZZ)Ljava/lang/Object; @ 253
Event: 2.537 Thread 0x0000000019091000 Uncommon trap: reason=bimorphic action=maybe_recompile pc=0x0000000002d4d8f4 method=java.util.HashMap.putVal(ILjava/lang/Object;Ljava/lang/Object;ZZ)Ljava/lang/Object; @ 253
Event: 2.674 Thread 0x0000000019091000 Uncommon trap: reason=bimorphic action=maybe_recompile pc=0x0000000002bd50f8 method=java.util.HashMap.putVal(ILjava/lang/Object;Ljava/lang/Object;ZZ)Ljava/lang/Object; @ 91
Event: 3.015 Thread 0x0000000019091000 Uncommon trap: reason=null_check action=maybe_recompile pc=0x0000000002bd7004 method=sun.misc.MetaIndex.mayContain(Ljava/lang/String;)Z @ 27

Internal exceptions (10 events):
Event: 2.589 Thread 0x0000000019091000 Exception <a 'java/lang/ArrayIndexOutOfBoundsException'> (0x00000000e11e25c8) thrown at [D:\re\puppet\workspace\8-2-build-windows-amd64-cygwin\jdk8u73\6086\hotspot\src\share\vm\runtime\sharedRuntime.cpp, line 605]
Event: 2.590 Thread 0x0000000019091000 Exception <a 'java/lang/ArrayIndexOutOfBoundsException'> (0x00000000e11f7778) thrown at [D:\re\puppet\workspace\8-2-build-windows-amd64-cygwin\jdk8u73\6086\hotspot\src\share\vm\runtime\sharedRuntime.cpp, line 605]
Event: 2.607 Thread 0x0000000019091000 Exception <a 'java/lang/ArrayIndexOutOfBoundsException'> (0x00000000e1460b38) thrown at [D:\re\puppet\workspace\8-2-build-windows-amd64-cygwin\jdk8u73\6086\hotspot\src\share\vm\runtime\sharedRuntime.cpp, line 605]
Event: 2.617 Thread 0x0000000019091000 Exception <a 'java/lang/ArrayIndexOutOfBoundsException'> (0x00000000e160e000) thrown at [D:\re\puppet\workspace\8-2-build-windows-amd64-cygwin\jdk8u73\6086\hotspot\src\share\vm\runtime\sharedRuntime.cpp, line 605]
Event: 2.996 Thread 0x0000000019091000 Exception <a 'java/lang/ClassNotFoundException': groovy/lang/ExpandoMetaClassBeanInfo> (0x00000000e2698798) thrown at [D:\re\puppet\workspace\8-2-build-windows-amd64-cygwin\jdk8u73\6086\hotspot\src\share\vm\classfile\systemDictionary.cpp, line 210]
Event: 2.997 Thread 0x0000000019091000 Exception <a 'java/lang/ClassNotFoundException': groovy/lang/MetaClassImplBeanInfo> (0x00000000e26a3440) thrown at [D:\re\puppet\workspace\8-2-build-windows-amd64-cygwin\jdk8u73\6086\hotspot\src\share\vm\classfile\systemDictionary.cpp, line 210]
Event: 2.997 Thread 0x0000000019091000 Exception <a 'java/lang/ClassNotFoundException': java/lang/ObjectBeanInfo> (0x00000000e26a83c8) thrown at [D:\re\puppet\workspace\8-2-build-windows-amd64-cygwin\jdk8u73\6086\hotspot\src\share\vm\classfile\systemDictionary.cpp, line 210]
Event: 2.998 Thread 0x0000000019091000 Exception <a 'java/lang/ClassNotFoundException': java/lang/ObjectCustomizer> (0x00000000e26ad498) thrown at [D:\re\puppet\workspace\8-2-build-windows-amd64-cygwin\jdk8u73\6086\hotspot\src\share\vm\classfile\systemDictionary.cpp, line 210]
Event: 3.015 Thread 0x0000000019091000 Implicit null exception at 0x0000000002bd698d to 0x0000000002bd6ff1
Event: 3.015 Thread 0x0000000019091000 Exception <a 'java/lang/NullPointerException'> (0x00000000e0005f68) thrown at [D:\re\puppet\workspace\8-2-build-windows-amd64-cygwin\jdk8u73\6086\hotspot\src\share\vm\prims\jvm.cpp, line 1390]

Events (10 events):
Event: 3.015 loading class java/beans/GenericBeanInfo done
Event: 3.015 loading class groovy/lang/MetaClassImplCustomizer
Event: 3.015 loading class groovy/lang/MetaClassImplCustomizer done
Event: 3.015 Thread 0x0000000019091000 Uncommon trap: trap_request=0xfffffff6 fr.pc=0x0000000002bd7004
Event: 3.015 Thread 0x0000000019091000 DEOPT PACKING pc=0x0000000002bd7004 sp=0x000000001aab9a30
Event: 3.015 Thread 0x0000000019091000 DEOPT UNPACKING pc=0x000000000298582a sp=0x000000001aab9968 mode 2
Event: 3.018 loading class sun/reflect/generics/tree/TypeVariableSignature
Event: 3.018 loading class sun/reflect/generics/tree/TypeVariableSignature done
Event: 3.021 loading class groovy/lang/ExpandoMetaClassCustomizer
Event: 3.021 loading class groovy/lang/ExpandoMetaClassCustomizer done


Dynamic libraries:
0x000000013f860000 - 0x000000013f897000 	C:\Program Files\Java\jdk1.8.0_73\bin\java.exe
0x0000000077290000 - 0x000000007743a000 	C:\Windows\SYSTEM32\ntdll.dll
0x0000000077170000 - 0x000000007728f000 	C:\Windows\system32\kernel32.dll
0x000007fefd2d0000 - 0x000007fefd33a000 	C:\Windows\system32\KERNELBASE.dll
0x000007fefd560000 - 0x000007fefd63b000 	C:\Windows\system32\ADVAPI32.dll
0x000007feff480000 - 0x000007feff51f000 	C:\Windows\system32\msvcrt.dll
0x000007fefe6a0000 - 0x000007fefe6bf000 	C:\Windows\SYSTEM32\sechost.dll
0x000007fefec30000 - 0x000007fefed5d000 	C:\Windows\system32\RPCRT4.dll
0x0000000077070000 - 0x000000007716a000 	C:\Windows\system32\USER32.dll
0x000007fefee80000 - 0x000007fefeee7000 	C:\Windows\system32\GDI32.dll
0x000007feff470000 - 0x000007feff47e000 	C:\Windows\system32\LPK.dll
0x000007fefe9a0000 - 0x000007fefea6a000 	C:\Windows\system32\USP10.dll
0x000007fefb130000 - 0x000007fefb324000 	C:\Windows\WinSxS\amd64_microsoft.windows.common-controls_6595b64144ccf1df_6.0.7601.18837_none_fa3b1e3d17594757\COMCTL32.dll
0x000007fefed60000 - 0x000007fefedd1000 	C:\Windows\system32\SHLWAPI.dll
0x000007fefce00000 - 0x000007fefce57000 	C:\Windows\system32\apphelp.dll
0x000007fef3e50000 - 0x000007fef3ea1000 	C:\Windows\AppPatch\AppPatch64\AcGenral.DLL
0x000007fefcdd0000 - 0x000007fefcdf5000 	C:\Windows\system32\SspiCli.dll
0x000007feff230000 - 0x000007feff433000 	C:\Windows\system32\ole32.dll
0x000007fefd640000 - 0x000007fefe3ca000 	C:\Windows\system32\SHELL32.dll
0x00000000739c0000 - 0x00000000739c3000 	C:\Windows\system32\sfc.dll
0x000007fef6a50000 - 0x000007fef6a60000 	C:\Windows\system32\sfc_os.DLL
0x000007fefd350000 - 0x000007fefd36e000 	C:\Windows\system32\USERENV.dll
0x000007fefcfd0000 - 0x000007fefcfdf000 	C:\Windows\system32\profapi.dll
0x000007fefac70000 - 0x000007fefac88000 	C:\Windows\system32\dwmapi.dll
0x000007fef4db0000 - 0x000007fef4dc8000 	C:\Windows\system32\MPR.dll
0x000007fefec00000 - 0x000007fefec2e000 	C:\Windows\system32\IMM32.DLL
0x000007fefe7f0000 - 0x000007fefe8f9000 	C:\Windows\system32\MSCTF.dll
0x000000006e3d0000 - 0x000000006e4a2000 	C:\Program Files\Java\jdk1.8.0_73\jre\bin\msvcr100.dll
0x00000000547d0000 - 0x0000000055060000 	C:\Program Files\Java\jdk1.8.0_73\jre\bin\server\jvm.dll
0x000007fefa3e0000 - 0x000007fefa3e9000 	C:\Windows\system32\WSOCK32.dll
0x000007fefe6c0000 - 0x000007fefe70d000 	C:\Windows\system32\WS2_32.dll
0x000007feff460000 - 0x000007feff468000 	C:\Windows\system32\NSI.dll
0x000007fefa9d0000 - 0x000007fefaa0b000 	C:\Windows\system32\WINMM.dll
0x000007fefc060000 - 0x000007fefc06c000 	C:\Windows\system32\VERSION.dll
0x0000000077460000 - 0x0000000077467000 	C:\Windows\system32\PSAPI.DLL
0x00000000730b0000 - 0x00000000730bf000 	C:\Program Files\Java\jdk1.8.0_73\jre\bin\verify.dll
0x0000000073070000 - 0x0000000073099000 	C:\Program Files\Java\jdk1.8.0_73\jre\bin\java.dll
0x0000000073050000 - 0x0000000073066000 	C:\Program Files\Java\jdk1.8.0_73\jre\bin\zip.dll
0x0000000073030000 - 0x000000007304a000 	C:\Program Files\Java\jdk1.8.0_73\jre\bin\net.dll
0x000007fefc7a0000 - 0x000007fefc7f5000 	C:\Windows\system32\mswsock.dll
0x000007fefc790000 - 0x000007fefc797000 	C:\Windows\System32\wship6.dll
0x0000000073010000 - 0x0000000073021000 	C:\Program Files\Java\jdk1.8.0_73\jre\bin\nio.dll
0x000007fef3c90000 - 0x000007fef3ca2000 	C:\Users\Matt Bird\.gradle\native\19\windows-amd64\native-platform.dll
0x000007fefc800000 - 0x000007fefc818000 	C:\Windows\system32\CRYPTSP.dll
0x000007fefc500000 - 0x000007fefc547000 	C:\Windows\system32\rsaenh.dll
0x000007fefce60000 - 0x000007fefce6f000 	C:\Windows\system32\CRYPTBASE.dll
0x000007fefa390000 - 0x000007fefa3b7000 	C:\Windows\system32\IPHLPAPI.DLL
0x000007fefa380000 - 0x000007fefa38b000 	C:\Windows\system32\WINNSI.DLL
0x000007fef9580000 - 0x000007fef9598000 	C:\Windows\system32\dhcpcsvc.DLL
0x000007fef9560000 - 0x000007fef9571000 	C:\Windows\system32\dhcpcsvc6.DLL
0x0000000073000000 - 0x000000007300d000 	C:\Program Files\Java\jdk1.8.0_73\jre\bin\management.dll
0x000007fefa400000 - 0x000007fefa525000 	C:\Windows\system32\dbghelp.dll

VM Arguments:
jvm_args: -Xmx1536m -Dfile.encoding=windows-1252 -Duser.country=NZ -Duser.language=en -Duser.variant 
java_command: org.gradle.launcher.daemon.bootstrap.GradleDaemon 2.14.1
java_class_path (initial): C:\Program Files\Android\Android Studio\gradle\gradle-2.14.1\lib\gradle-launcher-2.14.1.jar
Launcher Type: SUN_STANDARD

Environment Variables:
JAVA_HOME=C:\Program Files\Java\jdk1.8.0_91
PATH=C:\ProgramData\Oracle\Java\javapath;C:\Program Files\Common Files\Microsoft Shared\Windows Live;C:\Program Files (x86)\Common Files\Microsoft Shared\Windows Live;C:\python27_x64\;C:\python27_x64\Scripts;C:\Windows\system32;C:\Windows;C:\Windows\System32\Wbem;C:\Windows\System32\WindowsPowerShell\v1.0\;C:\Program Files\Intel\WiFi\bin\;C:\Program Files\Common Files\Intel\WirelessCommon\;C:\Program Files (x86)\Intel\OpenCL SDK\3.0\bin\x86;C:\Program Files (x86)\Intel\OpenCL SDK\3.0\bin\x64;C:\Program Files (x86)\Google\Cloud SDK\google-cloud-sdk\bin;C:\Program Files (x86)\Autodesk\Backburner\;C:\Program Files (x86)\Windows Live\Shared;C:\Program Files (x86)\Windows Kits\8.1\Windows Performance Toolkit\;C:\Program Files\nodejs\;C:\Matt\Programs\Code\AndroidSDK\platform-tools\;C:\Program Files (x86)\Skype\Phone\;C:\Program Files\Intel\WiFi\bin\;C:\Program Files\Common Files\Intel\WirelessCommon\;C:\Users\Matt Bird\AppData\Roaming\npm
USERNAME=Matt Bird
OS=Windows_NT
PROCESSOR_IDENTIFIER=Intel64 Family 6 Model 58 Stepping 9, GenuineIntel



---------------  S Y S T E M  ---------------

OS: Windows 7 , 64 bit Build 7601 (6.1.7601.23539)

CPU:total 4 (2 cores per cpu, 2 threads per core) family 6 model 58 stepping 9, cmov, cx8, fxsr, mmx, sse, sse2, sse3, ssse3, sse4.1, sse4.2, popcnt, avx, aes, clmul, erms, ht, tsc, tscinvbit, tscinv

Memory: 4k page, physical 10203112k(3154528k free), swap 11029000k(2579264k free)

vm_info: Java HotSpot(TM) 64-Bit Server VM (25.73-b02) for windows-amd64 JRE (1.8.0_73-b02), built on Jan 29 2016 17:38:49 by "java_re" with MS VC++ 10.0 (VS2010)

time: Sat Feb 18 02:03:10 2017
elapsed time: 3 seconds (0d 0h 0m 3s)

